#
# There is insufficient memory for the Java Runtime Environment to continue.
# Native memory allocation (malloc) failed to allocate 1486736 bytes for Chunk::new
# Possible reasons:
#   The system is out of physical RAM or swap space
#   The process is running with CompressedOops enabled, and the Java Heap may be blocking the growth of the native heap
# Possible solutions:
#   Reduce memory load on the system
#   Increase physical memory or swap space
#   Check if swap backing store is full
#   Decrease Java heap size (-Xmx/-Xms)
#   Decrease number of Java threads
#   Decrease Java thread stack sizes (-Xss)
#   Set larger code cache with -XX:ReservedCodeCacheSize=
#   JVM is running with Unscaled Compressed Oops mode in which the Java heap is
#     placed in the first 4GB address space. The Java Heap base address is the
#     maximum limit for the native heap growth. Please use -XX:HeapBaseMinAddress
#     to set the Java Heap base and to place the Java Heap above 4GB virtual address.
# This output file may be truncated or incomplete.
#
#  Out of Memory Error (./src/hotspot/share/memory/arena.cpp:197), pid=9964, tid=10916
#
# JRE version: OpenJDK Runtime Environment (11.0.10) (build 11.0.10+0-b96-7249189)
# Java VM: OpenJDK 64-Bit Server VM (11.0.10+0-b96-7249189, mixed mode, tiered, compressed oops, g1 gc, windows-amd64)
# No core dump will be written. Minidumps are not enabled by default on client versions of Windows
#

---------------  S U M M A R Y ------------

Command Line: --add-opens=java.base/java.util=ALL-UNNAMED --add-opens=java.base/java.lang=ALL-UNNAMED --add-opens=java.base/java.lang.invoke=ALL-UNNAMED --add-opens=java.base/java.util=ALL-UNNAMED --add-opens=java.prefs/java.util.prefs=ALL-UNNAMED --add-opens=java.prefs/java.util.prefs=ALL-UNNAMED --add-opens=java.base/java.nio.charset=ALL-UNNAMED --add-opens=java.base/java.net=ALL-UNNAMED --add-opens=java.base/java.util.concurrent.atomic=ALL-UNNAMED -Xmx2048m -Dfile.encoding=UTF-8 -Duser.country=IN -Duser.language=en -Duser.variant org.gradle.launcher.daemon.bootstrap.GradleDaemon 7.0.2

Host: Intel(R) Core(TM) i5-8265U CPU @ 1.60GHz, 8 cores, 5G,  Windows 10 , 64 bit Build 19041 (10.0.19041.1202)
Time: Sun Oct 17 18:44:39 2021 India Standard Time elapsed time: 45.296539 seconds (0d 0h 0m 45s)

---------------  T H R E A D  ---------------

Current thread (0x0000022f19b52800):  JavaThread "C2 CompilerThread0" daemon [_thread_in_native, id=10916, stack(0x0000007583300000,0x0000007583400000)]


Current CompileTask:
C2:  45296 12318       4       jdk.internal.org.objectweb.asm.Frame::execute (2264 bytes)

Stack: [0x0000007583300000,0x0000007583400000]
Native frames: (J=compiled Java code, j=interpreted, Vv=VM code, C=native code)
V  [jvm.dll+0x5ecfaa]
V  [jvm.dll+0x722bd5]
V  [jvm.dll+0x72412d]
V  [jvm.dll+0x7247e3]
V  [jvm.dll+0x242928]
V  [jvm.dll+0xbc4fc]
V  [jvm.dll+0xbca0c]
V  [jvm.dll+0x352d7d]
V  [jvm.dll+0x320ad3]
V  [jvm.dll+0x31ffca]
V  [jvm.dll+0x1fb602]
V  [jvm.dll+0x1fa7f4]
V  [jvm.dll+0x18354c]
V  [jvm.dll+0x208ee7]
V  [jvm.dll+0x207731]
V  [jvm.dll+0x6eb1cf]
V  [jvm.dll+0x6e3d45]
V  [jvm.dll+0x5ebe96]
C  [ucrtbase.dll+0x21bb2]
C  [KERNEL32.DLL+0x17034]
C  [ntdll.dll+0x52651]


---------------  P R O C E S S  ---------------

Threads class SMR info:
_java_thread_list=0x0000022f1d06cee0, length=72, elements={
0x0000022f7d70a800, 0x0000022f19b38800, 0x0000022f19b3c000, 0x0000022f1a4d3800,
0x0000022f19b4d800, 0x0000022f19b4f800, 0x0000022f19b52800, 0x0000022f19b55800,
0x0000022f19b65000, 0x0000022f1a605000, 0x0000022f1c716800, 0x0000022f1b6ab800,
0x0000022f1b0bb000, 0x0000022f1b955000, 0x0000022f1c5c3800, 0x0000022f1ae2a000,
0x0000022f1aee8000, 0x0000022f1b3c9000, 0x0000022f1a571800, 0x0000022f1b1fc000,
0x0000022f1b200000, 0x0000022f1b1fd000, 0x0000022f1b1fe000, 0x0000022f1b1fe800,
0x0000022f1b1ff800, 0x0000022f1b1fa800, 0x0000022f1b1fb800, 0x0000022f1b201000,
0x0000022f1e474800, 0x0000022f1e473000, 0x0000022f1e477000, 0x0000022f1e471000,
0x0000022f1e477800, 0x0000022f1e476000, 0x0000022f1e472000, 0x0000022f1e47a000,
0x0000022f1e478800, 0x0000022f1e479800, 0x0000022f1e47b000, 0x0000022f1e475800,
0x0000022f1e47e000, 0x0000022f1e47c000, 0x0000022f1e47f000, 0x0000022f1e47c800,
0x0000022f1e47d800, 0x0000022f1f07a000, 0x0000022f1f07c000, 0x0000022f1f07c800,
0x0000022f1f07e800, 0x0000022f1f07f000, 0x0000022f1f080000, 0x0000022f1f081000,
0x0000022f1f07b000, 0x0000022f1f07d800, 0x0000022f229e6800, 0x0000022f229e5800,
0x0000022f229e7800, 0x0000022f229e4000, 0x0000022f229e5000, 0x0000022f229e8000,
0x0000022f229e9000, 0x0000022f229e3000, 0x0000022f229ee800, 0x0000022f229e9800,
0x0000022f229f0000, 0x0000022f229ef800, 0x0000022f229ea800, 0x0000022f229eb800,
0x0000022f229ed000, 0x0000022f229f1000, 0x0000022f229f2000, 0x0000022f229ec000
}

Java Threads: ( => current thread )
  0x0000022f7d70a800 JavaThread "main" [_thread_blocked, id=7952, stack(0x0000007582700000,0x0000007582800000)]
  0x0000022f19b38800 JavaThread "Reference Handler" daemon [_thread_blocked, id=9460, stack(0x0000007582e00000,0x0000007582f00000)]
  0x0000022f19b3c000 JavaThread "Finalizer" daemon [_thread_blocked, id=19904, stack(0x0000007582f00000,0x0000007583000000)]
  0x0000022f1a4d3800 JavaThread "Signal Dispatcher" daemon [_thread_blocked, id=19360, stack(0x0000007583000000,0x0000007583100000)]
  0x0000022f19b4d800 JavaThread "Attach Listener" daemon [_thread_blocked, id=6016, stack(0x0000007583100000,0x0000007583200000)]
  0x0000022f19b4f800 JavaThread "Service Thread" daemon [_thread_blocked, id=12516, stack(0x0000007583200000,0x0000007583300000)]
=>0x0000022f19b52800 JavaThread "C2 CompilerThread0" daemon [_thread_in_native, id=10916, stack(0x0000007583300000,0x0000007583400000)]
  0x0000022f19b55800 JavaThread "C1 CompilerThread0" daemon [_thread_blocked, id=16880, stack(0x0000007583400000,0x0000007583500000)]
  0x0000022f19b65000 JavaThread "Sweeper thread" daemon [_thread_blocked, id=1800, stack(0x0000007583500000,0x0000007583600000)]
  0x0000022f1a605000 JavaThread "Common-Cleaner" daemon [_thread_blocked, id=22352, stack(0x0000007583600000,0x0000007583700000)]
  0x0000022f1c716800 JavaThread "Daemon health stats" [_thread_blocked, id=7360, stack(0x0000007583900000,0x0000007583a00000)]
  0x0000022f1b6ab800 JavaThread "Incoming local TCP Connector on port 54370" [_thread_in_native, id=10388, stack(0x0000007583f00000,0x0000007584000000)]
  0x0000022f1b0bb000 JavaThread "Daemon periodic checks" [_thread_blocked, id=17972, stack(0x0000007584000000,0x0000007584100000)]
  0x0000022f1b955000 JavaThread "Daemon" [_thread_blocked, id=21168, stack(0x0000007584100000,0x0000007584200000)]
  0x0000022f1c5c3800 JavaThread "Handler for socket connection from /127.0.0.1:54370 to /127.0.0.1:54371" [_thread_in_native, id=20984, stack(0x0000007584200000,0x0000007584300000)]
  0x0000022f1ae2a000 JavaThread "Cancel handler" [_thread_blocked, id=18324, stack(0x0000007584300000,0x0000007584400000)]
  0x0000022f1aee8000 JavaThread "Daemon worker" [_thread_blocked, id=18140, stack(0x0000007584400000,0x0000007584500000)]
  0x0000022f1b3c9000 JavaThread "Asynchronous log dispatcher for DefaultDaemonConnection: socket connection from /127.0.0.1:54370 to /127.0.0.1:54371" [_thread_blocked, id=21624, stack(0x0000007584500000,0x0000007584600000)]
  0x0000022f1a571800 JavaThread "Stdin handler" [_thread_blocked, id=16224, stack(0x0000007584600000,0x0000007584700000)]
  0x0000022f1b1fc000 JavaThread "Daemon client event forwarder" [_thread_in_native, id=18312, stack(0x0000007584700000,0x0000007584800000)]
  0x0000022f1b200000 JavaThread "Cache worker for file hash cache (C:\Users\JOY\.gradle\caches\7.0.2\fileHashes)" [_thread_blocked, id=18272, stack(0x0000007584c00000,0x0000007584d00000)]
  0x0000022f1b1fd000 JavaThread "File lock request listener" [_thread_in_native, id=10824, stack(0x0000007584d00000,0x0000007584e00000)]
  0x0000022f1b1fe000 JavaThread "Cache worker for journal cache (C:\Users\JOY\.gradle\caches\journal-1)" [_thread_blocked, id=16816, stack(0x0000007584f00000,0x0000007585000000)]
  0x0000022f1b1fe800 JavaThread "Cache worker for file hash cache (C:\Users\JOY\AndroidStudioProjects\BasicBankingSystem\.gradle\7.0.2\fileHashes)" [_thread_blocked, id=20852, stack(0x0000007585000000,0x0000007585100000)]
  0x0000022f1b1ff800 JavaThread "File watcher server" daemon [_thread_in_native, id=21416, stack(0x0000007585100000,0x0000007585200000)]
  0x0000022f1b1fa800 JavaThread "File watcher consumer" daemon [_thread_blocked, id=14668, stack(0x0000007585200000,0x0000007585300000)]
  0x0000022f1b1fb800 JavaThread "Cache worker for checksums cache (C:\Users\JOY\AndroidStudioProjects\BasicBankingSystem\.gradle\checksums)" [_thread_blocked, id=10340, stack(0x0000007585300000,0x0000007585400000)]
  0x0000022f1b201000 JavaThread "Cache worker for cache directory md-supplier (C:\Users\JOY\.gradle\caches\7.0.2\md-supplier)" [_thread_blocked, id=12484, stack(0x0000007585400000,0x0000007585500000)]
  0x0000022f1e474800 JavaThread "Cache worker for cache directory md-rule (C:\Users\JOY\.gradle\caches\7.0.2\md-rule)" [_thread_blocked, id=1756, stack(0x0000007585500000,0x0000007585600000)]
  0x0000022f1e473000 JavaThread "Cache worker for execution history cache (C:\Users\JOY\.gradle\caches\7.0.2\executionHistory)" [_thread_blocked, id=21008, stack(0x0000007585600000,0x0000007585700000)]
  0x0000022f1e477000 JavaThread "jar transforms" [_thread_blocked, id=18188, stack(0x0000007585700000,0x0000007585800000)]
  0x0000022f1e471000 JavaThread "jar transforms Thread 2" [_thread_blocked, id=21944, stack(0x0000007585800000,0x0000007585900000)]
  0x0000022f1e477800 JavaThread "Cache worker for file content cache (C:\Users\JOY\.gradle\caches\7.0.2\fileContent)" [_thread_blocked, id=20672, stack(0x0000007585900000,0x0000007585a00000)]
  0x0000022f1e476000 JavaThread "Cache worker for dependencies-accessors (C:\Users\JOY\AndroidStudioProjects\BasicBankingSystem\.gradle\7.0.2\dependencies-accessors)" [_thread_blocked, id=6496, stack(0x0000007585a00000,0x0000007585b00000)]
  0x0000022f1e472000 JavaThread "jar transforms Thread 3" [_thread_blocked, id=2556, stack(0x0000007585b00000,0x0000007585c00000)]
  0x0000022f1e47a000 JavaThread "Cache worker for Build Output Cleanup Cache (C:\Users\JOY\AndroidStudioProjects\BasicBankingSystem\.gradle\buildOutputCleanup)" [_thread_blocked, id=8684, stack(0x0000007585c00000,0x0000007585d00000)]
  0x0000022f1e478800 JavaThread "Build operations" [_thread_blocked, id=21484, stack(0x0000007585d00000,0x0000007585e00000)]
  0x0000022f1e479800 JavaThread "Build operations Thread 2" [_thread_blocked, id=15392, stack(0x0000007585e00000,0x0000007585f00000)]
  0x0000022f1e47b000 JavaThread "Build operations Thread 3" [_thread_blocked, id=20888, stack(0x0000007585f00000,0x0000007586000000)]
  0x0000022f1e475800 JavaThread "Build operations Thread 4" [_thread_blocked, id=4364, stack(0x0000007586000000,0x0000007586100000)]
  0x0000022f1e47e000 JavaThread "Build operations Thread 5" [_thread_blocked, id=3316, stack(0x0000007586100000,0x0000007586200000)]
  0x0000022f1e47c000 JavaThread "Build operations Thread 6" [_thread_blocked, id=17604, stack(0x0000007586200000,0x0000007586300000)]
  0x0000022f1e47f000 JavaThread "Build operations Thread 7" [_thread_blocked, id=10072, stack(0x0000007586300000,0x0000007586400000)]
  0x0000022f1e47c800 JavaThread "Build operations Thread 8" [_thread_blocked, id=11920, stack(0x0000007586400000,0x0000007586500000)]
  0x0000022f1e47d800 JavaThread "jar transforms Thread 4" [_thread_blocked, id=18648, stack(0x0000007586500000,0x0000007586600000)]
  0x0000022f1f07a000 JavaThread "jar transforms Thread 5" [_thread_blocked, id=3688, stack(0x0000007586600000,0x0000007586700000)]
  0x0000022f1f07c000 JavaThread "jar transforms Thread 6" [_thread_blocked, id=4920, stack(0x0000007586700000,0x0000007586800000)]
  0x0000022f1f07c800 JavaThread "jar transforms Thread 7" [_thread_blocked, id=10776, stack(0x0000007586800000,0x0000007586900000)]
  0x0000022f1f07e800 JavaThread "jar transforms Thread 8" [_thread_blocked, id=12136, stack(0x0000007586900000,0x0000007586a00000)]
  0x0000022f1f07f000 JavaThread "Memory manager" [_thread_blocked, id=21048, stack(0x0000007586a00000,0x0000007586b00000)]
  0x0000022f1f080000 JavaThread "build event listener" [_thread_blocked, id=18316, stack(0x0000007586b00000,0x0000007586c00000)]
  0x0000022f1f081000 JavaThread "Execution worker for ':'" [_thread_blocked, id=12724, stack(0x0000007586c00000,0x0000007586d00000)]
  0x0000022f1f07b000 JavaThread "Execution worker for ':' Thread 2" [_thread_blocked, id=19772, stack(0x0000007586d00000,0x0000007586e00000)]
  0x0000022f1f07d800 JavaThread "Execution worker for ':' Thread 3" [_thread_blocked, id=14856, stack(0x0000007586e00000,0x0000007586f00000)]
  0x0000022f229e6800 JavaThread "Execution worker for ':' Thread 4" [_thread_blocked, id=21788, stack(0x0000007586f00000,0x0000007587000000)]
  0x0000022f229e5800 JavaThread "Execution worker for ':' Thread 5" [_thread_blocked, id=1232, stack(0x0000007587000000,0x0000007587100000)]
  0x0000022f229e7800 JavaThread "Execution worker for ':' Thread 6" [_thread_blocked, id=19780, stack(0x0000007587100000,0x0000007587200000)]
  0x0000022f229e4000 JavaThread "Execution worker for ':' Thread 7" [_thread_blocked, id=10928, stack(0x0000007587200000,0x0000007587300000)]
  0x0000022f229e5000 JavaThread "Cache worker for execution history cache (C:\Users\JOY\AndroidStudioProjects\BasicBankingSystem\.gradle\7.0.2\executionHistory)" [_thread_blocked, id=14388, stack(0x0000007587300000,0x0000007587400000)]
  0x0000022f229e8000 JavaThread "Cache worker for Java compile cache (C:\Users\JOY\.gradle\caches\7.0.2\javaCompile)" [_thread_blocked, id=11112, stack(0x0000007587400000,0x0000007587500000)]
  0x0000022f229e9000 JavaThread "Cache worker for Java compile cache (C:\Users\JOY\AndroidStudioProjects\BasicBankingSystem\.gradle\7.0.2\javaCompile)" [_thread_blocked, id=21088, stack(0x0000007587500000,0x0000007587600000)]
  0x0000022f229e3000 JavaThread "pool-3-thread-1" [_thread_blocked, id=21940, stack(0x0000007587800000,0x0000007587900000)]
  0x0000022f229ee800 JavaThread "pool-3-thread-2" [_thread_blocked, id=21508, stack(0x0000007587900000,0x0000007587a00000)]
  0x0000022f229e9800 JavaThread "WorkerExecutor Queue" [_thread_blocked, id=16200, stack(0x0000007587a00000,0x0000007587b00000)]
  0x0000022f229f0000 JavaThread "WorkerExecutor Queue Thread 2" [_thread_blocked, id=21952, stack(0x0000007587b00000,0x0000007587c00000)]
  0x0000022f229ef800 JavaThread "WorkerExecutor Queue Thread 3" [_thread_blocked, id=2992, stack(0x0000007587c00000,0x0000007587d00000)]
  0x0000022f229ea800 JavaThread "WorkerExecutor Queue Thread 4" [_thread_blocked, id=2688, stack(0x0000007587d00000,0x0000007587e00000)]
  0x0000022f229eb800 JavaThread "WorkerExecutor Queue Thread 5" [_thread_blocked, id=3336, stack(0x0000007587e00000,0x0000007587f00000)]
  0x0000022f229ed000 JavaThread "WorkerExecutor Queue Thread 6" [_thread_blocked, id=9316, stack(0x0000007587f00000,0x0000007588000000)]
  0x0000022f229f1000 JavaThread "WorkerExecutor Queue Thread 7" [_thread_in_native, id=19388, stack(0x0000007588000000,0x0000007588100000)]
  0x0000022f229f2000 JavaThread "WorkerExecutor Queue Thread 8" [_thread_blocked, id=13776, stack(0x0000007588100000,0x0000007588200000)]
  0x0000022f229ec000 JavaThread "WorkerExecutor Queue Thread 9" [_thread_blocked, id=22028, stack(0x0000007588200000,0x0000007588300000)]

Other Threads:
  0x0000022f19b34000 VMThread "VM Thread" [stack: 0x0000007582d00000,0x0000007582e00000] [id=9112]
  0x0000022f1a616000 WatcherThread [stack: 0x0000007583700000,0x0000007583800000] [id=3804]
  0x0000022f7d724000 GCTaskThread "GC Thread#0" [stack: 0x0000007582800000,0x0000007582900000] [id=17140]
  0x0000022f1b2aa800 GCTaskThread "GC Thread#1" [stack: 0x0000007583800000,0x0000007583900000] [id=2996]
  0x0000022f1b621000 GCTaskThread "GC Thread#2" [stack: 0x0000007583a00000,0x0000007583b00000] [id=3200]
  0x0000022f1c6c0000 GCTaskThread "GC Thread#3" [stack: 0x0000007583b00000,0x0000007583c00000] [id=22384]
  0x0000022f1b419800 GCTaskThread "GC Thread#4" [stack: 0x0000007584800000,0x0000007584900000] [id=11332]
  0x0000022f1a694000 GCTaskThread "GC Thread#5" [stack: 0x0000007584900000,0x0000007584a00000] [id=11444]
  0x0000022f1a696800 GCTaskThread "GC Thread#6" [stack: 0x0000007584a00000,0x0000007584b00000] [id=17644]
  0x0000022f1b209800 GCTaskThread "GC Thread#7" [stack: 0x0000007584b00000,0x0000007584c00000] [id=3432]
  0x0000022f7d75a800 ConcurrentGCThread "G1 Main Marker" [stack: 0x0000007582900000,0x0000007582a00000] [id=1992]
  0x0000022f7d75c000 ConcurrentGCThread "G1 Conc#0" [stack: 0x0000007582a00000,0x0000007582b00000] [id=14492]
  0x0000022f1b107800 ConcurrentGCThread "G1 Conc#1" [stack: 0x0000007584e00000,0x0000007584f00000] [id=19104]
  0x0000022f7d7e3000 ConcurrentGCThread "G1 Refine#0" [stack: 0x0000007582b00000,0x0000007582c00000] [id=20420]
  0x0000022f1b54c000 ConcurrentGCThread "G1 Refine#1" [stack: 0x0000007583c00000,0x0000007583d00000] [id=13164]
  0x0000022f1bc4a800 ConcurrentGCThread "G1 Refine#2" [stack: 0x0000007583d00000,0x0000007583e00000] [id=18900]
  0x0000022f1be2f000 ConcurrentGCThread "G1 Refine#3" [stack: 0x0000007583e00000,0x0000007583f00000] [id=2624]
  0x0000022f7d7e4000 ConcurrentGCThread "G1 Young RemSet Sampling" [stack: 0x0000007582c00000,0x0000007582d00000] [id=21904]

Threads with active compile tasks:
C2 CompilerThread0  45396 12318       4       jdk.internal.org.objectweb.asm.Frame::execute (2264 bytes)

VM state:not at safepoint (normal execution)

VM Mutex/Monitor currently owned by a thread: None

Heap address: 0x0000000080000000, size: 2048 MB, Compressed Oops mode: 32-bit
Narrow klass base: 0x0000000000000000, Narrow klass shift: 3
Compressed class space size: 1073741824 Address: 0x0000000100000000

Heap:
 garbage-first heap   total 139264K, used 95197K [0x0000000080000000, 0x0000000100000000)
  region size 1024K, 11 young (11264K), 2 survivors (2048K)
 Metaspace       used 107143K, capacity 110278K, committed 110592K, reserved 1144832K
  class space    used 14011K, capacity 15233K, committed 15360K, reserved 1048576K
Heap Regions: E=young(eden), S=young(survivor), O=old, HS=humongous(starts), HC=humongous(continues), CS=collection set, F=free, A=archive, TAMS=top-at-mark-start (previous, next)
|   0|0x0000000080000000, 0x0000000080100000, 0x0000000080100000|100%| O|  |TAMS 0x0000000080100000, 0x0000000080100000| Untracked 
|   1|0x0000000080100000, 0x0000000080200000, 0x0000000080200000|100%| O|  |TAMS 0x0000000080200000, 0x0000000080200000| Untracked 
|   2|0x0000000080200000, 0x0000000080300000, 0x0000000080300000|100%| O|  |TAMS 0x0000000080300000, 0x0000000080300000| Untracked 
|   3|0x0000000080300000, 0x0000000080400000, 0x0000000080400000|100%|HS|  |TAMS 0x0000000080400000, 0x0000000080400000| Complete 
|   4|0x0000000080400000, 0x0000000080500000, 0x0000000080500000|100%|HC|  |TAMS 0x0000000080500000, 0x0000000080500000| Complete 
|   5|0x0000000080500000, 0x0000000080600000, 0x0000000080600000|100%|HC|  |TAMS 0x0000000080600000, 0x0000000080600000| Complete 
|   6|0x0000000080600000, 0x0000000080700000, 0x0000000080700000|100%| O|  |TAMS 0x0000000080700000, 0x0000000080700000| Untracked 
|   7|0x0000000080700000, 0x0000000080800000, 0x0000000080800000|100%| O|  |TAMS 0x0000000080800000, 0x0000000080800000| Untracked 
|   8|0x0000000080800000, 0x0000000080900000, 0x0000000080900000|100%| O|  |TAMS 0x0000000080900000, 0x0000000080900000| Untracked 
|   9|0x0000000080900000, 0x0000000080a00000, 0x0000000080a00000|100%| O|  |TAMS 0x0000000080a00000, 0x0000000080a00000| Untracked 
|  10|0x0000000080a00000, 0x0000000080b00000, 0x0000000080b00000|100%| O|  |TAMS 0x0000000080b00000, 0x0000000080b00000| Untracked 
|  11|0x0000000080b00000, 0x0000000080c00000, 0x0000000080c00000|100%| O|  |TAMS 0x0000000080c00000, 0x0000000080c00000| Untracked 
|  12|0x0000000080c00000, 0x0000000080d00000, 0x0000000080d00000|100%| O|  |TAMS 0x0000000080d00000, 0x0000000080d00000| Untracked 
|  13|0x0000000080d00000, 0x0000000080e00000, 0x0000000080e00000|100%| O|  |TAMS 0x0000000080e00000, 0x0000000080e00000| Untracked 
|  14|0x0000000080e00000, 0x0000000080f00000, 0x0000000080f00000|100%| O|  |TAMS 0x0000000080f00000, 0x0000000080f00000| Untracked 
|  15|0x0000000080f00000, 0x0000000081000000, 0x0000000081000000|100%| O|  |TAMS 0x0000000081000000, 0x0000000081000000| Untracked 
|  16|0x0000000081000000, 0x0000000081100000, 0x0000000081100000|100%| O|  |TAMS 0x0000000081100000, 0x0000000081100000| Untracked 
|  17|0x0000000081100000, 0x0000000081200000, 0x0000000081200000|100%| O|  |TAMS 0x0000000081200000, 0x0000000081200000| Untracked 
|  18|0x0000000081200000, 0x0000000081300000, 0x0000000081300000|100%| O|  |TAMS 0x0000000081300000, 0x0000000081300000| Untracked 
|  19|0x0000000081300000, 0x0000000081400000, 0x0000000081400000|100%| O|  |TAMS 0x0000000081400000, 0x0000000081400000| Untracked 
|  20|0x0000000081400000, 0x0000000081500000, 0x0000000081500000|100%| O|  |TAMS 0x0000000081500000, 0x0000000081500000| Untracked 
|  21|0x0000000081500000, 0x0000000081600000, 0x0000000081600000|100%| O|  |TAMS 0x0000000081600000, 0x0000000081600000| Untracked 
|  22|0x0000000081600000, 0x0000000081700000, 0x0000000081700000|100%| O|  |TAMS 0x0000000081700000, 0x0000000081700000| Untracked 
|  23|0x0000000081700000, 0x0000000081800000, 0x0000000081800000|100%| O|  |TAMS 0x0000000081800000, 0x0000000081800000| Untracked 
|  24|0x0000000081800000, 0x0000000081900000, 0x0000000081900000|100%|HS|  |TAMS 0x0000000081900000, 0x0000000081900000| Complete 
|  25|0x0000000081900000, 0x0000000081a00000, 0x0000000081a00000|100%| O|  |TAMS 0x0000000081a00000, 0x0000000081a00000| Untracked 
|  26|0x0000000081a00000, 0x0000000081b00000, 0x0000000081b00000|100%| O|  |TAMS 0x0000000081b00000, 0x0000000081b00000| Untracked 
|  27|0x0000000081b00000, 0x0000000081c00000, 0x0000000081c00000|100%| O|  |TAMS 0x0000000081c00000, 0x0000000081c00000| Untracked 
|  28|0x0000000081c00000, 0x0000000081d00000, 0x0000000081d00000|100%|HS|  |TAMS 0x0000000081d00000, 0x0000000081d00000| Complete 
|  29|0x0000000081d00000, 0x0000000081e00000, 0x0000000081e00000|100%|HS|  |TAMS 0x0000000081e00000, 0x0000000081e00000| Complete 
|  30|0x0000000081e00000, 0x0000000081f00000, 0x0000000081f00000|100%|HC|  |TAMS 0x0000000081f00000, 0x0000000081f00000| Complete 
|  31|0x0000000081f00000, 0x0000000082000000, 0x0000000082000000|100%| O|  |TAMS 0x0000000082000000, 0x0000000082000000| Untracked 
|  32|0x0000000082000000, 0x0000000082100000, 0x0000000082100000|100%| O|  |TAMS 0x0000000082100000, 0x0000000082100000| Untracked 
|  33|0x0000000082100000, 0x0000000082200000, 0x0000000082200000|100%| O|  |TAMS 0x0000000082200000, 0x0000000082200000| Untracked 
|  34|0x0000000082200000, 0x0000000082300000, 0x0000000082300000|100%| O|  |TAMS 0x0000000082300000, 0x0000000082300000| Untracked 
|  35|0x0000000082300000, 0x0000000082400000, 0x0000000082400000|100%| O|  |TAMS 0x0000000082400000, 0x0000000082400000| Untracked 
|  36|0x0000000082400000, 0x0000000082500000, 0x0000000082500000|100%| O|  |TAMS 0x0000000082500000, 0x0000000082500000| Untracked 
|  37|0x0000000082500000, 0x0000000082600000, 0x0000000082600000|100%| O|  |TAMS 0x0000000082600000, 0x0000000082600000| Untracked 
|  38|0x0000000082600000, 0x0000000082700000, 0x0000000082700000|100%| O|  |TAMS 0x0000000082700000, 0x0000000082700000| Untracked 
|  39|0x0000000082700000, 0x0000000082800000, 0x0000000082800000|100%| O|  |TAMS 0x0000000082800000, 0x0000000082800000| Untracked 
|  40|0x0000000082800000, 0x0000000082900000, 0x0000000082900000|100%| O|  |TAMS 0x0000000082900000, 0x0000000082900000| Untracked 
|  41|0x0000000082900000, 0x0000000082a00000, 0x0000000082a00000|100%| O|  |TAMS 0x0000000082a00000, 0x0000000082a00000| Untracked 
|  42|0x0000000082a00000, 0x0000000082b00000, 0x0000000082b00000|100%| O|  |TAMS 0x0000000082b00000, 0x0000000082b00000| Untracked 
|  43|0x0000000082b00000, 0x0000000082c00000, 0x0000000082c00000|100%| O|  |TAMS 0x0000000082c00000, 0x0000000082c00000| Untracked 
|  44|0x0000000082c00000, 0x0000000082d00000, 0x0000000082d00000|100%| O|  |TAMS 0x0000000082d00000, 0x0000000082d00000| Untracked 
|  45|0x0000000082d00000, 0x0000000082e00000, 0x0000000082e00000|100%| O|  |TAMS 0x0000000082e00000, 0x0000000082e00000| Untracked 
|  46|0x0000000082e00000, 0x0000000082f00000, 0x0000000082f00000|100%| O|  |TAMS 0x0000000082f00000, 0x0000000082f00000| Untracked 
|  47|0x0000000082f00000, 0x0000000083000000, 0x0000000083000000|100%| O|  |TAMS 0x0000000083000000, 0x0000000083000000| Untracked 
|  48|0x0000000083000000, 0x0000000083100000, 0x0000000083100000|100%| O|  |TAMS 0x0000000083100000, 0x0000000083100000| Untracked 
|  49|0x0000000083100000, 0x0000000083200000, 0x0000000083200000|100%| O|  |TAMS 0x0000000083200000, 0x0000000083200000| Untracked 
|  50|0x0000000083200000, 0x0000000083300000, 0x0000000083300000|100%| O|  |TAMS 0x0000000083300000, 0x0000000083300000| Untracked 
|  51|0x0000000083300000, 0x0000000083400000, 0x0000000083400000|100%| O|  |TAMS 0x0000000083400000, 0x0000000083400000| Untracked 
|  52|0x0000000083400000, 0x0000000083500000, 0x0000000083500000|100%| O|  |TAMS 0x0000000083500000, 0x0000000083500000| Untracked 
|  53|0x0000000083500000, 0x0000000083600000, 0x0000000083600000|100%| O|  |TAMS 0x0000000083600000, 0x0000000083600000| Untracked 
|  54|0x0000000083600000, 0x0000000083700000, 0x0000000083700000|100%| O|  |TAMS 0x0000000083700000, 0x0000000083700000| Untracked 
|  55|0x0000000083700000, 0x0000000083800000, 0x0000000083800000|100%| O|  |TAMS 0x0000000083800000, 0x0000000083800000| Untracked 
|  56|0x0000000083800000, 0x0000000083900000, 0x0000000083900000|100%| O|  |TAMS 0x0000000083900000, 0x0000000083900000| Untracked 
|  57|0x0000000083900000, 0x0000000083a00000, 0x0000000083a00000|100%| O|  |TAMS 0x0000000083a00000, 0x0000000083a00000| Untracked 
|  58|0x0000000083a00000, 0x0000000083b00000, 0x0000000083b00000|100%| O|  |TAMS 0x0000000083b00000, 0x0000000083b00000| Untracked 
|  59|0x0000000083b00000, 0x0000000083c00000, 0x0000000083c00000|100%| O|  |TAMS 0x0000000083c00000, 0x0000000083c00000| Untracked 
|  60|0x0000000083c00000, 0x0000000083d00000, 0x0000000083d00000|100%| O|  |TAMS 0x0000000083d00000, 0x0000000083d00000| Untracked 
|  61|0x0000000083d00000, 0x0000000083e00000, 0x0000000083e00000|100%| O|  |TAMS 0x0000000083e00000, 0x0000000083e00000| Untracked 
|  62|0x0000000083e00000, 0x0000000083f00000, 0x0000000083f00000|100%| O|  |TAMS 0x0000000083f00000, 0x0000000083f00000| Untracked 
|  63|0x0000000083f00000, 0x0000000084000000, 0x0000000084000000|100%| O|  |TAMS 0x0000000084000000, 0x0000000084000000| Untracked 
|  64|0x0000000084000000, 0x0000000084100000, 0x0000000084100000|100%| O|  |TAMS 0x0000000084100000, 0x0000000084100000| Untracked 
|  65|0x0000000084100000, 0x0000000084200000, 0x0000000084200000|100%| O|  |TAMS 0x0000000084200000, 0x0000000084200000| Untracked 
|  66|0x0000000084200000, 0x0000000084300000, 0x0000000084300000|100%| O|  |TAMS 0x0000000084300000, 0x0000000084300000| Untracked 
|  67|0x0000000084300000, 0x0000000084400000, 0x0000000084400000|100%| O|  |TAMS 0x0000000084400000, 0x0000000084400000| Untracked 
|  68|0x0000000084400000, 0x0000000084500000, 0x0000000084500000|100%| O|  |TAMS 0x0000000084500000, 0x0000000084500000| Untracked 
|  69|0x0000000084500000, 0x0000000084600000, 0x0000000084600000|100%| O|  |TAMS 0x0000000084600000, 0x0000000084600000| Untracked 
|  70|0x0000000084600000, 0x0000000084700000, 0x0000000084700000|100%| O|  |TAMS 0x0000000084700000, 0x0000000084700000| Untracked 
|  71|0x0000000084700000, 0x0000000084800000, 0x0000000084800000|100%| O|  |TAMS 0x0000000084800000, 0x0000000084800000| Untracked 
|  72|0x0000000084800000, 0x0000000084900000, 0x0000000084900000|100%| O|  |TAMS 0x0000000084900000, 0x0000000084900000| Untracked 
|  73|0x0000000084900000, 0x0000000084a00000, 0x0000000084a00000|100%|HS|  |TAMS 0x0000000084a00000, 0x0000000084a00000| Complete 
|  74|0x0000000084a00000, 0x0000000084b00000, 0x0000000084b00000|100%|HC|  |TAMS 0x0000000084b00000, 0x0000000084b00000| Complete 
|  75|0x0000000084b00000, 0x0000000084b00000, 0x0000000084c00000|  0%| F|  |TAMS 0x0000000084b00000, 0x0000000084b00000| Untracked 
|  76|0x0000000084c00000, 0x0000000084c00000, 0x0000000084d00000|  0%| F|  |TAMS 0x0000000084c00000, 0x0000000084c00000| Untracked 
|  77|0x0000000084d00000, 0x0000000084d00000, 0x0000000084e00000|  0%| F|  |TAMS 0x0000000084d00000, 0x0000000084d00000| Untracked 
|  78|0x0000000084e00000, 0x0000000084f00000, 0x0000000084f00000|100%| O|  |TAMS 0x0000000084e00000, 0x0000000084f00000| Untracked 
|  79|0x0000000084f00000, 0x0000000085000000, 0x0000000085000000|100%| O|  |TAMS 0x0000000084f00000, 0x0000000085000000| Untracked 
|  80|0x0000000085000000, 0x0000000085100000, 0x0000000085100000|100%| O|  |TAMS 0x0000000085100000, 0x0000000085100000| Untracked 
|  81|0x0000000085100000, 0x0000000085200000, 0x0000000085200000|100%| O|  |TAMS 0x0000000085200000, 0x0000000085200000| Untracked 
|  82|0x0000000085200000, 0x0000000085300000, 0x0000000085300000|100%| O|  |TAMS 0x0000000085300000, 0x0000000085300000| Untracked 
|  83|0x0000000085300000, 0x0000000085300000, 0x0000000085400000|  0%| F|  |TAMS 0x0000000085300000, 0x0000000085300000| Untracked 
|  84|0x0000000085400000, 0x0000000085400000, 0x0000000085500000|  0%| F|  |TAMS 0x0000000085400000, 0x0000000085400000| Untracked 
|  85|0x0000000085500000, 0x0000000085500000, 0x0000000085600000|  0%| F|  |TAMS 0x0000000085500000, 0x0000000085500000| Untracked 
|  86|0x0000000085600000, 0x0000000085700000, 0x0000000085700000|100%| O|  |TAMS 0x0000000085700000, 0x0000000085700000| Untracked 
|  87|0x0000000085700000, 0x0000000085800000, 0x0000000085800000|100%| O|  |TAMS 0x0000000085800000, 0x0000000085800000| Untracked 
|  88|0x0000000085800000, 0x00000000858c0000, 0x0000000085900000| 75%| O|  |TAMS 0x0000000085800000, 0x00000000858c0000| Untracked 
|  89|0x0000000085900000, 0x0000000085900000, 0x0000000085a00000|  0%| F|  |TAMS 0x0000000085900000, 0x0000000085900000| Untracked 
|  90|0x0000000085a00000, 0x0000000085b00000, 0x0000000085b00000|100%| O|  |TAMS 0x0000000085b00000, 0x0000000085b00000| Untracked 
|  91|0x0000000085b00000, 0x0000000085c00000, 0x0000000085c00000|100%| O|  |TAMS 0x0000000085c00000, 0x0000000085c00000| Untracked 
|  92|0x0000000085c00000, 0x0000000085c00000, 0x0000000085d00000|  0%| F|  |TAMS 0x0000000085c00000, 0x0000000085c00000| Untracked 
|  93|0x0000000085d00000, 0x0000000085d00000, 0x0000000085e00000|  0%| F|  |TAMS 0x0000000085d00000, 0x0000000085d00000| Untracked 
|  94|0x0000000085e00000, 0x0000000085e00000, 0x0000000085f00000|  0%| F|  |TAMS 0x0000000085e00000, 0x0000000085e00000| Untracked 
|  95|0x0000000085f00000, 0x0000000085f00000, 0x0000000086000000|  0%| F|  |TAMS 0x0000000085f00000, 0x0000000085f00000| Untracked 
|  96|0x0000000086000000, 0x0000000086000000, 0x0000000086100000|  0%| F|  |TAMS 0x0000000086000000, 0x0000000086000000| Untracked 
|  97|0x0000000086100000, 0x0000000086100000, 0x0000000086200000|  0%| F|  |TAMS 0x0000000086100000, 0x0000000086100000| Untracked 
|  98|0x0000000086200000, 0x0000000086200000, 0x0000000086300000|  0%| F|  |TAMS 0x0000000086200000, 0x0000000086200000| Untracked 
|  99|0x0000000086300000, 0x0000000086300000, 0x0000000086400000|  0%| F|  |TAMS 0x0000000086300000, 0x0000000086300000| Untracked 
| 100|0x0000000086400000, 0x0000000086400000, 0x0000000086500000|  0%| F|  |TAMS 0x0000000086400000, 0x0000000086400000| Untracked 
| 101|0x0000000086500000, 0x0000000086500000, 0x0000000086600000|  0%| F|  |TAMS 0x0000000086500000, 0x0000000086500000| Untracked 
| 102|0x0000000086600000, 0x0000000086600000, 0x0000000086700000|  0%| F|  |TAMS 0x0000000086600000, 0x0000000086600000| Untracked 
| 103|0x0000000086700000, 0x0000000086700000, 0x0000000086800000|  0%| F|  |TAMS 0x0000000086700000, 0x0000000086700000| Untracked 
| 104|0x0000000086800000, 0x0000000086800000, 0x0000000086900000|  0%| F|  |TAMS 0x0000000086800000, 0x0000000086800000| Untracked 
| 105|0x0000000086900000, 0x0000000086900000, 0x0000000086a00000|  0%| F|  |TAMS 0x0000000086900000, 0x0000000086900000| Untracked 
| 106|0x0000000086a00000, 0x0000000086a00000, 0x0000000086b00000|  0%| F|  |TAMS 0x0000000086a00000, 0x0000000086a00000| Untracked 
| 107|0x0000000086b00000, 0x0000000086b00000, 0x0000000086c00000|  0%| F|  |TAMS 0x0000000086b00000, 0x0000000086b00000| Untracked 
| 108|0x0000000086c00000, 0x0000000086c37650, 0x0000000086d00000| 21%| S|CS|TAMS 0x0000000086c00000, 0x0000000086c00000| Complete 
| 109|0x0000000086d00000, 0x0000000086e00000, 0x0000000086e00000|100%| S|CS|TAMS 0x0000000086d00000, 0x0000000086d00000| Complete 
| 110|0x0000000086e00000, 0x0000000086e00000, 0x0000000086f00000|  0%| F|  |TAMS 0x0000000086e00000, 0x0000000086e00000| Untracked 
| 111|0x0000000086f00000, 0x0000000086f00000, 0x0000000087000000|  0%| F|  |TAMS 0x0000000086f00000, 0x0000000086f00000| Untracked 
| 112|0x0000000087000000, 0x0000000087000000, 0x0000000087100000|  0%| F|  |TAMS 0x0000000087000000, 0x0000000087000000| Untracked 
| 113|0x0000000087100000, 0x0000000087100000, 0x0000000087200000|  0%| F|  |TAMS 0x0000000087100000, 0x0000000087100000| Untracked 
| 114|0x0000000087200000, 0x0000000087200000, 0x0000000087300000|  0%| F|  |TAMS 0x0000000087200000, 0x0000000087200000| Untracked 
| 115|0x0000000087300000, 0x0000000087300000, 0x0000000087400000|  0%| F|  |TAMS 0x0000000087300000, 0x0000000087300000| Untracked 
| 116|0x0000000087400000, 0x0000000087400000, 0x0000000087500000|  0%| F|  |TAMS 0x0000000087400000, 0x0000000087400000| Untracked 
| 117|0x0000000087500000, 0x0000000087500000, 0x0000000087600000|  0%| F|  |TAMS 0x0000000087500000, 0x0000000087500000| Untracked 
| 118|0x0000000087600000, 0x0000000087600000, 0x0000000087700000|  0%| F|  |TAMS 0x0000000087600000, 0x0000000087600000| Untracked 
| 119|0x0000000087700000, 0x0000000087700000, 0x0000000087800000|  0%| F|  |TAMS 0x0000000087700000, 0x0000000087700000| Untracked 
| 120|0x0000000087800000, 0x0000000087800000, 0x0000000087900000|  0%| F|  |TAMS 0x0000000087800000, 0x0000000087800000| Untracked 
| 121|0x0000000087900000, 0x0000000087900000, 0x0000000087a00000|  0%| F|  |TAMS 0x0000000087900000, 0x0000000087900000| Untracked 
| 122|0x0000000087a00000, 0x0000000087a00000, 0x0000000087b00000|  0%| F|  |TAMS 0x0000000087a00000, 0x0000000087a00000| Untracked 
| 123|0x0000000087b00000, 0x0000000087b00000, 0x0000000087c00000|  0%| F|  |TAMS 0x0000000087b00000, 0x0000000087b00000| Untracked 
| 124|0x0000000087c00000, 0x0000000087c00000, 0x0000000087d00000|  0%| F|  |TAMS 0x0000000087c00000, 0x0000000087c00000| Untracked 
| 125|0x0000000087d00000, 0x0000000087d00000, 0x0000000087e00000|  0%| F|  |TAMS 0x0000000087d00000, 0x0000000087d00000| Untracked 
| 126|0x0000000087e00000, 0x0000000087e00000, 0x0000000087f00000|  0%| F|  |TAMS 0x0000000087e00000, 0x0000000087e00000| Untracked 
| 127|0x0000000087f00000, 0x0000000087f2d808, 0x0000000088000000| 17%| E|  |TAMS 0x0000000087f00000, 0x0000000087f00000| Complete 
| 128|0x0000000088000000, 0x0000000088100000, 0x0000000088100000|100%| E|CS|TAMS 0x0000000088000000, 0x0000000088000000| Complete 
| 129|0x0000000088100000, 0x0000000088200000, 0x0000000088200000|100%| E|CS|TAMS 0x0000000088100000, 0x0000000088100000| Complete 
| 130|0x0000000088200000, 0x0000000088300000, 0x0000000088300000|100%| E|CS|TAMS 0x0000000088200000, 0x0000000088200000| Complete 
| 131|0x0000000088300000, 0x0000000088400000, 0x0000000088400000|100%| E|  |TAMS 0x0000000088300000, 0x0000000088300000| Complete 
| 132|0x0000000088400000, 0x0000000088500000, 0x0000000088500000|100%| E|CS|TAMS 0x0000000088400000, 0x0000000088400000| Complete 
| 133|0x0000000088500000, 0x0000000088600000, 0x0000000088600000|100%| E|CS|TAMS 0x0000000088500000, 0x0000000088500000| Complete 
| 134|0x0000000088600000, 0x0000000088700000, 0x0000000088700000|100%| E|CS|TAMS 0x0000000088600000, 0x0000000088600000| Complete 
| 135|0x0000000088700000, 0x0000000088800000, 0x0000000088800000|100%| E|CS|TAMS 0x0000000088700000, 0x0000000088700000| Complete 

Card table byte_map: [0x0000022f12a10000,0x0000022f12e10000] _byte_map_base: 0x0000022f12610000

Marking Bits (Prev, Next): (CMBitMap*) 0x0000022f7d751c48, (CMBitMap*) 0x0000022f7d751c80
 Prev Bits: [0x0000022f13210000, 0x0000022f15210000)
 Next Bits: [0x0000022f15210000, 0x0000022f17210000)

Polling page: 0x0000022f7d7f0000

Metaspace:

Usage:
  Non-class:     92.82 MB capacity,    90.96 MB ( 98%) used,     1.51 MB (  2%) free+waste,   357.88 KB ( <1%) overhead. 
      Class:     14.88 MB capacity,    13.68 MB ( 92%) used,     1.03 MB (  7%) free+waste,   168.31 KB (  1%) overhead. 
       Both:    107.69 MB capacity,   104.64 MB ( 97%) used,     2.54 MB (  2%) free+waste,   526.19 KB ( <1%) overhead. 

Virtual space:
  Non-class space:       94.00 MB reserved,      93.00 MB ( 99%) committed 
      Class space:        1.00 GB reserved,      15.00 MB (  1%) committed 
             Both:        1.09 GB reserved,     108.00 MB ( 10%) committed 

Chunk freelists:
   Non-Class:  0 bytes
       Class:  0 bytes
        Both:  0 bytes

MaxMetaspaceSize: 17179869184.00 GB
CompressedClassSpaceSize: 1.00 GB

CodeHeap 'non-profiled nmethods': size=120000Kb used=5642Kb max_used=5642Kb free=114357Kb
 bounds [0x0000022f0b4e0000, 0x0000022f0ba70000, 0x0000022f12a10000]
CodeHeap 'profiled nmethods': size=120000Kb used=24693Kb max_used=24693Kb free=95306Kb
 bounds [0x0000022f03fb0000, 0x0000022f057d0000, 0x0000022f0b4e0000]
CodeHeap 'non-nmethods': size=5760Kb used=2325Kb max_used=2347Kb free=3434Kb
 bounds [0x0000022f03a10000, 0x0000022f03c80000, 0x0000022f03fb0000]
 total_blobs=13081 nmethods=12137 adapters=855
 compilation: enabled
              stopped_count=0, restarted_count=0
 full_count=0

Compilation events (20 events):
Event: 45.231 Thread 0x0000022f19b55800 nmethod 12376 0x0000022f05799310 code [0x0000022f05799560, 0x0000022f05799ba8]
Event: 45.231 Thread 0x0000022f19b55800 12379       2       java.util.ArrayDeque::peek (5 bytes)
Event: 45.232 Thread 0x0000022f19b55800 nmethod 12379 0x0000022f05799f10 code [0x0000022f0579a0c0, 0x0000022f0579a1d8]
Event: 45.232 Thread 0x0000022f19b55800 12375       2       java.nio.file.FileTreeWalker$Event::<init> (9 bytes)
Event: 45.232 Thread 0x0000022f19b55800 nmethod 12375 0x0000022f0579a310 code [0x0000022f0579a4c0, 0x0000022f0579a6f8]
Event: 45.232 Thread 0x0000022f19b55800 12378       3       java.nio.file.FileTreeWalker$DirectoryNode::<init> (30 bytes)
Event: 45.232 Thread 0x0000022f19b55800 nmethod 12378 0x0000022f0579a790 code [0x0000022f0579a960, 0x0000022f0579ad08]
Event: 45.262 Thread 0x0000022f19b55800 12380   !   3       org.gradle.internal.snapshot.impl.DirectorySnapshotter$PathVisitor::snapshotFile (119 bytes)
Event: 45.263 Thread 0x0000022f19b55800 nmethod 12380 0x0000022f0579ae10 code [0x0000022f0579b1a0, 0x0000022f0579cc78]
Event: 45.263 Thread 0x0000022f19b55800 12381       3       org.gradle.internal.logging.slf4j.OutputEventListenerBackedLogger::isDebugEnabled (5 bytes)
Event: 45.263 Thread 0x0000022f19b55800 nmethod 12381 0x0000022f0579d710 code [0x0000022f0579d900, 0x0000022f0579dcc8]
Event: 45.263 Thread 0x0000022f19b55800 12382       1       java.io.InputStream::available (2 bytes)
Event: 45.264 Thread 0x0000022f19b55800 nmethod 12382 0x0000022f0ba60f10 code [0x0000022f0ba610c0, 0x0000022f0ba61178]
Event: 45.264 Thread 0x0000022f19b55800 12384       3       org.gradle.internal.snapshot.DirectorySnapshot$$Lambda$951/0x0000000100af0040::accept (16 bytes)
Event: 45.264 Thread 0x0000022f19b55800 nmethod 12384 0x0000022f0579de90 code [0x0000022f0579e060, 0x0000022f0579e468]
Event: 45.264 Thread 0x0000022f19b55800 12385       3       org.gradle.internal.snapshot.DirectorySnapshot::lambda$accept$1 (9 bytes)
Event: 45.264 Thread 0x0000022f19b55800 nmethod 12385 0x0000022f0579e590 code [0x0000022f0579e740, 0x0000022f0579e8e8]
Event: 45.264 Thread 0x0000022f19b55800 12386       1       org.gradle.internal.snapshot.AbstractFileSystemLocationSnapshot::getAccessType (5 bytes)
Event: 45.264 Thread 0x0000022f19b55800 nmethod 12386 0x0000022f0ba61210 code [0x0000022f0ba613c0, 0x0000022f0ba61478]
Event: 45.264 Thread 0x0000022f19b55800 12387       3       org.gradle.internal.logging.slf4j.OutputEventListenerBackedLogger::debug (7 bytes)

GC Heap History (20 events):
Event: 32.696 GC heap before
{Heap before GC invocations=45 (full 0):
 garbage-first heap   total 139264K, used 83784K [0x0000000080000000, 0x0000000100000000)
  region size 1024K, 15 young (15360K), 5 survivors (5120K)
 Metaspace       used 87808K, capacity 90052K, committed 90368K, reserved 1128448K
  class space    used 11404K, capacity 12221K, committed 12288K, reserved 1048576K
}
Event: 32.726 GC heap after
{Heap after GC invocations=46 (full 0):
 garbage-first heap   total 139264K, used 76008K [0x0000000080000000, 0x0000000100000000)
  region size 1024K, 2 young (2048K), 2 survivors (2048K)
 Metaspace       used 87808K, capacity 90052K, committed 90368K, reserved 1128448K
  class space    used 11404K, capacity 12221K, committed 12288K, reserved 1048576K
}
Event: 33.654 GC heap before
{Heap before GC invocations=47 (full 0):
 garbage-first heap   total 139264K, used 103656K [0x0000000080000000, 0x0000000100000000)
  region size 1024K, 27 young (27648K), 2 survivors (2048K)
 Metaspace       used 88345K, capacity 90618K, committed 90880K, reserved 1128448K
  class space    used 11451K, capacity 12281K, committed 12288K, reserved 1048576K
}
Event: 33.661 GC heap after
{Heap after GC invocations=48 (full 0):
 garbage-first heap   total 139264K, used 84668K [0x0000000080000000, 0x0000000100000000)
  region size 1024K, 4 young (4096K), 4 survivors (4096K)
 Metaspace       used 88345K, capacity 90618K, committed 90880K, reserved 1128448K
  class space    used 11451K, capacity 12281K, committed 12288K, reserved 1048576K
}
Event: 34.038 GC heap before
{Heap before GC invocations=48 (full 0):
 garbage-first heap   total 139264K, used 107196K [0x0000000080000000, 0x0000000100000000)
  region size 1024K, 26 young (26624K), 4 survivors (4096K)
 Metaspace       used 89946K, capacity 92265K, committed 92416K, reserved 1128448K
  class space    used 11605K, capacity 12488K, committed 12544K, reserved 1048576K
}
Event: 34.060 GC heap after
{Heap after GC invocations=49 (full 0):
 garbage-first heap   total 139264K, used 88127K [0x0000000080000000, 0x0000000100000000)
  region size 1024K, 4 young (4096K), 4 survivors (4096K)
 Metaspace       used 89946K, capacity 92265K, committed 92416K, reserved 1128448K
  class space    used 11605K, capacity 12488K, committed 12544K, reserved 1048576K
}
Event: 34.858 GC heap before
{Heap before GC invocations=50 (full 0):
 garbage-first heap   total 139264K, used 108607K [0x0000000080000000, 0x0000000100000000)
  region size 1024K, 25 young (25600K), 4 survivors (4096K)
 Metaspace       used 90321K, capacity 92761K, committed 92928K, reserved 1130496K
  class space    used 11654K, capacity 12533K, committed 12544K, reserved 1048576K
}
Event: 34.866 GC heap after
{Heap after GC invocations=51 (full 0):
 garbage-first heap   total 139264K, used 89553K [0x0000000080000000, 0x0000000100000000)
  region size 1024K, 2 young (2048K), 2 survivors (2048K)
 Metaspace       used 90321K, capacity 92761K, committed 92928K, reserved 1130496K
  class space    used 11654K, capacity 12533K, committed 12544K, reserved 1048576K
}
Event: 36.527 GC heap before
{Heap before GC invocations=51 (full 0):
 garbage-first heap   total 139264K, used 110033K [0x0000000080000000, 0x0000000100000000)
  region size 1024K, 23 young (23552K), 2 survivors (2048K)
 Metaspace       used 91303K, capacity 93690K, committed 93824K, reserved 1130496K
  class space    used 11746K, capacity 12605K, committed 12672K, reserved 1048576K
}
Event: 36.537 GC heap after
{Heap after GC invocations=52 (full 0):
 garbage-first heap   total 139264K, used 90891K [0x0000000080000000, 0x0000000100000000)
  region size 1024K, 3 young (3072K), 3 survivors (3072K)
 Metaspace       used 91303K, capacity 93690K, committed 93824K, reserved 1130496K
  class space    used 11746K, capacity 12605K, committed 12672K, reserved 1048576K
}
Event: 39.646 GC heap before
{Heap before GC invocations=53 (full 0):
 garbage-first heap   total 139264K, used 117515K [0x0000000080000000, 0x0000000100000000)
  region size 1024K, 25 young (25600K), 3 survivors (3072K)
 Metaspace       used 93443K, capacity 95821K, committed 96128K, reserved 1132544K
  class space    used 11973K, capacity 12824K, committed 12928K, reserved 1048576K
}
Event: 39.653 GC heap after
{Heap after GC invocations=54 (full 0):
 garbage-first heap   total 139264K, used 92961K [0x0000000080000000, 0x0000000100000000)
  region size 1024K, 4 young (4096K), 4 survivors (4096K)
 Metaspace       used 93443K, capacity 95821K, committed 96128K, reserved 1132544K
  class space    used 11973K, capacity 12824K, committed 12928K, reserved 1048576K
}
Event: 40.051 GC heap before
{Heap before GC invocations=54 (full 0):
 garbage-first heap   total 139264K, used 93985K [0x0000000080000000, 0x0000000100000000)
  region size 1024K, 6 young (6144K), 4 survivors (4096K)
 Metaspace       used 94619K, capacity 97046K, committed 97280K, reserved 1134592K
  class space    used 12099K, capacity 12954K, committed 13056K, reserved 1048576K
}
Event: 40.057 GC heap after
{Heap after GC invocations=55 (full 0):
 garbage-first heap   total 139264K, used 91741K [0x0000000080000000, 0x0000000100000000)
  region size 1024K, 1 young (1024K), 1 survivors (1024K)
 Metaspace       used 94619K, capacity 97046K, committed 97280K, reserved 1134592K
  class space    used 12099K, capacity 12954K, committed 13056K, reserved 1048576K
}
Event: 44.318 GC heap before
{Heap before GC invocations=55 (full 0):
 garbage-first heap   total 139264K, used 113245K [0x0000000080000000, 0x0000000100000000)
  region size 1024K, 23 young (23552K), 1 survivors (1024K)
 Metaspace       used 97184K, capacity 99645K, committed 99968K, reserved 1136640K
  class space    used 12454K, capacity 13315K, committed 13440K, reserved 1048576K
}
Event: 44.322 GC heap after
{Heap after GC invocations=56 (full 0):
 garbage-first heap   total 139264K, used 92601K [0x0000000080000000, 0x0000000100000000)
  region size 1024K, 2 young (2048K), 2 survivors (2048K)
 Metaspace       used 97184K, capacity 99645K, committed 99968K, reserved 1136640K
  class space    used 12454K, capacity 13315K, committed 13440K, reserved 1048576K
}
Event: 44.845 GC heap before
{Heap before GC invocations=57 (full 0):
 garbage-first heap   total 139264K, used 113275K [0x0000000080000000, 0x0000000100000000)
  region size 1024K, 24 young (24576K), 2 survivors (2048K)
 Metaspace       used 101852K, capacity 104509K, committed 104576K, reserved 1140736K
  class space    used 13126K, capacity 14155K, committed 14208K, reserved 1048576K
}
Event: 44.848 GC heap after
{Heap after GC invocations=58 (full 0):
 garbage-first heap   total 139264K, used 92907K [0x0000000080000000, 0x0000000100000000)
  region size 1024K, 3 young (3072K), 3 survivors (3072K)
 Metaspace       used 101852K, capacity 104509K, committed 104576K, reserved 1140736K
  class space    used 13126K, capacity 14155K, committed 14208K, reserved 1048576K
}
Event: 44.894 GC heap before
{Heap before GC invocations=58 (full 0):
 garbage-first heap   total 139264K, used 94955K [0x0000000080000000, 0x0000000100000000)
  region size 1024K, 6 young (6144K), 3 survivors (3072K)
 Metaspace       used 102448K, capacity 105163K, committed 105216K, reserved 1140736K
  class space    used 13251K, capacity 14314K, committed 14336K, reserved 1048576K
}
Event: 44.898 GC heap after
{Heap after GC invocations=59 (full 0):
 garbage-first heap   total 139264K, used 87244K [0x0000000080000000, 0x0000000100000000)
  region size 1024K, 1 young (1024K), 1 survivors (1024K)
 Metaspace       used 102448K, capacity 105163K, committed 105216K, reserved 1140736K
  class space    used 13251K, capacity 14314K, committed 14336K, reserved 1048576K
}

Deoptimization events (20 events):
Event: 45.135 Thread 0x0000022f229ef800 Uncommon trap: trap_request=0xffffff4d fr.pc=0x0000022f0b6b5330 relative=0x0000000000001390
Event: 45.135 Thread 0x0000022f229ef800 Uncommon trap: reason=unstable_if action=reinterpret pc=0x0000022f0b6b5330 method=java.util.HashMap.computeIfAbsent(Ljava/lang/Object;Ljava/util/function/Function;)Ljava/lang/Object; @ 145 c2
Event: 45.135 Thread 0x0000022f229ef800 DEOPT PACKING pc=0x0000022f0b6b5330 sp=0x0000007587cfc5c0
Event: 45.135 Thread 0x0000022f229ef800 DEOPT UNPACKING pc=0x0000022f03a378af sp=0x0000007587cfc5a0 mode 2
Event: 45.172 Thread 0x0000022f229f0000 Uncommon trap: trap_request=0xffffff4d fr.pc=0x0000022f0ba4c0a8 relative=0x0000000000000268
Event: 45.172 Thread 0x0000022f229f0000 Uncommon trap: reason=unstable_if action=reinterpret pc=0x0000022f0ba4c0a8 method=com.android.tools.r8.graph.c0.a(Lcom/android/tools/r8/graph/c0;)I @ 39 c2
Event: 45.172 Thread 0x0000022f229f0000 DEOPT PACKING pc=0x0000022f0ba4c0a8 sp=0x0000007587bfcf70
Event: 45.172 Thread 0x0000022f229f0000 DEOPT UNPACKING pc=0x0000022f03a378af sp=0x0000007587bfcf00 mode 2
Event: 45.263 Thread 0x0000022f229e5000 DEOPT PACKING pc=0x0000022f0549ae46 sp=0x00000075873fdc00
Event: 45.263 Thread 0x0000022f229e5000 DEOPT UNPACKING pc=0x0000022f03a376ce sp=0x00000075873fd0a0 mode 0
Event: 45.263 Thread 0x0000022f229e5000 DEOPT PACKING pc=0x0000022f0549ae46 sp=0x00000075873fdc00
Event: 45.263 Thread 0x0000022f229e5000 DEOPT UNPACKING pc=0x0000022f03a376ce sp=0x00000075873fd0a0 mode 0
Event: 45.263 Thread 0x0000022f229e5000 DEOPT PACKING pc=0x0000022f0549ae46 sp=0x00000075873fdc00
Event: 45.263 Thread 0x0000022f229e5000 DEOPT UNPACKING pc=0x0000022f03a376ce sp=0x00000075873fd0a0 mode 0
Event: 45.264 Thread 0x0000022f1f07d800 DEOPT PACKING pc=0x0000022f0562e3c4 sp=0x0000007586efcca0
Event: 45.264 Thread 0x0000022f1f07d800 DEOPT UNPACKING pc=0x0000022f03a376ce sp=0x0000007586efc188 mode 0
Event: 45.264 Thread 0x0000022f1f07d800 DEOPT PACKING pc=0x0000022f054b9b1c sp=0x0000007586efcdd0
Event: 45.264 Thread 0x0000022f1f07d800 DEOPT UNPACKING pc=0x0000022f03a376ce sp=0x0000007586efc280 mode 0
Event: 45.264 Thread 0x0000022f1f07d800 DEOPT PACKING pc=0x0000022f054dab14 sp=0x0000007586efd450
Event: 45.264 Thread 0x0000022f1f07d800 DEOPT UNPACKING pc=0x0000022f03a376ce sp=0x0000007586efc9f0 mode 0

Classes redefined (0 events):
No events

Internal exceptions (20 events):
Event: 44.872 Thread 0x0000022f229f0000 Exception <a 'java/lang/NoSuchMethodError'{0x00000000886d2868}: 'java.lang.Object java.lang.invoke.Invokers$Holder.linkToTargetMethod(java.lang.Object, java.lang.Object, java.lang.Object, java.lang.Object, java.lang.Object, java.lang.Object, java.lang.Object)'> (0x00000000886d2868) thrown at [./src/hotspot/share/interpreter/linkResolver.cpp, line 773]
Event: 44.872 Thread 0x0000022f229ef800 Exception <a 'java/lang/NoSuchMethodError'{0x00000000886d3de0}: 'java.lang.Object java.lang.invoke.Invokers$Holder.linkToTargetMethod(java.lang.Object, java.lang.Object, java.lang.Object, java.lang.Object, java.lang.Object, java.lang.Object, java.lang.Object)'> (0x00000000886d3de0) thrown at [./src/hotspot/share/interpreter/linkResolver.cpp, line 773]
Event: 44.951 Thread 0x0000022f229ef800 Exception <a 'java/lang/NoSuchMethodError'{0x00000000885b9da0}: 'java.lang.Object java.lang.invoke.DirectMethodHandle$Holder.invokeVirtual(java.lang.Object, java.lang.Object, int, java.lang.Object)'> (0x00000000885b9da0) thrown at [./src/hotspot/share/interpreter/linkResolver.cpp, line 773]
Event: 44.951 Thread 0x0000022f229f0000 Exception <a 'java/lang/NoSuchMethodError'{0x00000000885d4ce0}: 'java.lang.Object java.lang.invoke.DirectMethodHandle$Holder.invokeVirtual(java.lang.Object, java.lang.Object, int, java.lang.Object)'> (0x00000000885d4ce0) thrown at [./src/hotspot/share/interpreter/linkResolver.cpp, line 773]
Event: 44.964 Thread 0x0000022f229ef800 Exception <a 'java/lang/IncompatibleClassChangeError'{0x0000000088358140}: Found class java.lang.Object, but interface was expected> (0x0000000088358140) thrown at [./src/hotspot/share/interpreter/linkResolver.cpp, line 839]
Event: 44.965 Thread 0x0000022f229ef800 Exception <a 'java/lang/IncompatibleClassChangeError'{0x0000000088361200}: Found class java.lang.Object, but interface was expected> (0x0000000088361200) thrown at [./src/hotspot/share/interpreter/linkResolver.cpp, line 839]
Event: 44.965 Thread 0x0000022f229f0000 Exception <a 'java/lang/IncompatibleClassChangeError'{0x00000000885fb5b8}: Found class java.lang.Object, but interface was expected> (0x00000000885fb5b8) thrown at [./src/hotspot/share/interpreter/linkResolver.cpp, line 839]
Event: 44.980 Thread 0x0000022f229ef800 Exception <a 'java/lang/NoSuchMethodError'{0x0000000088244e10}: 'void java.lang.invoke.DirectMethodHandle$Holder.invokeVirtual(java.lang.Object, java.lang.Object, int, java.lang.Object)'> (0x0000000088244e10) thrown at [./src/hotspot/share/interpreter/linkResolver.cpp, line 773]
Event: 45.039 Thread 0x0000022f229ef800 Exception <a 'java/lang/NoSuchMethodError'{0x00000000880fd8f8}: 'java.lang.Object java.lang.invoke.DirectMethodHandle$Holder.newInvokeSpecial(java.lang.Object, int)'> (0x00000000880fd8f8) thrown at [./src/hotspot/share/interpreter/linkResolver.cpp, line 773]
Event: 45.039 Thread 0x0000022f229f0000 Exception <a 'java/lang/NoSuchMethodError'{0x0000000087f16340}: 'java.lang.Object java.lang.invoke.DirectMethodHandle$Holder.newInvokeSpecial(java.lang.Object, int)'> (0x0000000087f16340) thrown at [./src/hotspot/share/interpreter/linkResolver.cpp, line 773]
Event: 45.078 Thread 0x0000022f229ef800 Exception <a 'java/lang/NoSuchMethodError'{0x0000000087d8cb18}: 'long java.lang.invoke.DirectMethodHandle$Holder.invokeStatic(java.lang.Object, java.lang.Object)'> (0x0000000087d8cb18) thrown at [./src/hotspot/share/interpreter/linkResolver.cpp, line 773]
Event: 45.146 Thread 0x0000022f229f0000 Exception <a 'java/lang/NoSuchMethodError'{0x00000000877eeba8}: 'void java.lang.invoke.DirectMethodHandle$Holder.invokeSpecial(java.lang.Object, java.lang.Object, int, java.lang.Object, java.lang.Object, java.lang.Object, java.lang.Object)'> (0x00000000877eeba8) thrown at [./src/hotspot/share/interpreter/linkResolver.cpp, line 773]
Event: 45.147 Thread 0x0000022f229f0000 Exception <a 'java/lang/NoSuchMethodError'{0x00000000877fa2b0}: 'java.lang.Object java.lang.invoke.Invokers$Holder.linkToTargetMethod(java.lang.Object, int, java.lang.Object, java.lang.Object, java.lang.Object, java.lang.Object)'> (0x00000000877fa2b0) thrown at [./src/hotspot/share/interpreter/linkResolver.cpp, line 773]
Event: 45.148 Thread 0x0000022f229f0000 Exception <a 'java/lang/NoSuchMethodError'{0x00000000877fdd68}: 'void java.lang.invoke.DirectMethodHandle$Holder.invokeSpecial(java.lang.Object, java.lang.Object, java.lang.Object, java.lang.Object, java.lang.Object, java.lang.Object, java.lang.Object, java.lang.Object, java.lang.Object)'> (0x00000000877fdd68) thrown at [./src/hotspot/share/interpreter/linkResolver.cpp, line 773]
Event: 45.151 Thread 0x0000022f229f0000 Exception <a 'java/lang/NoSuchMethodError'{0x000000008763ed28}: 'void java.lang.invoke.DirectMethodHandle$Holder.invokeStatic(java.lang.Object, java.lang.Object, java.lang.Object, java.lang.Object, java.lang.Object, java.lang.Object, java.lang.Object, java.lang.Object)'> (0x000000008763ed28) thrown at [./src/hotspot/share/interpreter/linkResolver.cpp, line 773]
Event: 45.201 Thread 0x0000022f229f0000 Exception <a 'java/lang/NoSuchMethodError'{0x0000000087202f38}: 'void java.lang.invoke.DirectMethodHandle$Holder.invokeVirtual(java.lang.Object, java.lang.Object, int)'> (0x0000000087202f38) thrown at [./src/hotspot/share/interpreter/linkResolver.cpp, line 773]
Event: 45.201 Thread 0x0000022f229ef800 Exception <a 'java/lang/NoSuchMethodError'{0x0000000087224a28}: 'void java.lang.invoke.DirectMethodHandle$Holder.invokeVirtual(java.lang.Object, java.lang.Object, int)'> (0x0000000087224a28) thrown at [./src/hotspot/share/interpreter/linkResolver.cpp, line 773]
Event: 45.212 Thread 0x0000022f229ef800 Exception <a 'sun/nio/fs/WindowsException'{0x00000000872ce5e0}> (0x00000000872ce5e0) thrown at [./src/hotspot/share/prims/jni.cpp, line 615]
Event: 45.212 Thread 0x0000022f229f0000 Exception <a 'sun/nio/fs/WindowsException'{0x00000000872db9f0}> (0x00000000872db9f0) thrown at [./src/hotspot/share/prims/jni.cpp, line 615]
Event: 45.217 Thread 0x0000022f229f0000 Exception <a 'sun/nio/fs/WindowsException'{0x000000008714b550}> (0x000000008714b550) thrown at [./src/hotspot/share/prims/jni.cpp, line 615]

Events (20 events):
Event: 45.209 loading class java/util/zip/Adler32
Event: 45.210 loading class java/util/zip/Adler32 done
Event: 45.211 loading class com/android/tools/r8/dex/m$a
Event: 45.211 loading class com/android/tools/r8/dex/m$a done
Event: 45.211 loading class com/android/tools/r8/ByteDataView
Event: 45.211 loading class com/android/tools/r8/ByteDataView done
Event: 45.212 loading class com/android/tools/r8/internal/A7
Event: 45.212 loading class com/android/tools/r8/internal/A7 done
Event: 45.212 loading class com/android/tools/r8/internal/z7
Event: 45.212 loading class com/android/tools/r8/internal/z7 done
Event: 45.212 loading class com/android/tools/r8/internal/y7
Event: 45.212 loading class com/android/tools/r8/internal/y7 done
Event: 45.219 loading class com/google/wireless/android/sdk/stats/GradleTaskExecutionOrBuilder
Event: 45.219 loading class com/google/wireless/android/sdk/stats/GradleTaskExecutionOrBuilder done
Event: 45.220 loading class com/google/wireless/android/sdk/stats/GradleBuildProfileSpan$1
Event: 45.220 loading class com/google/wireless/android/sdk/stats/GradleBuildProfileSpan$1 done
Event: 45.221 loading class com/google/wireless/android/sdk/stats/GradleTaskExecution
Event: 45.221 loading class com/google/wireless/android/sdk/stats/GradleTaskExecution done
Event: 45.223 loading class java/time/Instant$1
Event: 45.229 loading class java/time/Instant$1 done


Dynamic libraries:
0x00007ff667b00000 - 0x00007ff667b0a000 	D:\Android Studio\jre\bin\java.exe
0x00007fff35630000 - 0x00007fff35825000 	C:\WINDOWS\SYSTEM32\ntdll.dll
0x00007fff33680000 - 0x00007fff3373e000 	C:\WINDOWS\System32\KERNEL32.DLL
0x00007fff33030000 - 0x00007fff332f9000 	C:\WINDOWS\System32\KERNELBASE.dll
0x00007fff33470000 - 0x00007fff33570000 	C:\WINDOWS\System32\ucrtbase.dll
0x00007fff29510000 - 0x00007fff29527000 	D:\Android Studio\jre\bin\VCRUNTIME140.dll
0x00007fff294f0000 - 0x00007fff29509000 	D:\Android Studio\jre\bin\jli.dll
0x00007fff34060000 - 0x00007fff34201000 	C:\WINDOWS\System32\USER32.dll
0x00007fff33000000 - 0x00007fff33022000 	C:\WINDOWS\System32\win32u.dll
0x00007fff1b5c0000 - 0x00007fff1b85a000 	C:\WINDOWS\WinSxS\amd64_microsoft.windows.common-controls_6595b64144ccf1df_6.0.19041.1110_none_60b5254171f9507e\COMCTL32.dll
0x00007fff34490000 - 0x00007fff344bb000 	C:\WINDOWS\System32\GDI32.dll
0x00007fff33570000 - 0x00007fff3367b000 	C:\WINDOWS\System32\gdi32full.dll
0x00007fff34780000 - 0x00007fff3481e000 	C:\WINDOWS\System32\msvcrt.dll
0x00007fff32eb0000 - 0x00007fff32f4d000 	C:\WINDOWS\System32\msvcp_win.dll
0x00007fff34e20000 - 0x00007fff34e50000 	C:\WINDOWS\System32\IMM32.DLL
0x00007fff1c500000 - 0x00007fff1c59d000 	D:\Android Studio\jre\bin\msvcp140.dll
0x00007ffec26d0000 - 0x00007ffec319f000 	D:\Android Studio\jre\bin\server\jvm.dll
0x00007fff33fb0000 - 0x00007fff3405c000 	C:\WINDOWS\System32\ADVAPI32.dll
0x00007fff344c0000 - 0x00007fff3455b000 	C:\WINDOWS\System32\sechost.dll
0x00007fff34560000 - 0x00007fff3468a000 	C:\WINDOWS\System32\RPCRT4.dll
0x00007fff34770000 - 0x00007fff34778000 	C:\WINDOWS\System32\PSAPI.DLL
0x00007fff28270000 - 0x00007fff2827a000 	C:\WINDOWS\SYSTEM32\VERSION.dll
0x00007fff1ba10000 - 0x00007fff1ba37000 	C:\WINDOWS\SYSTEM32\WINMM.dll
0x00007fff29560000 - 0x00007fff29569000 	C:\WINDOWS\SYSTEM32\WSOCK32.dll
0x00007fff338f0000 - 0x00007fff3395b000 	C:\WINDOWS\System32\WS2_32.dll
0x00007fff315d0000 - 0x00007fff315e2000 	C:\WINDOWS\SYSTEM32\kernel.appcore.dll
0x00007fff29540000 - 0x00007fff29551000 	D:\Android Studio\jre\bin\verify.dll
0x00007fff30b50000 - 0x00007fff30d34000 	C:\WINDOWS\SYSTEM32\DBGHELP.DLL
0x00007fff17c30000 - 0x00007fff17c5c000 	C:\WINDOWS\SYSTEM32\dbgcore.DLL
0x00007fff333e0000 - 0x00007fff33463000 	C:\WINDOWS\System32\bcryptPrimitives.dll
0x00007fff1fe90000 - 0x00007fff1feb9000 	D:\Android Studio\jre\bin\java.dll
0x00007fff29530000 - 0x00007fff2953b000 	D:\Android Studio\jre\bin\jimage.dll
0x00007fff28e20000 - 0x00007fff28e38000 	D:\Android Studio\jre\bin\zip.dll
0x00007fff34eb0000 - 0x00007fff355ef000 	C:\WINDOWS\System32\SHELL32.dll
0x00007fff30e30000 - 0x00007fff315c0000 	C:\WINDOWS\SYSTEM32\windows.storage.dll
0x00007fff33a90000 - 0x00007fff33de5000 	C:\WINDOWS\System32\combase.dll
0x00007fff32730000 - 0x00007fff3275c000 	C:\WINDOWS\SYSTEM32\Wldp.dll
0x00007fff34ca0000 - 0x00007fff34d4e000 	C:\WINDOWS\System32\SHCORE.dll
0x00007fff34210000 - 0x00007fff34265000 	C:\WINDOWS\System32\shlwapi.dll
0x00007fff32c90000 - 0x00007fff32caf000 	C:\WINDOWS\SYSTEM32\profapi.dll
0x00007fff28b80000 - 0x00007fff28b9a000 	D:\Android Studio\jre\bin\net.dll
0x00007fff271b0000 - 0x00007fff272b8000 	C:\WINDOWS\SYSTEM32\WINHTTP.dll
0x00007fff32430000 - 0x00007fff3249a000 	C:\WINDOWS\system32\mswsock.dll
0x00007fff1f700000 - 0x00007fff1f714000 	D:\Android Studio\jre\bin\nio.dll
0x00007fff29570000 - 0x00007fff29597000 	C:\Users\JOY\.gradle\native\8bec1ad78214c89d9ad589b4d07fe93259594b29d510b10fafb7a158f7737e5d\windows-amd64\native-platform.dll
0x00007fff1f960000 - 0x00007fff1fa9d000 	C:\Users\JOY\.gradle\native\53dbd7edfb1c66fb8903c78663c9afc45aea4f116125fa6feffd364cf09443e8\windows-amd64\native-platform-file-events.dll
0x00007fff28f20000 - 0x00007fff28f2a000 	D:\Android Studio\jre\bin\management.dll
0x00007fff279a0000 - 0x00007fff279ac000 	D:\Android Studio\jre\bin\management_ext.dll
0x00007fff32680000 - 0x00007fff32698000 	C:\WINDOWS\SYSTEM32\CRYPTSP.dll
0x00007fff31db0000 - 0x00007fff31de4000 	C:\WINDOWS\system32\rsaenh.dll
0x00007fff333b0000 - 0x00007fff333d7000 	C:\WINDOWS\System32\bcrypt.dll
0x00007fff32c10000 - 0x00007fff32c3e000 	C:\WINDOWS\SYSTEM32\USERENV.dll
0x00007fff326a0000 - 0x00007fff326ac000 	C:\WINDOWS\SYSTEM32\CRYPTBASE.dll
0x00007fff32120000 - 0x00007fff3215b000 	C:\WINDOWS\SYSTEM32\IPHLPAPI.DLL
0x00007fff33fa0000 - 0x00007fff33fa8000 	C:\WINDOWS\System32\NSI.dll
0x00007fff26940000 - 0x00007fff26957000 	C:\WINDOWS\SYSTEM32\dhcpcsvc6.DLL
0x00007fff26900000 - 0x00007fff2691d000 	C:\WINDOWS\SYSTEM32\dhcpcsvc.DLL
0x00007fff32160000 - 0x00007fff3222c000 	C:\WINDOWS\SYSTEM32\DNSAPI.dll
0x00007fff1c5f0000 - 0x00007fff1c617000 	D:\Android Studio\jre\bin\sunec.dll
0x00007fff25020000 - 0x00007fff2502a000 	C:\Windows\System32\rasadhlp.dll
0x00007fff1dcb0000 - 0x00007fff1dd2f000 	C:\WINDOWS\System32\fwpuclnt.dll

dbghelp: loaded successfully - version: 4.0.5 - missing functions: none
symbol engine: initialized successfully - sym options: 0x614 - pdb path: .;D:\Android Studio\jre\bin;C:\WINDOWS\SYSTEM32;C:\WINDOWS\WinSxS\amd64_microsoft.windows.common-controls_6595b64144ccf1df_6.0.19041.1110_none_60b5254171f9507e;D:\Android Studio\jre\bin\server;C:\Users\JOY\.gradle\native\8bec1ad78214c89d9ad589b4d07fe93259594b29d510b10fafb7a158f7737e5d\windows-amd64;C:\Users\JOY\.gradle\native\53dbd7edfb1c66fb8903c78663c9afc45aea4f116125fa6feffd364cf09443e8\windows-amd64

VM Arguments:
jvm_args: --add-opens=java.base/java.util=ALL-UNNAMED --add-opens=java.base/java.lang=ALL-UNNAMED --add-opens=java.base/java.lang.invoke=ALL-UNNAMED --add-opens=java.base/java.util=ALL-UNNAMED --add-opens=java.prefs/java.util.prefs=ALL-UNNAMED --add-opens=java.prefs/java.util.prefs=ALL-UNNAMED --add-opens=java.base/java.nio.charset=ALL-UNNAMED --add-opens=java.base/java.net=ALL-UNNAMED --add-opens=java.base/java.util.concurrent.atomic=ALL-UNNAMED -Xmx2048m -Dfile.encoding=UTF-8 -Duser.country=IN -Duser.language=en -Duser.variant 
java_command: org.gradle.launcher.daemon.bootstrap.GradleDaemon 7.0.2
java_class_path (initial): C:\Users\JOY\.gradle\wrapper\dists\gradle-7.0.2-bin\857tjihv64xamwrf0h14cai3r\gradle-7.0.2\lib\gradle-launcher-7.0.2.jar
Launcher Type: SUN_STANDARD

[Global flags]
     intx CICompilerCount                          = 4                                         {product} {ergonomic}
     uint ConcGCThreads                            = 2                                         {product} {ergonomic}
     uint G1ConcRefinementThreads                  = 8                                         {product} {ergonomic}
   size_t G1HeapRegionSize                         = 1048576                                   {product} {ergonomic}
    uintx GCDrainStackTargetSize                   = 64                                        {product} {ergonomic}
   size_t InitialHeapSize                          = 98566144                                  {product} {ergonomic}
   size_t MarkStackSize                            = 4194304                                   {product} {ergonomic}
   size_t MaxHeapSize                              = 2147483648                                {product} {command line}
   size_t MaxNewSize                               = 1287651328                                {product} {ergonomic}
   size_t MinHeapDeltaBytes                        = 1048576                                   {product} {ergonomic}
    uintx NonNMethodCodeHeapSize                   = 5836300                                {pd product} {ergonomic}
    uintx NonProfiledCodeHeapSize                  = 122910970                              {pd product} {ergonomic}
    uintx ProfiledCodeHeapSize                     = 122910970                              {pd product} {ergonomic}
    uintx ReservedCodeCacheSize                    = 251658240                              {pd product} {ergonomic}
     bool SegmentedCodeCache                       = true                                      {product} {ergonomic}
     bool UseCompressedClassPointers               = true                                 {lp64_product} {ergonomic}
     bool UseCompressedOops                        = true                                 {lp64_product} {ergonomic}
     bool UseG1GC                                  = true                                      {product} {ergonomic}
     bool UseLargePagesIndividualAllocation        = false                                  {pd product} {ergonomic}

Logging:
Log output configuration:
 #0: stdout all=warning uptime,level,tags
 #1: stderr all=off uptime,level,tags

Environment Variables:
PATH=C:\Program Files (x86)\VMware\VMware Player\bin\;C:\Program Files (x86)\Common Files\Oracle\Java\javapath;C:\Windows\system32;C:\Windows;C:\Windows\System32\Wbem;C:\Windows\System32\WindowsPowerShell\v1.0\;C:\Windows\System32\OpenSSH\;C:\Program Files (x86)\NVIDIA Corporation\PhysX\Common;C:\Program Files\NVIDIA Corporation\NVIDIA NvDLISR;C:\WINDOWS\system32;C:\WINDOWS;C:\WINDOWS\System32\Wbem;C:\WINDOWS\System32\WindowsPowerShell\v1.0\;C:\WINDOWS\System32\OpenSSH\;C:\Program Files (x86)\Calibre2\;C:\Program Files (x86)\GtkSharp\2.12\bin;C:\Program Files\Java\jdk1.8.0_261\bin;C:\Program Files\Microsoft SQL Server\Client SDK\ODBC\170\Tools\Binn\;C:\Program Files (x86)\Microsoft SQL Server\150\Tools\Binn\;C:\Program Files\Microsoft SQL Server\150\Tools\Binn\;C:\Program Files\Microsoft SQL Server\150\DTS\Binn\;C:\Program Files (x86)\Microsoft SQL Server\150\DTS\Binn\;C:\Program Files\Azure Data Studio\bin;C:\Program Files\Git\cmd;D:\Python3\Scripts\;D:\Python3\;D:\Python 3.8.5\Scripts\;D:\Python 3.8.5\;D:\Python 3.8.1\Scripts\;D:\Python 3.8.1\;D:\Scripts\;D:\;C:\Users\JOY\AppData\Local\Microsoft\WindowsApps;D:\IntelliJ IDEA Community Edition 2020.2\bin;;D:\PyCharm Community Edition 2020.2.1\bin;;C:\Program Files\Azure Data Studio\bin
USERNAME=JOY
OS=Windows_NT
PROCESSOR_IDENTIFIER=Intel64 Family 6 Model 142 Stepping 11, GenuineIntel



---------------  S Y S T E M  ---------------

OS: Windows 10 , 64 bit Build 19041 (10.0.19041.1202)
OS uptime: 1 days 2:53 hours

CPU:total 8 (initial active 8) (4 cores per cpu, 2 threads per core) family 6 model 142 stepping 11 microcode 0xea, cmov, cx8, fxsr, mmx, sse, sse2, sse3, ssse3, sse4.1, sse4.2, popcnt, avx, avx2, aes, clmul, erms, 3dnowpref, lzcnt, ht, tsc, tscinvbit, bmi1, bmi2, adx, fma

Memory: 4k page, system-wide physical 5949M (140M free)
TotalPageFile size 24381M (AvailPageFile size 22M)
current process WorkingSet (physical memory assigned to process): 312M, peak: 325M
current process commit charge ("private bytes"): 431M, peak: 432M

vm_info: OpenJDK 64-Bit Server VM (11.0.10+0-b96-7249189) for windows-amd64 JRE (11.0.10+0-b96-7249189), built on Mar 31 2021 21:44:00 by "builder" with MS VC++ 14.0 (VS2015)

END.
