#
# There is insufficient memory for the Java Runtime Environment to continue.
# Native memory allocation (mmap) failed to map 29360128 bytes for Failed to commit area from 0x0000000088800000 to 0x000000008a400000 of length 29360128.
# Possible reasons:
#   The system is out of physical RAM or swap space
#   The process is running with CompressedOops enabled, and the Java Heap may be blocking the growth of the native heap
# Possible solutions:
#   Reduce memory load on the system
#   Increase physical memory or swap space
#   Check if swap backing store is full
#   Decrease Java heap size (-Xmx/-Xms)
#   Decrease number of Java threads
#   Decrease Java thread stack sizes (-Xss)
#   Set larger code cache with -XX:ReservedCodeCacheSize=
#   JVM is running with Unscaled Compressed Oops mode in which the Java heap is
#     placed in the first 4GB address space. The Java Heap base address is the
#     maximum limit for the native heap growth. Please use -XX:HeapBaseMinAddress
#     to set the Java Heap base and to place the Java Heap above 4GB virtual address.
# This output file may be truncated or incomplete.
#
#  Out of Memory Error (./src/hotspot/os/windows/os_windows.cpp:3301), pid=22476, tid=18980
#
# JRE version: OpenJDK Runtime Environment (11.0.10) (build 11.0.10+0-b96-7249189)
# Java VM: OpenJDK 64-Bit Server VM (11.0.10+0-b96-7249189, mixed mode, tiered, compressed oops, g1 gc, windows-amd64)
# No core dump will be written. Minidumps are not enabled by default on client versions of Windows
#

---------------  S U M M A R Y ------------

Command Line: --add-opens=java.base/java.util=ALL-UNNAMED --add-opens=java.base/java.lang=ALL-UNNAMED --add-opens=java.base/java.lang.invoke=ALL-UNNAMED --add-opens=java.base/java.util=ALL-UNNAMED --add-opens=java.prefs/java.util.prefs=ALL-UNNAMED --add-opens=java.prefs/java.util.prefs=ALL-UNNAMED --add-opens=java.base/java.nio.charset=ALL-UNNAMED --add-opens=java.base/java.net=ALL-UNNAMED --add-opens=java.base/java.util.concurrent.atomic=ALL-UNNAMED -Xmx2048m -Dfile.encoding=UTF-8 -Duser.country=IN -Duser.language=en -Duser.variant org.gradle.launcher.daemon.bootstrap.GradleDaemon 7.0.2

Host: Intel(R) Core(TM) i5-8265U CPU @ 1.60GHz, 8 cores, 5G,  Windows 10 , 64 bit Build 19041 (10.0.19041.1202)
Time: Sun Oct 17 18:45:19 2021 India Standard Time elapsed time: 16.420974 seconds (0d 0h 0m 16s)

---------------  T H R E A D  ---------------

Current thread (0x0000014f1ff73000):  VMThread "VM Thread" [stack: 0x000000363a900000,0x000000363aa00000] [id=18980]

Stack: [0x000000363a900000,0x000000363aa00000]
[error occurred during error reporting (printing stack bounds), id 0xc0000005, EXCEPTION_ACCESS_VIOLATION (0xc0000005) at pc=0x0000014f08e50f2d]

Native frames: (J=compiled Java code, j=interpreted, Vv=VM code, C=native code)
V  [jvm.dll+0x5ecfaa]
V  [jvm.dll+0x722bd5]
V  [jvm.dll+0x72412d]
V  [jvm.dll+0x724745]
V  [jvm.dll+0x7246fb]
V  [jvm.dll+0x5ec348]
V  [jvm.dll+0x5ecad8]
C  [ntdll.dll+0xa20cf]
C  [ntdll.dll+0x51454]
C  [ntdll.dll+0xa0bfe]
C  0x0000014f08e50f2d

VM_Operation (0x000000363c6fd860): G1CollectForAllocation, mode: safepoint, requested by thread 0x0000014f2362e800


---------------  P R O C E S S  ---------------

Threads class SMR info:
_java_thread_list=0x0000014f23eb2e30, length=59, elements={
0x0000014f03b6c000, 0x0000014f1ff77000, 0x0000014f1ff82800, 0x0000014f20912800,
0x0000014f1ff92000, 0x0000014f1ff95000, 0x0000014f1ff9f800, 0x0000014f1ffa5800,
0x0000014f1ffb5800, 0x0000014f20a58800, 0x0000014f221f1800, 0x0000014f20c54800,
0x0000014f23a0a000, 0x0000014f23e58000, 0x0000014f23e59000, 0x0000014f2364b800,
0x0000014f21fb2800, 0x0000014f2364a000, 0x0000014f23621800, 0x0000014f23631000,
0x0000014f2362e800, 0x0000014f2362f800, 0x0000014f2362b000, 0x0000014f2362d800,
0x0000014f2362d000, 0x0000014f23630000, 0x0000014f23631800, 0x0000014f2362c000,
0x0000014f2456b000, 0x0000014f2456e000, 0x0000014f2456b800, 0x0000014f2456c800,
0x0000014f24569000, 0x0000014f2456d800, 0x0000014f2456a000, 0x0000014f24574000,
0x0000014f24570800, 0x0000014f24577000, 0x0000014f24575800, 0x0000014f24574800,
0x0000014f24576000, 0x0000014f24571800, 0x0000014f24578000, 0x0000014f24572000,
0x0000014f24573000, 0x0000014f24291000, 0x0000014f24290800, 0x0000014f2428f800,
0x0000014f24292000, 0x0000014f24293000, 0x0000014f24294800, 0x0000014f2428f000,
0x0000014f24298800, 0x0000014f24299800, 0x0000014f2429b000, 0x0000014f2429a000,
0x0000014f24295800, 0x0000014f2429c000, 0x0000014f24296000
}

Java Threads: ( => current thread )
  0x0000014f03b6c000 JavaThread "main" [_thread_blocked, id=14380, stack(0x000000363a300000,0x000000363a400000)]
  0x0000014f1ff77000 JavaThread "Reference Handler" daemon [_thread_blocked, id=4548, stack(0x000000363aa00000,0x000000363ab00000)]
  0x0000014f1ff82800 JavaThread "Finalizer" daemon [_thread_blocked, id=21580, stack(0x000000363ab00000,0x000000363ac00000)]
  0x0000014f20912800 JavaThread "Signal Dispatcher" daemon [_thread_blocked, id=9452, stack(0x000000363ac00000,0x000000363ad00000)]
  0x0000014f1ff92000 JavaThread "Attach Listener" daemon [_thread_blocked, id=6768, stack(0x000000363ad00000,0x000000363ae00000)]
  0x0000014f1ff95000 JavaThread "Service Thread" daemon [_thread_blocked, id=9880, stack(0x000000363ae00000,0x000000363af00000)]
  0x0000014f1ff9f800 JavaThread "C2 CompilerThread0" daemon [_thread_blocked, id=15896, stack(0x000000363af00000,0x000000363b000000)]
  0x0000014f1ffa5800 JavaThread "C1 CompilerThread0" daemon [_thread_blocked, id=11556, stack(0x000000363b000000,0x000000363b100000)]
  0x0000014f1ffb5800 JavaThread "Sweeper thread" daemon [_thread_blocked, id=18044, stack(0x000000363b100000,0x000000363b200000)]
  0x0000014f20a58800 JavaThread "Common-Cleaner" daemon [_thread_blocked, id=9492, stack(0x000000363b200000,0x000000363b300000)]
  0x0000014f221f1800 JavaThread "Daemon health stats" [_thread_blocked, id=19564, stack(0x000000363b600000,0x000000363b700000)]
  0x0000014f20c54800 JavaThread "Incoming local TCP Connector on port 58220" [_thread_in_native, id=12248, stack(0x000000363b400000,0x000000363b500000)]
  0x0000014f23a0a000 JavaThread "Daemon periodic checks" [_thread_blocked, id=17188, stack(0x000000363ba00000,0x000000363bb00000)]
  0x0000014f23e58000 JavaThread "Daemon" [_thread_blocked, id=13440, stack(0x000000363bb00000,0x000000363bc00000)]
  0x0000014f23e59000 JavaThread "Handler for socket connection from /127.0.0.1:58220 to /127.0.0.1:58221" [_thread_in_native, id=17452, stack(0x000000363bc00000,0x000000363bd00000)]
  0x0000014f2364b800 JavaThread "Cancel handler" [_thread_blocked, id=8644, stack(0x000000363bd00000,0x000000363be00000)]
  0x0000014f21fb2800 JavaThread "Daemon worker" [_thread_blocked, id=9392, stack(0x000000363be00000,0x000000363bf00000)]
  0x0000014f2364a000 JavaThread "Asynchronous log dispatcher for DefaultDaemonConnection: socket connection from /127.0.0.1:58220 to /127.0.0.1:58221" [_thread_blocked, id=18512, stack(0x000000363bf00000,0x000000363c000000)]
  0x0000014f23621800 JavaThread "Stdin handler" [_thread_blocked, id=12036, stack(0x000000363c000000,0x000000363c100000)]
  0x0000014f23631000 JavaThread "Daemon client event forwarder" [_thread_blocked, id=3076, stack(0x000000363c100000,0x000000363c200000)]
  0x0000014f2362e800 JavaThread "Cache worker for file hash cache (C:\Users\JOY\.gradle\caches\7.0.2\fileHashes)" [_thread_blocked, id=11940, stack(0x000000363c600000,0x000000363c700000)]
  0x0000014f2362f800 JavaThread "File lock request listener" [_thread_in_native, id=2376, stack(0x000000363c700000,0x000000363c800000)]
  0x0000014f2362b000 JavaThread "Cache worker for journal cache (C:\Users\JOY\.gradle\caches\journal-1)" [_thread_blocked, id=19496, stack(0x000000363c900000,0x000000363ca00000)]
  0x0000014f2362d800 JavaThread "Cache worker for file hash cache (C:\Users\JOY\AndroidStudioProjects\BasicBankingSystem\.gradle\7.0.2\fileHashes)" [_thread_blocked, id=20644, stack(0x000000363ca00000,0x000000363cb00000)]
  0x0000014f2362d000 JavaThread "File watcher server" daemon [_thread_blocked, id=9376, stack(0x000000363cb00000,0x000000363cc00000)]
  0x0000014f23630000 JavaThread "File watcher consumer" daemon [_thread_blocked, id=13500, stack(0x000000363cc00000,0x000000363cd00000)]
  0x0000014f23631800 JavaThread "Cache worker for checksums cache (C:\Users\JOY\AndroidStudioProjects\BasicBankingSystem\.gradle\checksums)" [_thread_blocked, id=21796, stack(0x000000363cd00000,0x000000363ce00000)]
  0x0000014f2362c000 JavaThread "Cache worker for cache directory md-supplier (C:\Users\JOY\.gradle\caches\7.0.2\md-supplier)" [_thread_blocked, id=16512, stack(0x000000363ce00000,0x000000363cf00000)]
  0x0000014f2456b000 JavaThread "Cache worker for cache directory md-rule (C:\Users\JOY\.gradle\caches\7.0.2\md-rule)" [_thread_blocked, id=11852, stack(0x000000363cf00000,0x000000363d000000)]
  0x0000014f2456e000 JavaThread "Cache worker for execution history cache (C:\Users\JOY\.gradle\caches\7.0.2\executionHistory)" [_thread_blocked, id=21468, stack(0x000000363d000000,0x000000363d100000)]
  0x0000014f2456b800 JavaThread "jar transforms" [_thread_blocked, id=17760, stack(0x000000363d100000,0x000000363d200000)]
  0x0000014f2456c800 JavaThread "jar transforms Thread 2" [_thread_blocked, id=15236, stack(0x000000363d200000,0x000000363d300000)]
  0x0000014f24569000 JavaThread "Cache worker for file content cache (C:\Users\JOY\.gradle\caches\7.0.2\fileContent)" [_thread_blocked, id=11432, stack(0x000000363d300000,0x000000363d400000)]
  0x0000014f2456d800 JavaThread "Cache worker for dependencies-accessors (C:\Users\JOY\AndroidStudioProjects\BasicBankingSystem\.gradle\7.0.2\dependencies-accessors)" [_thread_blocked, id=17664, stack(0x000000363d400000,0x000000363d500000)]
  0x0000014f2456a000 JavaThread "jar transforms Thread 3" [_thread_blocked, id=22472, stack(0x000000363d500000,0x000000363d600000)]
  0x0000014f24574000 JavaThread "Cache worker for Build Output Cleanup Cache (C:\Users\JOY\AndroidStudioProjects\BasicBankingSystem\.gradle\buildOutputCleanup)" [_thread_blocked, id=20380, stack(0x000000363d600000,0x000000363d700000)]
  0x0000014f24570800 JavaThread "Build operations" [_thread_blocked, id=21384, stack(0x000000363d700000,0x000000363d800000)]
  0x0000014f24577000 JavaThread "Build operations Thread 2" [_thread_blocked, id=9524, stack(0x000000363d800000,0x000000363d900000)]
  0x0000014f24575800 JavaThread "Build operations Thread 3" [_thread_blocked, id=12452, stack(0x000000363d900000,0x000000363da00000)]
  0x0000014f24574800 JavaThread "Build operations Thread 4" [_thread_blocked, id=5136, stack(0x000000363da00000,0x000000363db00000)]
  0x0000014f24576000 JavaThread "Build operations Thread 5" [_thread_blocked, id=16732, stack(0x000000363db00000,0x000000363dc00000)]
  0x0000014f24571800 JavaThread "Build operations Thread 6" [_thread_blocked, id=19744, stack(0x000000363dc00000,0x000000363dd00000)]
  0x0000014f24578000 JavaThread "Build operations Thread 7" [_thread_blocked, id=21448, stack(0x000000363dd00000,0x000000363de00000)]
  0x0000014f24572000 JavaThread "Build operations Thread 8" [_thread_blocked, id=17844, stack(0x000000363de00000,0x000000363df00000)]
  0x0000014f24573000 JavaThread "jar transforms Thread 4" [_thread_blocked, id=19708, stack(0x000000363df00000,0x000000363e000000)]
  0x0000014f24291000 JavaThread "jar transforms Thread 5" [_thread_blocked, id=12508, stack(0x000000363e000000,0x000000363e100000)]
  0x0000014f24290800 JavaThread "jar transforms Thread 6" [_thread_blocked, id=13232, stack(0x000000363e100000,0x000000363e200000)]
  0x0000014f2428f800 JavaThread "jar transforms Thread 7" [_thread_blocked, id=12732, stack(0x000000363e200000,0x000000363e300000)]
  0x0000014f24292000 JavaThread "jar transforms Thread 8" [_thread_blocked, id=19816, stack(0x000000363e300000,0x000000363e400000)]
  0x0000014f24293000 JavaThread "Memory manager" [_thread_blocked, id=1636, stack(0x000000363e400000,0x000000363e500000)]
  0x0000014f24294800 JavaThread "build event listener" [_thread_blocked, id=16328, stack(0x000000363e500000,0x000000363e600000)]
  0x0000014f2428f000 JavaThread "Execution worker for ':'" [_thread_blocked, id=13580, stack(0x000000363e600000,0x000000363e700000)]
  0x0000014f24298800 JavaThread "Execution worker for ':' Thread 2" [_thread_blocked, id=6892, stack(0x000000363e700000,0x000000363e800000)]
  0x0000014f24299800 JavaThread "Execution worker for ':' Thread 3" [_thread_blocked, id=15232, stack(0x000000363e800000,0x000000363e900000)]
  0x0000014f2429b000 JavaThread "Execution worker for ':' Thread 4" [_thread_blocked, id=20964, stack(0x000000363e900000,0x000000363ea00000)]
  0x0000014f2429a000 JavaThread "Execution worker for ':' Thread 5" [_thread_blocked, id=13988, stack(0x000000363ea00000,0x000000363eb00000)]
  0x0000014f24295800 JavaThread "Execution worker for ':' Thread 6" [_thread_blocked, id=14800, stack(0x000000363eb00000,0x000000363ec00000)]
  0x0000014f2429c000 JavaThread "Execution worker for ':' Thread 7" [_thread_blocked, id=21848, stack(0x000000363ec00000,0x000000363ed00000)]
  0x0000014f24296000 JavaThread "Cache worker for execution history cache (C:\Users\JOY\AndroidStudioProjects\BasicBankingSystem\.gradle\7.0.2\executionHistory)" [_thread_blocked, id=14384, stack(0x000000363ed00000,0x000000363ee00000)]

Other Threads:
=>0x0000014f1ff73000 VMThread "VM Thread" [stack: 0x000000363a900000,0x000000363aa00000] [id=18980]
  0x0000014f20a6f800 WatcherThread [stack: 0x000000363b300000,0x000000363b400000] [id=22488]
  0x0000014f03b83000 GCTaskThread "GC Thread#0" [stack: 0x000000363a400000,0x000000363a500000] [id=21676]
  0x0000014f21823800 GCTaskThread "GC Thread#1" [stack: 0x000000363b500000,0x000000363b600000] [id=21732]
  0x0000014f216c0800 GCTaskThread "GC Thread#2" [stack: 0x000000363b700000,0x000000363b800000] [id=19368]
  0x0000014f228c4000 GCTaskThread "GC Thread#3" [stack: 0x000000363b800000,0x000000363b900000] [id=11624]
  0x0000014f21f82800 GCTaskThread "GC Thread#4" [stack: 0x000000363c200000,0x000000363c300000] [id=21572]
  0x0000014f232b8800 GCTaskThread "GC Thread#5" [stack: 0x000000363c300000,0x000000363c400000] [id=21884]
  0x0000014f232ba000 GCTaskThread "GC Thread#6" [stack: 0x000000363c400000,0x000000363c500000] [id=19408]
  0x0000014f232ba800 GCTaskThread "GC Thread#7" [stack: 0x000000363c500000,0x000000363c600000] [id=19764]
  0x0000014f03bba800 ConcurrentGCThread "G1 Main Marker" [stack: 0x000000363a500000,0x000000363a600000] [id=6368]
  0x0000014f03bbc800 ConcurrentGCThread "G1 Conc#0" [stack: 0x000000363a600000,0x000000363a700000] [id=14760]
  0x0000014f213bd000 ConcurrentGCThread "G1 Conc#1" [stack: 0x000000363c800000,0x000000363c900000] [id=19448]
  0x0000014f03c41800 ConcurrentGCThread "G1 Refine#0" [stack: 0x000000363a700000,0x000000363a800000] [id=19828]
  0x0000014f215c8000 ConcurrentGCThread "G1 Refine#1" [stack: 0x000000363b900000,0x000000363ba00000] [id=16596]
  0x0000014f03c42800 ConcurrentGCThread "G1 Young RemSet Sampling" [stack: 0x000000363a800000,0x000000363a900000] [id=14872]

Threads with active compile tasks:
C2 CompilerThread0  16572 8433       4       com.google.common.cache.LocalCache::getIfPresent (49 bytes)
C1 CompilerThread0  16572 8468       3       java.util.concurrent.ConcurrentHashMap::addCount (289 bytes)

VM state:at safepoint (normal execution)

VM Mutex/Monitor currently owned by a thread:  ([mutex/lock_event])
[0x0000014f03b69cf0] Threads_lock - owner thread: 0x0000014f1ff73000
[0x0000014f03b69e10] Heap_lock - owner thread: 0x0000014f2362e800

Heap address: 0x0000000080000000, size: 2048 MB, Compressed Oops mode: 32-bit
Narrow klass base: 0x0000000000000000, Narrow klass shift: 3
Compressed class space size: 1073741824 Address: 0x0000000100000000

Heap:
 garbage-first heap   total 167936K, used 67839K [0x0000000080000000, 0x0000000100000000)
  region size 1024K, 7 young (7168K), 7 survivors (7168K)
 Metaspace       used 79307K, capacity 81463K, committed 81740K, reserved 1120256K
  class space    used 10435K, capacity 11251K, committed 11340K, reserved 1048576K
Heap Regions: E=young(eden), S=young(survivor), O=old, HS=humongous(starts), HC=humongous(continues), CS=collection set, F=free, A=archive, TAMS=top-at-mark-start (previous, next)
|   0|0x0000000080000000, 0x0000000080100000, 0x0000000080100000|100%| O|  |TAMS 0x0000000080100000, 0x0000000080000000| Untracked 
|   1|0x0000000080100000, 0x0000000080200000, 0x0000000080200000|100%| O|  |TAMS 0x0000000080200000, 0x0000000080100000| Untracked 
|   2|0x0000000080200000, 0x0000000080300000, 0x0000000080300000|100%| O|  |TAMS 0x0000000080300000, 0x0000000080200000| Untracked 
|   3|0x0000000080300000, 0x0000000080400000, 0x0000000080400000|100%|HS|  |TAMS 0x0000000080400000, 0x0000000080300000| Complete 
|   4|0x0000000080400000, 0x0000000080500000, 0x0000000080500000|100%|HC|  |TAMS 0x0000000080500000, 0x0000000080400000| Complete 
|   5|0x0000000080500000, 0x0000000080600000, 0x0000000080600000|100%|HC|  |TAMS 0x0000000080600000, 0x0000000080500000| Complete 
|   6|0x0000000080600000, 0x0000000080700000, 0x0000000080700000|100%| O|  |TAMS 0x0000000080700000, 0x0000000080600000| Untracked 
|   7|0x0000000080700000, 0x0000000080800000, 0x0000000080800000|100%| O|  |TAMS 0x0000000080800000, 0x0000000080700000| Untracked 
|   8|0x0000000080800000, 0x0000000080900000, 0x0000000080900000|100%| O|  |TAMS 0x0000000080900000, 0x0000000080800000| Untracked 
|   9|0x0000000080900000, 0x0000000080a00000, 0x0000000080a00000|100%| O|  |TAMS 0x0000000080a00000, 0x0000000080900000| Untracked 
|  10|0x0000000080a00000, 0x0000000080b00000, 0x0000000080b00000|100%| O|  |TAMS 0x0000000080b00000, 0x0000000080a00000| Untracked 
|  11|0x0000000080b00000, 0x0000000080c00000, 0x0000000080c00000|100%| O|  |TAMS 0x0000000080c00000, 0x0000000080b00000| Untracked 
|  12|0x0000000080c00000, 0x0000000080d00000, 0x0000000080d00000|100%| O|  |TAMS 0x0000000080d00000, 0x0000000080c00000| Untracked 
|  13|0x0000000080d00000, 0x0000000080e00000, 0x0000000080e00000|100%| O|  |TAMS 0x0000000080e00000, 0x0000000080d00000| Untracked 
|  14|0x0000000080e00000, 0x0000000080f00000, 0x0000000080f00000|100%| O|  |TAMS 0x0000000080f00000, 0x0000000080e00000| Untracked 
|  15|0x0000000080f00000, 0x0000000081000000, 0x0000000081000000|100%| O|  |TAMS 0x0000000081000000, 0x0000000080f00000| Untracked 
|  16|0x0000000081000000, 0x0000000081100000, 0x0000000081100000|100%| O|  |TAMS 0x0000000081100000, 0x0000000081000000| Untracked 
|  17|0x0000000081100000, 0x0000000081200000, 0x0000000081200000|100%| O|  |TAMS 0x0000000081200000, 0x0000000081100000| Untracked 
|  18|0x0000000081200000, 0x0000000081300000, 0x0000000081300000|100%| O|  |TAMS 0x0000000081300000, 0x0000000081200000| Untracked 
|  19|0x0000000081300000, 0x0000000081400000, 0x0000000081400000|100%| O|  |TAMS 0x0000000081400000, 0x0000000081300000| Untracked 
|  20|0x0000000081400000, 0x0000000081500000, 0x0000000081500000|100%| O|  |TAMS 0x0000000081500000, 0x0000000081400000| Untracked 
|  21|0x0000000081500000, 0x0000000081600000, 0x0000000081600000|100%| O|  |TAMS 0x0000000081600000, 0x0000000081500000| Untracked 
|  22|0x0000000081600000, 0x0000000081700000, 0x0000000081700000|100%| O|  |TAMS 0x0000000081700000, 0x0000000081600000| Untracked 
|  23|0x0000000081700000, 0x0000000081800000, 0x0000000081800000|100%|HS|  |TAMS 0x0000000081800000, 0x0000000081700000| Complete 
|  24|0x0000000081800000, 0x0000000081900000, 0x0000000081900000|100%| O|  |TAMS 0x0000000081900000, 0x0000000081800000| Untracked 
|  25|0x0000000081900000, 0x0000000081a00000, 0x0000000081a00000|100%| O|  |TAMS 0x0000000081a00000, 0x0000000081900000| Untracked 
|  26|0x0000000081a00000, 0x0000000081b00000, 0x0000000081b00000|100%| O|  |TAMS 0x0000000081b00000, 0x0000000081a00000| Untracked 
|  27|0x0000000081b00000, 0x0000000081c00000, 0x0000000081c00000|100%|HS|  |TAMS 0x0000000081c00000, 0x0000000081b00000| Complete 
|  28|0x0000000081c00000, 0x0000000081d00000, 0x0000000081d00000|100%|HS|  |TAMS 0x0000000081d00000, 0x0000000081c00000| Complete 
|  29|0x0000000081d00000, 0x0000000081e00000, 0x0000000081e00000|100%|HC|  |TAMS 0x0000000081e00000, 0x0000000081d00000| Complete 
|  30|0x0000000081e00000, 0x0000000081f00000, 0x0000000081f00000|100%| O|  |TAMS 0x0000000081f00000, 0x0000000081e00000| Untracked 
|  31|0x0000000081f00000, 0x0000000082000000, 0x0000000082000000|100%| O|  |TAMS 0x0000000082000000, 0x0000000081f00000| Untracked 
|  32|0x0000000082000000, 0x0000000082100000, 0x0000000082100000|100%| O|  |TAMS 0x0000000082100000, 0x0000000082000000| Untracked 
|  33|0x0000000082100000, 0x0000000082200000, 0x0000000082200000|100%| O|  |TAMS 0x0000000082200000, 0x0000000082100000| Untracked 
|  34|0x0000000082200000, 0x0000000082300000, 0x0000000082300000|100%| O|  |TAMS 0x0000000082300000, 0x0000000082200000| Untracked 
|  35|0x0000000082300000, 0x0000000082400000, 0x0000000082400000|100%| O|  |TAMS 0x0000000082400000, 0x0000000082300000| Untracked 
|  36|0x0000000082400000, 0x0000000082500000, 0x0000000082500000|100%| O|  |TAMS 0x0000000082500000, 0x0000000082400000| Untracked 
|  37|0x0000000082500000, 0x0000000082600000, 0x0000000082600000|100%| O|  |TAMS 0x0000000082600000, 0x0000000082500000| Untracked 
|  38|0x0000000082600000, 0x0000000082700000, 0x0000000082700000|100%| O|  |TAMS 0x0000000082700000, 0x0000000082600000| Untracked 
|  39|0x0000000082700000, 0x0000000082800000, 0x0000000082800000|100%| O|  |TAMS 0x0000000082800000, 0x0000000082700000| Untracked 
|  40|0x0000000082800000, 0x0000000082900000, 0x0000000082900000|100%| O|  |TAMS 0x0000000082900000, 0x0000000082800000| Untracked 
|  41|0x0000000082900000, 0x0000000082a00000, 0x0000000082a00000|100%| O|  |TAMS 0x0000000082a00000, 0x0000000082900000| Untracked 
|  42|0x0000000082a00000, 0x0000000082b00000, 0x0000000082b00000|100%| O|  |TAMS 0x0000000082a00000, 0x0000000082a00000| Untracked 
|  43|0x0000000082b00000, 0x0000000082c00000, 0x0000000082c00000|100%| O|  |TAMS 0x0000000082c00000, 0x0000000082b00000| Untracked 
|  44|0x0000000082c00000, 0x0000000082d00000, 0x0000000082d00000|100%| O|  |TAMS 0x0000000082c84a00, 0x0000000082c00000| Untracked 
|  45|0x0000000082d00000, 0x0000000082e00000, 0x0000000082e00000|100%| O|  |TAMS 0x0000000082d00000, 0x0000000082d00000| Untracked 
|  46|0x0000000082e00000, 0x0000000082f00000, 0x0000000082f00000|100%| O|  |TAMS 0x0000000082e00000, 0x0000000082e00000| Untracked 
|  47|0x0000000082f00000, 0x0000000083000000, 0x0000000083000000|100%| O|  |TAMS 0x0000000082f00000, 0x0000000082f00000| Untracked 
|  48|0x0000000083000000, 0x0000000083100000, 0x0000000083100000|100%| O|  |TAMS 0x0000000083000000, 0x0000000083000000| Untracked 
|  49|0x0000000083100000, 0x0000000083200000, 0x0000000083200000|100%| O|  |TAMS 0x0000000083100000, 0x0000000083100000| Untracked 
|  50|0x0000000083200000, 0x0000000083300000, 0x0000000083300000|100%| O|  |TAMS 0x0000000083200000, 0x0000000083200000| Untracked 
|  51|0x0000000083300000, 0x0000000083400000, 0x0000000083400000|100%| O|  |TAMS 0x0000000083300000, 0x0000000083300000| Untracked 
|  52|0x0000000083400000, 0x0000000083500000, 0x0000000083500000|100%| O|  |TAMS 0x0000000083400000, 0x0000000083400000| Untracked 
|  53|0x0000000083500000, 0x0000000083600000, 0x0000000083600000|100%| O|  |TAMS 0x0000000083500000, 0x0000000083500000| Untracked 
|  54|0x0000000083600000, 0x0000000083700000, 0x0000000083700000|100%| O|  |TAMS 0x0000000083600000, 0x0000000083600000| Untracked 
|  55|0x0000000083700000, 0x0000000083800000, 0x0000000083800000|100%| O|  |TAMS 0x0000000083700000, 0x0000000083700000| Untracked 
|  56|0x0000000083800000, 0x0000000083900000, 0x0000000083900000|100%| O|  |TAMS 0x0000000083800000, 0x0000000083800000| Untracked 
|  57|0x0000000083900000, 0x0000000083a00000, 0x0000000083a00000|100%| O|  |TAMS 0x0000000083900000, 0x0000000083900000| Untracked 
|  58|0x0000000083a00000, 0x0000000083b00000, 0x0000000083b00000|100%| O|  |TAMS 0x0000000083a00000, 0x0000000083a00000| Untracked 
|  59|0x0000000083b00000, 0x0000000083b45000, 0x0000000083c00000| 26%| O|  |TAMS 0x0000000083b00000, 0x0000000083b00000| Untracked 
|  60|0x0000000083c00000, 0x0000000083c00000, 0x0000000083d00000|  0%| F|  |TAMS 0x0000000083c00000, 0x0000000083c00000| Untracked 
|  61|0x0000000083d00000, 0x0000000083d00000, 0x0000000083e00000|  0%| F|  |TAMS 0x0000000083d00000, 0x0000000083d00000| Untracked 
|  62|0x0000000083e00000, 0x0000000083e00000, 0x0000000083f00000|  0%| F|  |TAMS 0x0000000083e00000, 0x0000000083e00000| Untracked 
|  63|0x0000000083f00000, 0x0000000083f00000, 0x0000000084000000|  0%| F|  |TAMS 0x0000000083f00000, 0x0000000083f00000| Untracked 
|  64|0x0000000084000000, 0x0000000084000000, 0x0000000084100000|  0%| F|  |TAMS 0x0000000084000000, 0x0000000084000000| Untracked 
|  65|0x0000000084100000, 0x0000000084100000, 0x0000000084200000|  0%| F|  |TAMS 0x0000000084100000, 0x0000000084100000| Untracked 
|  66|0x0000000084200000, 0x0000000084200000, 0x0000000084300000|  0%| F|  |TAMS 0x0000000084200000, 0x0000000084200000| Untracked 
|  67|0x0000000084300000, 0x0000000084300000, 0x0000000084400000|  0%| F|  |TAMS 0x0000000084300000, 0x0000000084300000| Untracked 
|  68|0x0000000084400000, 0x0000000084400000, 0x0000000084500000|  0%| F|  |TAMS 0x0000000084400000, 0x0000000084400000| Untracked 
|  69|0x0000000084500000, 0x0000000084500000, 0x0000000084600000|  0%| F|  |TAMS 0x0000000084500000, 0x0000000084500000| Untracked 
|  70|0x0000000084600000, 0x0000000084600000, 0x0000000084700000|  0%| F|  |TAMS 0x0000000084600000, 0x0000000084600000| Untracked 
|  71|0x0000000084700000, 0x0000000084700000, 0x0000000084800000|  0%| F|  |TAMS 0x0000000084700000, 0x0000000084700000| Untracked 
|  72|0x0000000084800000, 0x0000000084800000, 0x0000000084900000|  0%| F|  |TAMS 0x0000000084800000, 0x0000000084800000| Untracked 
|  73|0x0000000084900000, 0x0000000084900000, 0x0000000084a00000|  0%| F|  |TAMS 0x0000000084900000, 0x0000000084900000| Untracked 
|  74|0x0000000084a00000, 0x0000000084a00000, 0x0000000084b00000|  0%| F|  |TAMS 0x0000000084a00000, 0x0000000084a00000| Untracked 
|  75|0x0000000084b00000, 0x0000000084b00000, 0x0000000084c00000|  0%| F|  |TAMS 0x0000000084b00000, 0x0000000084b00000| Untracked 
|  76|0x0000000084c00000, 0x0000000084c00000, 0x0000000084d00000|  0%| F|  |TAMS 0x0000000084c00000, 0x0000000084c00000| Untracked 
|  77|0x0000000084d00000, 0x0000000084d00000, 0x0000000084e00000|  0%| F|  |TAMS 0x0000000084d00000, 0x0000000084d00000| Untracked 
|  78|0x0000000084e00000, 0x0000000084e00000, 0x0000000084f00000|  0%| F|  |TAMS 0x0000000084e00000, 0x0000000084e00000| Untracked 
|  79|0x0000000084f00000, 0x0000000084ffae10, 0x0000000085000000| 97%| S|CS|TAMS 0x0000000084f00000, 0x0000000084f00000| Complete 
|  80|0x0000000085000000, 0x0000000085100000, 0x0000000085100000|100%| S|CS|TAMS 0x0000000085000000, 0x0000000085000000| Complete 
|  81|0x0000000085100000, 0x0000000085200000, 0x0000000085200000|100%| S|CS|TAMS 0x0000000085100000, 0x0000000085100000| Complete 
|  82|0x0000000085200000, 0x0000000085300000, 0x0000000085300000|100%| S|CS|TAMS 0x0000000085200000, 0x0000000085200000| Complete 
|  83|0x0000000085300000, 0x0000000085300000, 0x0000000085400000|  0%| F|  |TAMS 0x0000000085300000, 0x0000000085300000| Untracked 
|  84|0x0000000085400000, 0x0000000085400000, 0x0000000085500000|  0%| F|  |TAMS 0x0000000085400000, 0x0000000085400000| Untracked 
|  85|0x0000000085500000, 0x0000000085500000, 0x0000000085600000|  0%| F|  |TAMS 0x0000000085500000, 0x0000000085500000| Untracked 
|  86|0x0000000085600000, 0x0000000085600000, 0x0000000085700000|  0%| F|  |TAMS 0x0000000085600000, 0x0000000085600000| Untracked 
|  87|0x0000000085700000, 0x0000000085800000, 0x0000000085800000|100%| S|CS|TAMS 0x0000000085700000, 0x0000000085700000| Complete 
|  88|0x0000000085800000, 0x0000000085900000, 0x0000000085900000|100%| S|CS|TAMS 0x0000000085800000, 0x0000000085800000| Complete 
|  89|0x0000000085900000, 0x0000000085a00000, 0x0000000085a00000|100%| S|CS|TAMS 0x0000000085900000, 0x0000000085900000| Complete 
|  90|0x0000000085a00000, 0x0000000085a00000, 0x0000000085b00000|  0%| F|  |TAMS 0x0000000085a00000, 0x0000000085a00000| Untracked 
|  91|0x0000000085b00000, 0x0000000085b00000, 0x0000000085c00000|  0%| F|  |TAMS 0x0000000085b00000, 0x0000000085b00000| Untracked 
|  92|0x0000000085c00000, 0x0000000085c00000, 0x0000000085d00000|  0%| F|  |TAMS 0x0000000085c00000, 0x0000000085c00000| Untracked 
|  93|0x0000000085d00000, 0x0000000085d00000, 0x0000000085e00000|  0%| F|  |TAMS 0x0000000085d00000, 0x0000000085d00000| Untracked 
|  94|0x0000000085e00000, 0x0000000085e00000, 0x0000000085f00000|  0%| F|  |TAMS 0x0000000085e00000, 0x0000000085e00000| Untracked 
|  95|0x0000000085f00000, 0x0000000085f00000, 0x0000000086000000|  0%| F|  |TAMS 0x0000000085f00000, 0x0000000085f00000| Untracked 
|  96|0x0000000086000000, 0x0000000086000000, 0x0000000086100000|  0%| F|  |TAMS 0x0000000086000000, 0x0000000086000000| Untracked 
|  97|0x0000000086100000, 0x0000000086100000, 0x0000000086200000|  0%| F|  |TAMS 0x0000000086100000, 0x0000000086100000| Untracked 
|  98|0x0000000086200000, 0x0000000086200000, 0x0000000086300000|  0%| F|  |TAMS 0x0000000086200000, 0x0000000086200000| Untracked 
|  99|0x0000000086300000, 0x0000000086300000, 0x0000000086400000|  0%| F|  |TAMS 0x0000000086300000, 0x0000000086300000| Untracked 
| 100|0x0000000086400000, 0x0000000086400000, 0x0000000086500000|  0%| F|  |TAMS 0x0000000086400000, 0x0000000086400000| Untracked 
| 101|0x0000000086500000, 0x0000000086500000, 0x0000000086600000|  0%| F|  |TAMS 0x0000000086500000, 0x0000000086500000| Untracked 
| 102|0x0000000086600000, 0x0000000086600000, 0x0000000086700000|  0%| F|  |TAMS 0x0000000086600000, 0x0000000086600000| Untracked 
| 103|0x0000000086700000, 0x0000000086700000, 0x0000000086800000|  0%| F|  |TAMS 0x0000000086700000, 0x0000000086700000| Untracked 
| 104|0x0000000086800000, 0x0000000086800000, 0x0000000086900000|  0%| F|  |TAMS 0x0000000086800000, 0x0000000086800000| Untracked 
| 105|0x0000000086900000, 0x0000000086900000, 0x0000000086a00000|  0%| F|  |TAMS 0x0000000086900000, 0x0000000086900000| Untracked 
| 106|0x0000000086a00000, 0x0000000086a00000, 0x0000000086b00000|  0%| F|  |TAMS 0x0000000086a00000, 0x0000000086a00000| Untracked 
| 107|0x0000000086b00000, 0x0000000086b00000, 0x0000000086c00000|  0%| F|  |TAMS 0x0000000086b00000, 0x0000000086b00000| Untracked 
| 108|0x0000000086c00000, 0x0000000086c00000, 0x0000000086d00000|  0%| F|  |TAMS 0x0000000086c00000, 0x0000000086c00000| Untracked 
| 109|0x0000000086d00000, 0x0000000086d00000, 0x0000000086e00000|  0%| F|  |TAMS 0x0000000086d00000, 0x0000000086d00000| Untracked 
| 110|0x0000000086e00000, 0x0000000086e00000, 0x0000000086f00000|  0%| F|  |TAMS 0x0000000086e00000, 0x0000000086e00000| Untracked 
| 111|0x0000000086f00000, 0x0000000086f00000, 0x0000000087000000|  0%| F|  |TAMS 0x0000000086f00000, 0x0000000086f00000| Untracked 
| 112|0x0000000087000000, 0x0000000087000000, 0x0000000087100000|  0%| F|  |TAMS 0x0000000087000000, 0x0000000087000000| Untracked 
| 113|0x0000000087100000, 0x0000000087100000, 0x0000000087200000|  0%| F|  |TAMS 0x0000000087100000, 0x0000000087100000| Untracked 
| 114|0x0000000087200000, 0x0000000087200000, 0x0000000087300000|  0%| F|  |TAMS 0x0000000087200000, 0x0000000087200000| Untracked 
| 115|0x0000000087300000, 0x0000000087300000, 0x0000000087400000|  0%| F|  |TAMS 0x0000000087300000, 0x0000000087300000| Untracked 
| 116|0x0000000087400000, 0x0000000087400000, 0x0000000087500000|  0%| F|  |TAMS 0x0000000087400000, 0x0000000087400000| Untracked 
| 117|0x0000000087500000, 0x0000000087500000, 0x0000000087600000|  0%| F|  |TAMS 0x0000000087500000, 0x0000000087500000| Untracked 
| 118|0x0000000087600000, 0x0000000087600000, 0x0000000087700000|  0%| F|  |TAMS 0x0000000087600000, 0x0000000087600000| Untracked 
| 119|0x0000000087700000, 0x0000000087700000, 0x0000000087800000|  0%| F|  |TAMS 0x0000000087700000, 0x0000000087700000| Untracked 
| 120|0x0000000087800000, 0x0000000087800000, 0x0000000087900000|  0%| F|  |TAMS 0x0000000087800000, 0x0000000087800000| Untracked 
| 121|0x0000000087900000, 0x0000000087900000, 0x0000000087a00000|  0%| F|  |TAMS 0x0000000087900000, 0x0000000087900000| Untracked 
| 122|0x0000000087a00000, 0x0000000087a00000, 0x0000000087b00000|  0%| F|  |TAMS 0x0000000087a00000, 0x0000000087a00000| Untracked 
| 123|0x0000000087b00000, 0x0000000087b00000, 0x0000000087c00000|  0%| F|  |TAMS 0x0000000087b00000, 0x0000000087b00000| Untracked 
| 124|0x0000000087c00000, 0x0000000087c00000, 0x0000000087d00000|  0%| F|  |TAMS 0x0000000087c00000, 0x0000000087c00000| Untracked 
| 125|0x0000000087d00000, 0x0000000087d00000, 0x0000000087e00000|  0%| F|  |TAMS 0x0000000087d00000, 0x0000000087d00000| Untracked 
| 126|0x0000000087e00000, 0x0000000087e00000, 0x0000000087f00000|  0%| F|  |TAMS 0x0000000087e00000, 0x0000000087e00000| Untracked 
| 127|0x0000000087f00000, 0x0000000087f00000, 0x0000000088000000|  0%| F|  |TAMS 0x0000000087f00000, 0x0000000087f00000| Untracked 
| 128|0x0000000088000000, 0x0000000088000000, 0x0000000088100000|  0%| F|  |TAMS 0x0000000088000000, 0x0000000088000000| Untracked 
| 129|0x0000000088100000, 0x0000000088100000, 0x0000000088200000|  0%| F|  |TAMS 0x0000000088100000, 0x0000000088100000| Untracked 
| 130|0x0000000088200000, 0x0000000088200000, 0x0000000088300000|  0%| F|  |TAMS 0x0000000088200000, 0x0000000088200000| Untracked 
| 131|0x0000000088300000, 0x0000000088300000, 0x0000000088400000|  0%| F|  |TAMS 0x0000000088300000, 0x0000000088300000| Untracked 
| 132|0x0000000088400000, 0x0000000088400000, 0x0000000088500000|  0%| F|  |TAMS 0x0000000088400000, 0x0000000088400000| Untracked 
| 133|0x0000000088500000, 0x0000000088500000, 0x0000000088600000|  0%| F|  |TAMS 0x0000000088500000, 0x0000000088500000| Untracked 
| 134|0x0000000088600000, 0x0000000088600000, 0x0000000088700000|  0%| F|  |TAMS 0x0000000088600000, 0x0000000088600000| Untracked 
| 135|0x0000000088700000, 0x0000000088700000, 0x0000000088800000|  0%| F|  |TAMS 0x0000000088700000, 0x0000000088700000| Untracked 

Card table byte_map: [0x0000014f18cc0000,0x0000014f190c0000] _byte_map_base: 0x0000014f188c0000

Marking Bits (Prev, Next): (CMBitMap*) 0x0000014f03bb1e18, (CMBitMap*) 0x0000014f03bb1e50
 Prev Bits: [0x0000014f194c0000, 0x0000014f1b4c0000)
 Next Bits: [0x0000014f1b4c0000, 0x0000014f1d4c0000)

Polling page: 0x0000014f03c50000

Metaspace:

Usage:
  Non-class:     68.57 MB capacity,    67.26 MB ( 98%) used,     1.08 MB (  2%) free+waste,   232.69 KB ( <1%) overhead. 
      Class:     10.99 MB capacity,    10.19 MB ( 93%) used,   705.72 KB (  6%) free+waste,   109.38 KB ( <1%) overhead. 
       Both:     79.55 MB capacity,    77.45 MB ( 97%) used,     1.77 MB (  2%) free+waste,   342.06 KB ( <1%) overhead. 

Virtual space:
  Non-class space:       70.00 MB reserved,      68.75 MB ( 98%) committed 
      Class space:        1.00 GB reserved,      11.07 MB (  1%) committed 
             Both:        1.07 GB reserved,      79.82 MB (  7%) committed 

Chunk freelists:
   Non-Class:  0 bytes
       Class:  0 bytes
        Both:  0 bytes

MaxMetaspaceSize: 17179869184.00 GB
CompressedClassSpaceSize: 1.00 GB

CodeHeap 'non-profiled nmethods': size=120000Kb used=3541Kb max_used=3541Kb free=116458Kb
 bounds [0x0000014f10920000, 0x0000014f10ca0000, 0x0000014f17e50000]
CodeHeap 'profiled nmethods': size=120000Kb used=16105Kb max_used=16105Kb free=103894Kb
 bounds [0x0000014f093f0000, 0x0000014f0a3b0000, 0x0000014f10920000]
CodeHeap 'non-nmethods': size=5760Kb used=2272Kb max_used=2316Kb free=3488Kb
 bounds [0x0000014f08e50000, 0x0000014f090c0000, 0x0000014f093f0000]
 total_blobs=9109 nmethods=8239 adapters=781
 compilation: enabled
              stopped_count=0, restarted_count=0
 full_count=0

Compilation events (20 events):
Event: 16.379 Thread 0x0000014f1ffa5800 nmethod 8437 0x0000014f0a399e90 code [0x0000014f0a39a080, 0x0000014f0a39a5a8]
Event: 16.379 Thread 0x0000014f1ffa5800 8439       3       org.gradle.internal.snapshot.SingletonChildMap::withNode (11 bytes)
Event: 16.380 Thread 0x0000014f1ffa5800 nmethod 8439 0x0000014f0a39a710 code [0x0000014f0a39a960, 0x0000014f0a39b268]
Event: 16.380 Thread 0x0000014f1ffa5800 8438       3       org.gradle.internal.fingerprint.impl.DefaultFileNormalizationSpec::hashCode (22 bytes)
Event: 16.381 Thread 0x0000014f1ffa5800 nmethod 8438 0x0000014f0a39b610 code [0x0000014f0a39b800, 0x0000014f0a39bd08]
Event: 16.381 Thread 0x0000014f1ffa5800 8440       3       java.util.function.Function$$Lambda$53/0x000000010013c040::apply (5 bytes)
Event: 16.381 Thread 0x0000014f1ffa5800 nmethod 8440 0x0000014f0a39be90 code [0x0000014f0a39c040, 0x0000014f0a39c198]
Event: 16.381 Thread 0x0000014f1ffa5800 8441       3       java.util.function.Function::lambda$identity$2 (2 bytes)
Event: 16.381 Thread 0x0000014f1ffa5800 nmethod 8441 0x0000014f0a39c290 code [0x0000014f0a39c440, 0x0000014f0a39c518]
Event: 16.381 Thread 0x0000014f1ffa5800 8443       3       org.gradle.internal.fingerprint.impl.DefaultFileCollectionFingerprinterRegistry::getFingerprinter (61 bytes)
Event: 16.382 Thread 0x0000014f1ffa5800 nmethod 8443 0x0000014f0a39c590 code [0x0000014f0a39c880, 0x0000014f0a39d8c8]
Event: 16.383 Thread 0x0000014f1ffa5800 8450       3       com.google.common.base.Ticker$1::read (4 bytes)
Event: 16.383 Thread 0x0000014f1ffa5800 nmethod 8450 0x0000014f0a39de90 code [0x0000014f0a39e040, 0x0000014f0a39e1b8]
Event: 16.383 Thread 0x0000014f1ffa5800 8445       3       org.gradle.internal.execution.impl.DefaultInputFingerprinter$InputCollectingVisitor::visitInputFileProperty (48 bytes)
Event: 16.383 Thread 0x0000014f1ffa5800 nmethod 8445 0x0000014f0a39e290 code [0x0000014f0a39e4c0, 0x0000014f0a39ec88]
Event: 16.383 Thread 0x0000014f1ffa5800 8453   !   3       com.google.common.cache.LocalCache$Segment::lockedGetOrLoad (447 bytes)
Event: 16.395 Thread 0x0000014f1ffa5800 nmethod 8453 0x0000014f0a39ef10 code [0x0000014f0a39f7c0, 0x0000014f0a3a4998]
Event: 16.395 Thread 0x0000014f1ffa5800 8467   !   3       java.util.concurrent.ConcurrentHashMap::putVal (432 bytes)
Event: 16.398 Thread 0x0000014f1ffa5800 nmethod 8467 0x0000014f0a3a7590 code [0x0000014f0a3a7920, 0x0000014f0a3a9a58]
Event: 16.398 Thread 0x0000014f1ffa5800 8468       3       java.util.concurrent.ConcurrentHashMap::addCount (289 bytes)

GC Heap History (20 events):
Event: 6.355 GC heap after
{Heap after GC invocations=11 (full 0):
 garbage-first heap   total 115712K, used 28245K [0x0000000080000000, 0x0000000100000000)
  region size 1024K, 6 young (6144K), 6 survivors (6144K)
 Metaspace       used 40955K, capacity 41884K, committed 42060K, reserved 1085440K
  class space    used 5294K, capacity 5634K, committed 5708K, reserved 1048576K
}
Event: 7.287 GC heap before
{Heap before GC invocations=11 (full 0):
 garbage-first heap   total 115712K, used 76373K [0x0000000080000000, 0x0000000100000000)
  region size 1024K, 53 young (54272K), 6 survivors (6144K)
 Metaspace       used 45164K, capacity 46302K, committed 46412K, reserved 1089536K
  class space    used 5800K, capacity 6192K, committed 6220K, reserved 1048576K
}
Event: 7.296 GC heap after
{Heap after GC invocations=12 (full 0):
 garbage-first heap   total 115712K, used 30117K [0x0000000080000000, 0x0000000100000000)
  region size 1024K, 4 young (4096K), 4 survivors (4096K)
 Metaspace       used 45164K, capacity 46302K, committed 46412K, reserved 1089536K
  class space    used 5800K, capacity 6192K, committed 6220K, reserved 1048576K
}
Event: 9.351 GC heap before
{Heap before GC invocations=12 (full 0):
 garbage-first heap   total 115712K, used 83365K [0x0000000080000000, 0x0000000100000000)
  region size 1024K, 53 young (54272K), 4 survivors (4096K)
 Metaspace       used 47348K, capacity 48584K, committed 48844K, reserved 1091584K
  class space    used 6049K, capacity 6497K, committed 6604K, reserved 1048576K
}
Event: 9.362 GC heap after
{Heap after GC invocations=13 (full 0):
 garbage-first heap   total 115712K, used 42192K [0x0000000080000000, 0x0000000100000000)
  region size 1024K, 7 young (7168K), 7 survivors (7168K)
 Metaspace       used 47348K, capacity 48584K, committed 48844K, reserved 1091584K
  class space    used 6049K, capacity 6497K, committed 6604K, reserved 1048576K
}
Event: 10.592 GC heap before
{Heap before GC invocations=13 (full 0):
 garbage-first heap   total 115712K, used 84176K [0x0000000080000000, 0x0000000100000000)
  region size 1024K, 48 young (49152K), 7 survivors (7168K)
 Metaspace       used 52225K, capacity 53659K, committed 53836K, reserved 1095680K
  class space    used 6650K, capacity 7135K, committed 7244K, reserved 1048576K
}
Event: 10.606 GC heap after
{Heap after GC invocations=14 (full 0):
 garbage-first heap   total 115712K, used 44892K [0x0000000080000000, 0x0000000100000000)
  region size 1024K, 3 young (3072K), 3 survivors (3072K)
 Metaspace       used 52225K, capacity 53659K, committed 53836K, reserved 1095680K
  class space    used 6650K, capacity 7135K, committed 7244K, reserved 1048576K
}
Event: 11.602 GC heap before
{Heap before GC invocations=14 (full 0):
 garbage-first heap   total 115712K, used 82780K [0x0000000080000000, 0x0000000100000000)
  region size 1024K, 41 young (41984K), 3 survivors (3072K)
 Metaspace       used 58651K, capacity 60154K, committed 60236K, reserved 1101824K
  class space    used 7435K, capacity 7975K, committed 8012K, reserved 1048576K
}
Event: 11.613 GC heap after
{Heap after GC invocations=15 (full 0):
 garbage-first heap   total 139264K, used 46890K [0x0000000080000000, 0x0000000100000000)
  region size 1024K, 5 young (5120K), 5 survivors (5120K)
 Metaspace       used 58651K, capacity 60154K, committed 60236K, reserved 1101824K
  class space    used 7435K, capacity 7975K, committed 8012K, reserved 1048576K
}
Event: 12.508 GC heap before
{Heap before GC invocations=16 (full 0):
 garbage-first heap   total 139264K, used 98090K [0x0000000080000000, 0x0000000100000000)
  region size 1024K, 55 young (56320K), 5 survivors (5120K)
 Metaspace       used 63051K, capacity 64604K, committed 64972K, reserved 1105920K
  class space    used 8002K, capacity 8527K, committed 8652K, reserved 1048576K
}
Event: 12.519 GC heap after
{Heap after GC invocations=17 (full 0):
 garbage-first heap   total 139264K, used 50692K [0x0000000080000000, 0x0000000100000000)
  region size 1024K, 6 young (6144K), 6 survivors (6144K)
 Metaspace       used 63051K, capacity 64604K, committed 64972K, reserved 1105920K
  class space    used 8002K, capacity 8527K, committed 8652K, reserved 1048576K
}
Event: 12.855 GC heap before
{Heap before GC invocations=18 (full 0):
 garbage-first heap   total 139264K, used 101892K [0x0000000080000000, 0x0000000100000000)
  region size 1024K, 56 young (57344K), 6 survivors (6144K)
 Metaspace       used 63577K, capacity 65196K, committed 65356K, reserved 1105920K
  class space    used 8093K, capacity 8657K, committed 8780K, reserved 1048576K
}
Event: 12.864 GC heap after
{Heap after GC invocations=19 (full 0):
 garbage-first heap   total 139264K, used 55260K [0x0000000080000000, 0x0000000100000000)
  region size 1024K, 5 young (5120K), 5 survivors (5120K)
 Metaspace       used 63577K, capacity 65196K, committed 65356K, reserved 1105920K
  class space    used 8093K, capacity 8657K, committed 8780K, reserved 1048576K
}
Event: 13.653 GC heap before
{Heap before GC invocations=19 (full 0):
 garbage-first heap   total 139264K, used 105436K [0x0000000080000000, 0x0000000100000000)
  region size 1024K, 54 young (55296K), 5 survivors (5120K)
 Metaspace       used 68947K, capacity 70640K, committed 70860K, reserved 1110016K
  class space    used 8939K, capacity 9570K, committed 9676K, reserved 1048576K
}
Event: 13.663 GC heap after
{Heap after GC invocations=20 (full 0):
 garbage-first heap   total 139264K, used 58237K [0x0000000080000000, 0x0000000100000000)
  region size 1024K, 4 young (4096K), 4 survivors (4096K)
 Metaspace       used 68947K, capacity 70640K, committed 70860K, reserved 1110016K
  class space    used 8939K, capacity 9570K, committed 9676K, reserved 1048576K
}
Event: 14.832 GC heap before
{Heap before GC invocations=20 (full 0):
 garbage-first heap   total 139264K, used 107389K [0x0000000080000000, 0x0000000100000000)
  region size 1024K, 52 young (53248K), 4 survivors (4096K)
 Metaspace       used 74492K, capacity 76277K, committed 76492K, reserved 1116160K
  class space    used 9733K, capacity 10364K, committed 10444K, reserved 1048576K
}
Event: 14.838 GC heap after
{Heap after GC invocations=21 (full 0):
 garbage-first heap   total 139264K, used 60941K [0x0000000080000000, 0x0000000100000000)
  region size 1024K, 6 young (6144K), 6 survivors (6144K)
 Metaspace       used 74492K, capacity 76277K, committed 76492K, reserved 1116160K
  class space    used 9733K, capacity 10364K, committed 10444K, reserved 1048576K
}
Event: 15.787 GC heap before
{Heap before GC invocations=21 (full 0):
 garbage-first heap   total 139264K, used 110093K [0x0000000080000000, 0x0000000100000000)
  region size 1024K, 54 young (55296K), 6 survivors (6144K)
 Metaspace       used 78307K, capacity 80336K, committed 80460K, reserved 1118208K
  class space    used 10298K, capacity 11036K, committed 11084K, reserved 1048576K
}
Event: 15.799 GC heap after
{Heap after GC invocations=22 (full 0):
 garbage-first heap   total 139264K, used 64314K [0x0000000080000000, 0x0000000100000000)
  region size 1024K, 7 young (7168K), 7 survivors (7168K)
 Metaspace       used 78307K, capacity 80336K, committed 80460K, reserved 1118208K
  class space    used 10298K, capacity 11036K, committed 11084K, reserved 1048576K
}
Event: 16.400 GC heap before
{Heap before GC invocations=22 (full 0):
 garbage-first heap   total 139264K, used 110394K [0x0000000080000000, 0x0000000100000000)
  region size 1024K, 53 young (54272K), 7 survivors (7168K)
 Metaspace       used 79307K, capacity 81463K, committed 81740K, reserved 1120256K
  class space    used 10435K, capacity 11251K, committed 11340K, reserved 1048576K
}

Deoptimization events (20 events):
Event: 16.279 Thread 0x0000014f24570800 Uncommon trap: trap_request=0xffffff4d fr.pc=0x0000014f10c2bb88 relative=0x00000000000007c8
Event: 16.279 Thread 0x0000014f24570800 Uncommon trap: reason=unstable_if action=reinterpret pc=0x0000014f10c2bb88 method=java.util.concurrent.ConcurrentHashMap.addCount(JI)V @ 34 c2
Event: 16.279 Thread 0x0000014f24570800 DEOPT PACKING pc=0x0000014f10c2bb88 sp=0x000000363d7fe850
Event: 16.279 Thread 0x0000014f24570800 DEOPT UNPACKING pc=0x0000014f08e778af sp=0x000000363d7fe708 mode 2
Event: 16.293 Thread 0x0000014f24578000 DEOPT PACKING pc=0x0000014f0a14b244 sp=0x000000363ddfd140
Event: 16.293 Thread 0x0000014f24578000 DEOPT UNPACKING pc=0x0000014f08e776ce sp=0x000000363ddfc6e0 mode 0
Event: 16.312 Thread 0x0000014f24574800 Uncommon trap: trap_request=0xffffff4d fr.pc=0x0000014f109fc20c relative=0x000000000000130c
Event: 16.312 Thread 0x0000014f24574800 Uncommon trap: reason=unstable_if action=reinterpret pc=0x0000014f109fc20c method=java.util.concurrent.ConcurrentHashMap.transfer([Ljava/util/concurrent/ConcurrentHashMap$Node;[Ljava/util/concurrent/ConcurrentHashMap$Node;)V @ 34 c2
Event: 16.312 Thread 0x0000014f24574800 DEOPT PACKING pc=0x0000014f109fc20c sp=0x000000363dafde30
Event: 16.312 Thread 0x0000014f24574800 DEOPT UNPACKING pc=0x0000014f08e778af sp=0x000000363dafddd8 mode 2
Event: 16.318 Thread 0x0000014f24576000 Uncommon trap: trap_request=0xffffff4d fr.pc=0x0000014f109fc128 relative=0x0000000000001228
Event: 16.318 Thread 0x0000014f24576000 Uncommon trap: reason=unstable_if action=reinterpret pc=0x0000014f109fc128 method=java.util.concurrent.ConcurrentHashMap.transfer([Ljava/util/concurrent/ConcurrentHashMap$Node;[Ljava/util/concurrent/ConcurrentHashMap$Node;)V @ 347 c2
Event: 16.318 Thread 0x0000014f24576000 DEOPT PACKING pc=0x0000014f109fc128 sp=0x000000363dbfd9d0
Event: 16.318 Thread 0x0000014f24576000 DEOPT UNPACKING pc=0x0000014f08e778af sp=0x000000363dbfd960 mode 2
Event: 16.322 Thread 0x0000014f24574800 DEOPT PACKING pc=0x0000014f0a14b244 sp=0x000000363dafd690
Event: 16.322 Thread 0x0000014f24574800 DEOPT UNPACKING pc=0x0000014f08e776ce sp=0x000000363dafcc30 mode 0
Event: 16.396 Thread 0x0000014f24571800 Uncommon trap: trap_request=0xffffff4d fr.pc=0x0000014f10b5fe98 relative=0x00000000000000d8
Event: 16.396 Thread 0x0000014f24571800 Uncommon trap: reason=unstable_if action=reinterpret pc=0x0000014f10b5fe98 method=java.util.concurrent.locks.LockSupport.unpark(Ljava/lang/Thread;)V @ 1 c2
Event: 16.396 Thread 0x0000014f24571800 DEOPT PACKING pc=0x0000014f10b5fe98 sp=0x000000363dcfe8b0
Event: 16.396 Thread 0x0000014f24571800 DEOPT UNPACKING pc=0x0000014f08e778af sp=0x000000363dcfe758 mode 2

Classes redefined (0 events):
No events

Internal exceptions (20 events):
Event: 15.380 Thread 0x0000014f23631000 Exception <a 'java/lang/NoSuchMethodError'{0x0000000086613ba0}: <clinit>> (0x0000000086613ba0) thrown at [./src/hotspot/share/prims/jni.cpp, line 1362]
Event: 15.383 Thread 0x0000014f23631000 Exception <a 'java/lang/NoSuchMethodError'{0x0000000086649708}: <clinit>> (0x0000000086649708) thrown at [./src/hotspot/share/prims/jni.cpp, line 1362]
Event: 15.385 Thread 0x0000014f23631000 Exception <a 'java/lang/NoSuchMethodError'{0x000000008665d9e0}: <clinit>> (0x000000008665d9e0) thrown at [./src/hotspot/share/prims/jni.cpp, line 1362]
Event: 15.385 Thread 0x0000014f23631000 Exception <a 'java/lang/NoSuchMethodError'{0x000000008665f158}: <clinit>> (0x000000008665f158) thrown at [./src/hotspot/share/prims/jni.cpp, line 1362]
Event: 15.411 Thread 0x0000014f24294800 Exception <a 'java/lang/NoSuchMethodError'{0x000000008649eb30}: <clinit>> (0x000000008649eb30) thrown at [./src/hotspot/share/prims/jni.cpp, line 1362]
Event: 15.414 Thread 0x0000014f24294800 Exception <a 'java/lang/NoSuchMethodError'{0x00000000864b36f0}: <clinit>> (0x00000000864b36f0) thrown at [./src/hotspot/share/prims/jni.cpp, line 1362]
Event: 15.415 Thread 0x0000014f24294800 Exception <a 'java/lang/NoSuchMethodError'{0x00000000864cc978}: <clinit>> (0x00000000864cc978) thrown at [./src/hotspot/share/prims/jni.cpp, line 1362]
Event: 15.482 Thread 0x0000014f23631000 Exception <a 'java/lang/NoSuchMethodError'{0x00000000861b3780}: <clinit>> (0x00000000861b3780) thrown at [./src/hotspot/share/prims/jni.cpp, line 1362]
Event: 15.586 Thread 0x0000014f21fb2800 Exception <a 'java/lang/NoSuchMethodError'{0x0000000086089ec0}: 'java.lang.Object java.lang.invoke.Invokers$Holder.linkToTargetMethod(java.lang.Object, java.lang.Object, java.lang.Object, int, java.lang.Object, java.lang.Object)'> (0x0000000086089ec0) thrown at [./src/hotspot/share/interpreter/linkResolver.cpp, line 773]
Event: 15.612 Thread 0x0000014f21fb2800 Exception <a 'java/lang/IncompatibleClassChangeError'{0x00000000860f3528}: Found class java.lang.Object, but interface was expected> (0x00000000860f3528) thrown at [./src/hotspot/share/interpreter/linkResolver.cpp, line 839]
Event: 15.646 Thread 0x0000014f21fb2800 Exception <a 'java/lang/NoSuchMethodError'{0x0000000085ee13d8}: 'int java.lang.invoke.DirectMethodHandle$Holder.invokeStaticInit(java.lang.Object, java.lang.Object, java.lang.Object, java.lang.Object, java.lang.Object)'> (0x0000000085ee13d8) thrown at [./src/hotspot/share/interpreter/linkResolver.cpp, line 773]
Event: 15.959 Thread 0x0000014f24571800 Exception <a 'java/lang/NoSuchMethodError'{0x0000000087f9b238}: 'java.lang.Object java.lang.invoke.DirectMethodHandle$Holder.invokeSpecialIFC(java.lang.Object, java.lang.Object, java.lang.Object)'> (0x0000000087f9b238) thrown at [./src/hotspot/share/interpreter/linkResolver.cpp, line 773]
Event: 15.959 Thread 0x0000014f24577000 Exception <a 'java/lang/NoSuchMethodError'{0x0000000087fbaa90}: 'java.lang.Object java.lang.invoke.DirectMethodHandle$Holder.invokeSpecialIFC(java.lang.Object, java.lang.Object, java.lang.Object)'> (0x0000000087fbaa90) thrown at [./src/hotspot/share/interpreter/linkResolver.cpp, line 773]
Event: 15.959 Thread 0x0000014f24578000 Exception <a 'java/lang/NoSuchMethodError'{0x0000000087f4cb40}: 'java.lang.Object java.lang.invoke.DirectMethodHandle$Holder.invokeSpecialIFC(java.lang.Object, java.lang.Object, java.lang.Object)'> (0x0000000087f4cb40) thrown at [./src/hotspot/share/interpreter/linkResolver.cpp, line 773]
Event: 15.959 Thread 0x0000014f24572000 Exception <a 'java/lang/NoSuchMethodError'{0x0000000087fa4560}: 'java.lang.Object java.lang.invoke.DirectMethodHandle$Holder.invokeSpecialIFC(java.lang.Object, java.lang.Object, java.lang.Object)'> (0x0000000087fa4560) thrown at [./src/hotspot/share/interpreter/linkResolver.cpp, line 773]
Event: 15.959 Thread 0x0000014f24570800 Exception <a 'java/lang/NoSuchMethodError'{0x0000000087faf3f0}: 'java.lang.Object java.lang.invoke.DirectMethodHandle$Holder.invokeSpecialIFC(java.lang.Object, java.lang.Object, java.lang.Object)'> (0x0000000087faf3f0) thrown at [./src/hotspot/share/interpreter/linkResolver.cpp, line 773]
Event: 15.959 Thread 0x0000014f24574800 Exception <a 'java/lang/NoSuchMethodError'{0x0000000087f902a0}: 'java.lang.Object java.lang.invoke.DirectMethodHandle$Holder.invokeSpecialIFC(java.lang.Object, java.lang.Object, java.lang.Object)'> (0x0000000087f902a0) thrown at [./src/hotspot/share/interpreter/linkResolver.cpp, line 773]
Event: 15.959 Thread 0x0000014f24576000 Exception <a 'java/lang/NoSuchMethodError'{0x0000000087fc50f0}: 'java.lang.Object java.lang.invoke.DirectMethodHandle$Holder.invokeSpecialIFC(java.lang.Object, java.lang.Object, java.lang.Object)'> (0x0000000087fc50f0) thrown at [./src/hotspot/share/interpreter/linkResolver.cpp, line 773]
Event: 15.960 Thread 0x0000014f24575800 Exception <a 'java/lang/NoSuchMethodError'{0x0000000087f86d00}: 'java.lang.Object java.lang.invoke.DirectMethodHandle$Holder.invokeSpecialIFC(java.lang.Object, java.lang.Object, java.lang.Object)'> (0x0000000087f86d00) thrown at [./src/hotspot/share/interpreter/linkResolver.cpp, line 773]
Event: 16.128 Thread 0x0000014f24575800 Exception <a 'java/lang/NoSuchMethodError'{0x0000000086d58bb8}: 'void java.lang.invoke.DirectMethodHandle$Holder.invokeVirtual(java.lang.Object, java.lang.Object)'> (0x0000000086d58bb8) thrown at [./src/hotspot/share/interpreter/linkResolver.cpp, line 773]

Events (20 events):
Event: 16.345 loading class org/gradle/internal/fingerprint/impl/IgnoredPathFingerprintingStrategy done
Event: 16.345 loading class org/gradle/internal/fingerprint/impl/IgnoredPathFingerprintingStrategy$1
Event: 16.345 loading class org/gradle/internal/fingerprint/impl/IgnoredPathFingerprintingStrategy$1 done
Event: 16.357 loading class org/gradle/internal/snapshot/impl/SetValueSnapshot
Event: 16.357 loading class org/gradle/internal/snapshot/impl/SetValueSnapshot done
Event: 16.365 loading class com/android/build/gradle/tasks/MergeResources$Flag
Event: 16.365 loading class com/android/build/gradle/tasks/MergeResources$Flag done
Event: 16.370 loading class com/google/common/collect/ImmutableList$Builder
Event: 16.370 loading class com/google/common/collect/ImmutableList$Builder done
Event: 16.370 loading class org/gradle/api/internal/file/FileCollectionInternal
Event: 16.370 loading class org/gradle/api/internal/file/FileCollectionInternal done
Event: 16.370 loading class org/gradle/api/internal/file/collections/DefaultConfigurableFileCollection
Event: 16.370 loading class org/gradle/api/internal/file/collections/DefaultConfigurableFileCollection done
Event: 16.370 loading class org/gradle/api/internal/file/collections/DefaultConfigurableFileCollection$1
Event: 16.370 loading class org/gradle/api/internal/file/collections/DefaultConfigurableFileCollection$1 done
Event: 16.371 loading class org/gradle/api/internal/file/collections/DefaultConfigurableFileCollection$ResolvedItemsCollector
Event: 16.371 loading class org/gradle/api/internal/file/collections/DefaultConfigurableFileCollection$ResolvedItemsCollector done
Event: 16.388 Executing VM operation: RevokeBias
Event: 16.388 Executing VM operation: RevokeBias done
Event: 16.399 Executing VM operation: G1CollectForAllocation


Dynamic libraries:
0x00007ff648140000 - 0x00007ff64814a000 	D:\Android Studio\jre\bin\java.exe
0x00007fff35630000 - 0x00007fff35825000 	C:\WINDOWS\SYSTEM32\ntdll.dll
0x00007fff33680000 - 0x00007fff3373e000 	C:\WINDOWS\System32\KERNEL32.DLL
0x00007fff33030000 - 0x00007fff332f9000 	C:\WINDOWS\System32\KERNELBASE.dll
0x00007fff33470000 - 0x00007fff33570000 	C:\WINDOWS\System32\ucrtbase.dll
0x00007fff29510000 - 0x00007fff29529000 	D:\Android Studio\jre\bin\jli.dll
0x00007fff294f0000 - 0x00007fff29507000 	D:\Android Studio\jre\bin\VCRUNTIME140.dll
0x00007fff34060000 - 0x00007fff34201000 	C:\WINDOWS\System32\USER32.dll
0x00007fff33000000 - 0x00007fff33022000 	C:\WINDOWS\System32\win32u.dll
0x00007fff1b5c0000 - 0x00007fff1b85a000 	C:\WINDOWS\WinSxS\amd64_microsoft.windows.common-controls_6595b64144ccf1df_6.0.19041.1110_none_60b5254171f9507e\COMCTL32.dll
0x00007fff34490000 - 0x00007fff344bb000 	C:\WINDOWS\System32\GDI32.dll
0x00007fff34780000 - 0x00007fff3481e000 	C:\WINDOWS\System32\msvcrt.dll
0x00007fff33570000 - 0x00007fff3367b000 	C:\WINDOWS\System32\gdi32full.dll
0x00007fff32eb0000 - 0x00007fff32f4d000 	C:\WINDOWS\System32\msvcp_win.dll
0x00007fff34e20000 - 0x00007fff34e50000 	C:\WINDOWS\System32\IMM32.DLL
0x00007fff1c500000 - 0x00007fff1c59d000 	D:\Android Studio\jre\bin\msvcp140.dll
0x00007ffec26d0000 - 0x00007ffec319f000 	D:\Android Studio\jre\bin\server\jvm.dll
0x00007fff33fb0000 - 0x00007fff3405c000 	C:\WINDOWS\System32\ADVAPI32.dll
0x00007fff344c0000 - 0x00007fff3455b000 	C:\WINDOWS\System32\sechost.dll
0x00007fff34560000 - 0x00007fff3468a000 	C:\WINDOWS\System32\RPCRT4.dll
0x00007fff34770000 - 0x00007fff34778000 	C:\WINDOWS\System32\PSAPI.DLL
0x00007fff28270000 - 0x00007fff2827a000 	C:\WINDOWS\SYSTEM32\VERSION.dll
0x00007fff1ba10000 - 0x00007fff1ba37000 	C:\WINDOWS\SYSTEM32\WINMM.dll
0x00007fff29560000 - 0x00007fff29569000 	C:\WINDOWS\SYSTEM32\WSOCK32.dll
0x00007fff338f0000 - 0x00007fff3395b000 	C:\WINDOWS\System32\WS2_32.dll
0x00007fff315d0000 - 0x00007fff315e2000 	C:\WINDOWS\SYSTEM32\kernel.appcore.dll
0x00007fff29540000 - 0x00007fff29551000 	D:\Android Studio\jre\bin\verify.dll
0x00007fff30b50000 - 0x00007fff30d34000 	C:\WINDOWS\SYSTEM32\DBGHELP.DLL
0x00007fff17c30000 - 0x00007fff17c5c000 	C:\WINDOWS\SYSTEM32\dbgcore.DLL
0x00007fff333e0000 - 0x00007fff33463000 	C:\WINDOWS\System32\bcryptPrimitives.dll
0x00007fff1fe90000 - 0x00007fff1feb9000 	D:\Android Studio\jre\bin\java.dll
0x00007fff29530000 - 0x00007fff2953b000 	D:\Android Studio\jre\bin\jimage.dll
0x00007fff28e20000 - 0x00007fff28e38000 	D:\Android Studio\jre\bin\zip.dll
0x00007fff34eb0000 - 0x00007fff355ef000 	C:\WINDOWS\System32\SHELL32.dll
0x00007fff30e30000 - 0x00007fff315c0000 	C:\WINDOWS\SYSTEM32\windows.storage.dll
0x00007fff33a90000 - 0x00007fff33de5000 	C:\WINDOWS\System32\combase.dll
0x00007fff32730000 - 0x00007fff3275c000 	C:\WINDOWS\SYSTEM32\Wldp.dll
0x00007fff34ca0000 - 0x00007fff34d4e000 	C:\WINDOWS\System32\SHCORE.dll
0x00007fff34210000 - 0x00007fff34265000 	C:\WINDOWS\System32\shlwapi.dll
0x00007fff32c90000 - 0x00007fff32caf000 	C:\WINDOWS\SYSTEM32\profapi.dll
0x00007fff28b80000 - 0x00007fff28b9a000 	D:\Android Studio\jre\bin\net.dll
0x00007fff271b0000 - 0x00007fff272b8000 	C:\WINDOWS\SYSTEM32\WINHTTP.dll
0x00007fff32430000 - 0x00007fff3249a000 	C:\WINDOWS\system32\mswsock.dll
0x00007fff1f700000 - 0x00007fff1f714000 	D:\Android Studio\jre\bin\nio.dll
0x00007fff29570000 - 0x00007fff29597000 	C:\Users\JOY\.gradle\native\8bec1ad78214c89d9ad589b4d07fe93259594b29d510b10fafb7a158f7737e5d\windows-amd64\native-platform.dll
0x00007fff1f960000 - 0x00007fff1fa9d000 	C:\Users\JOY\.gradle\native\53dbd7edfb1c66fb8903c78663c9afc45aea4f116125fa6feffd364cf09443e8\windows-amd64\native-platform-file-events.dll
0x00007fff28f20000 - 0x00007fff28f2a000 	D:\Android Studio\jre\bin\management.dll
0x00007fff279a0000 - 0x00007fff279ac000 	D:\Android Studio\jre\bin\management_ext.dll
0x00007fff32680000 - 0x00007fff32698000 	C:\WINDOWS\SYSTEM32\CRYPTSP.dll
0x00007fff31db0000 - 0x00007fff31de4000 	C:\WINDOWS\system32\rsaenh.dll
0x00007fff333b0000 - 0x00007fff333d7000 	C:\WINDOWS\System32\bcrypt.dll
0x00007fff32c10000 - 0x00007fff32c3e000 	C:\WINDOWS\SYSTEM32\USERENV.dll
0x00007fff326a0000 - 0x00007fff326ac000 	C:\WINDOWS\SYSTEM32\CRYPTBASE.dll
0x00007fff32120000 - 0x00007fff3215b000 	C:\WINDOWS\SYSTEM32\IPHLPAPI.DLL
0x00007fff33fa0000 - 0x00007fff33fa8000 	C:\WINDOWS\System32\NSI.dll
0x00007fff26940000 - 0x00007fff26957000 	C:\WINDOWS\SYSTEM32\dhcpcsvc6.DLL
0x00007fff26900000 - 0x00007fff2691d000 	C:\WINDOWS\SYSTEM32\dhcpcsvc.DLL
0x00007fff32160000 - 0x00007fff3222c000 	C:\WINDOWS\SYSTEM32\DNSAPI.dll

dbghelp: loaded successfully - version: 4.0.5 - missing functions: none
symbol engine: initialized successfully - sym options: 0x614 - pdb path: .;D:\Android Studio\jre\bin;C:\WINDOWS\SYSTEM32;C:\WINDOWS\WinSxS\amd64_microsoft.windows.common-controls_6595b64144ccf1df_6.0.19041.1110_none_60b5254171f9507e;D:\Android Studio\jre\bin\server;C:\Users\JOY\.gradle\native\8bec1ad78214c89d9ad589b4d07fe93259594b29d510b10fafb7a158f7737e5d\windows-amd64;C:\Users\JOY\.gradle\native\53dbd7edfb1c66fb8903c78663c9afc45aea4f116125fa6feffd364cf09443e8\windows-amd64

VM Arguments:
jvm_args: --add-opens=java.base/java.util=ALL-UNNAMED --add-opens=java.base/java.lang=ALL-UNNAMED --add-opens=java.base/java.lang.invoke=ALL-UNNAMED --add-opens=java.base/java.util=ALL-UNNAMED --add-opens=java.prefs/java.util.prefs=ALL-UNNAMED --add-opens=java.prefs/java.util.prefs=ALL-UNNAMED --add-opens=java.base/java.nio.charset=ALL-UNNAMED --add-opens=java.base/java.net=ALL-UNNAMED --add-opens=java.base/java.util.concurrent.atomic=ALL-UNNAMED -Xmx2048m -Dfile.encoding=UTF-8 -Duser.country=IN -Duser.language=en -Duser.variant 
java_command: org.gradle.launcher.daemon.bootstrap.GradleDaemon 7.0.2
java_class_path (initial): C:\Users\JOY\.gradle\wrapper\dists\gradle-7.0.2-bin\857tjihv64xamwrf0h14cai3r\gradle-7.0.2\lib\gradle-launcher-7.0.2.jar
Launcher Type: SUN_STANDARD

[Global flags]
     intx CICompilerCount                          = 4                                         {product} {ergonomic}
     uint ConcGCThreads                            = 2                                         {product} {ergonomic}
     uint G1ConcRefinementThreads                  = 8                                         {product} {ergonomic}
   size_t G1HeapRegionSize                         = 1048576                                   {product} {ergonomic}
    uintx GCDrainStackTargetSize                   = 64                                        {product} {ergonomic}
   size_t InitialHeapSize                          = 98566144                                  {product} {ergonomic}
   size_t MarkStackSize                            = 4194304                                   {product} {ergonomic}
   size_t MaxHeapSize                              = 2147483648                                {product} {command line}
   size_t MaxNewSize                               = 1287651328                                {product} {ergonomic}
   size_t MinHeapDeltaBytes                        = 1048576                                   {product} {ergonomic}
    uintx NonNMethodCodeHeapSize                   = 5836300                                {pd product} {ergonomic}
    uintx NonProfiledCodeHeapSize                  = 122910970                              {pd product} {ergonomic}
    uintx ProfiledCodeHeapSize                     = 122910970                              {pd product} {ergonomic}
    uintx ReservedCodeCacheSize                    = 251658240                              {pd product} {ergonomic}
     bool SegmentedCodeCache                       = true                                      {product} {ergonomic}
     bool UseCompressedClassPointers               = true                                 {lp64_product} {ergonomic}
     bool UseCompressedOops                        = true                                 {lp64_product} {ergonomic}
     bool UseG1GC                                  = true                                      {product} {ergonomic}
     bool UseLargePagesIndividualAllocation        = false                                  {pd product} {ergonomic}

Logging:
Log output configuration:
 #0: stdout all=warning uptime,level,tags
 #1: stderr all=off uptime,level,tags

Environment Variables:
PATH=C:\Program Files (x86)\VMware\VMware Player\bin\;C:\Program Files (x86)\Common Files\Oracle\Java\javapath;C:\Windows\system32;C:\Windows;C:\Windows\System32\Wbem;C:\Windows\System32\WindowsPowerShell\v1.0\;C:\Windows\System32\OpenSSH\;C:\Program Files (x86)\NVIDIA Corporation\PhysX\Common;C:\Program Files\NVIDIA Corporation\NVIDIA NvDLISR;C:\WINDOWS\system32;C:\WINDOWS;C:\WINDOWS\System32\Wbem;C:\WINDOWS\System32\WindowsPowerShell\v1.0\;C:\WINDOWS\System32\OpenSSH\;C:\Program Files (x86)\Calibre2\;C:\Program Files (x86)\GtkSharp\2.12\bin;C:\Program Files\Java\jdk1.8.0_261\bin;C:\Program Files\Microsoft SQL Server\Client SDK\ODBC\170\Tools\Binn\;C:\Program Files (x86)\Microsoft SQL Server\150\Tools\Binn\;C:\Program Files\Microsoft SQL Server\150\Tools\Binn\;C:\Program Files\Microsoft SQL Server\150\DTS\Binn\;C:\Program Files (x86)\Microsoft SQL Server\150\DTS\Binn\;C:\Program Files\Azure Data Studio\bin;C:\Program Files\Git\cmd;D:\Python3\Scripts\;D:\Python3\;D:\Python 3.8.5\Scripts\;D:\Python 3.8.5\;D:\Python 3.8.1\Scripts\;D:\Python 3.8.1\;D:\Scripts\;D:\;C:\Users\JOY\AppData\Local\Microsoft\WindowsApps;D:\IntelliJ IDEA Community Edition 2020.2\bin;;D:\PyCharm Community Edition 2020.2.1\bin;;C:\Program Files\Azure Data Studio\bin
USERNAME=JOY
OS=Windows_NT
PROCESSOR_IDENTIFIER=Intel64 Family 6 Model 142 Stepping 11, GenuineIntel



---------------  S Y S T E M  ---------------

OS: Windows 10 , 64 bit Build 19041 (10.0.19041.1202)
OS uptime: 1 days 2:54 hours

CPU:total 8 (initial active 8) (4 cores per cpu, 2 threads per core) family 6 model 142 stepping 11 microcode 0xea, cmov, cx8, fxsr, mmx, sse, sse2, sse3, ssse3, sse4.1, sse4.2, popcnt, avx, avx2, aes, clmul, erms, 3dnowpref, lzcnt, ht, tsc, tscinvbit, bmi1, bmi2, adx, fma

Memory: 4k page, system-wide physical 5949M (325M free)
TotalPageFile size 24381M (AvailPageFile size 19M)
current process WorkingSet (physical memory assigned to process): 313M, peak: 313M
current process commit charge ("private bytes"): 387M, peak: 415M

vm_info: OpenJDK 64-Bit Server VM (11.0.10+0-b96-7249189) for windows-amd64 JRE (11.0.10+0-b96-7249189), built on Mar 31 2021 21:44:00 by "builder" with MS VC++ 14.0 (VS2015)

END.
