#
# There is insufficient memory for the Java Runtime Environment to continue.
# Native memory allocation (mmap) failed to map 19922944 bytes for Failed to commit area from 0x0000000085e00000 to 0x0000000087100000 of length 19922944.
# Possible reasons:
#   The system is out of physical RAM or swap space
#   The process is running with CompressedOops enabled, and the Java Heap may be blocking the growth of the native heap
# Possible solutions:
#   Reduce memory load on the system
#   Increase physical memory or swap space
#   Check if swap backing store is full
#   Decrease Java heap size (-Xmx/-Xms)
#   Decrease number of Java threads
#   Decrease Java thread stack sizes (-Xss)
#   Set larger code cache with -XX:ReservedCodeCacheSize=
#   JVM is running with Unscaled Compressed Oops mode in which the Java heap is
#     placed in the first 4GB address space. The Java Heap base address is the
#     maximum limit for the native heap growth. Please use -XX:HeapBaseMinAddress
#     to set the Java Heap base and to place the Java Heap above 4GB virtual address.
# This output file may be truncated or incomplete.
#
#  Out of Memory Error (./src/hotspot/os/windows/os_windows.cpp:3301), pid=19396, tid=6780
#
# JRE version: OpenJDK Runtime Environment (11.0.10) (build 11.0.10+0-b96-7249189)
# Java VM: OpenJDK 64-Bit Server VM (11.0.10+0-b96-7249189, mixed mode, tiered, compressed oops, g1 gc, windows-amd64)
# No core dump will be written. Minidumps are not enabled by default on client versions of Windows
#

---------------  S U M M A R Y ------------

Command Line: --add-opens=java.base/java.util=ALL-UNNAMED --add-opens=java.base/java.lang=ALL-UNNAMED --add-opens=java.base/java.lang.invoke=ALL-UNNAMED --add-opens=java.base/java.util=ALL-UNNAMED --add-opens=java.prefs/java.util.prefs=ALL-UNNAMED --add-opens=java.prefs/java.util.prefs=ALL-UNNAMED --add-opens=java.base/java.nio.charset=ALL-UNNAMED --add-opens=java.base/java.net=ALL-UNNAMED --add-opens=java.base/java.util.concurrent.atomic=ALL-UNNAMED -Xmx2048m -Dfile.encoding=UTF-8 -Duser.country=IN -Duser.language=en -Duser.variant org.gradle.launcher.daemon.bootstrap.GradleDaemon 7.0.2

Host: Intel(R) Core(TM) i5-8265U CPU @ 1.60GHz, 8 cores, 5G,  Windows 10 , 64 bit Build 19041 (10.0.19041.1202)
Time: Sun Oct 17 18:45:54 2021 India Standard Time elapsed time: 7.188108 seconds (0d 0h 0m 7s)

---------------  T H R E A D  ---------------

Current thread (0x0000027aedad5800):  VMThread "VM Thread" [stack: 0x0000009162000000,0x0000009162100000] [id=6780]

Stack: [0x0000009162000000,0x0000009162100000]
[error occurred during error reporting (printing stack bounds), id 0xc0000005, EXCEPTION_ACCESS_VIOLATION (0xc0000005) at pc=0x0000027ad6a50f2d]

Native frames: (J=compiled Java code, j=interpreted, Vv=VM code, C=native code)
V  [jvm.dll+0x5ecfaa]
V  [jvm.dll+0x722bd5]
V  [jvm.dll+0x72412d]
V  [jvm.dll+0x724745]
V  [jvm.dll+0x7246fb]
V  [jvm.dll+0x5ec348]
V  [jvm.dll+0x5ecad8]
C  [ntdll.dll+0xa20cf]
C  [ntdll.dll+0x51454]
C  [ntdll.dll+0xa0bfe]
C  0x0000027ad6a50f2d

VM_Operation (0x00000091636f6950): G1CollectForAllocation, mode: safepoint, requested by thread 0x0000027af031f800


---------------  P R O C E S S  ---------------

Threads class SMR info:
_java_thread_list=0x0000027af07a6b10, length=34, elements={
0x0000027ad2f5a000, 0x0000027aedad9000, 0x0000027aedae4800, 0x0000027aee472800,
0x0000027aedaf2800, 0x0000027aedaf5800, 0x0000027aedaf8800, 0x0000027aedb03800,
0x0000027aedb0c000, 0x0000027aee5a9000, 0x0000027aef863800, 0x0000027af093a000,
0x0000027aef8c4800, 0x0000027aef95a000, 0x0000027aef95c800, 0x0000027af02f4000,
0x0000027af031f800, 0x0000027aef95d800, 0x0000027af02c0800, 0x0000027aef60d800,
0x0000027aef610000, 0x0000027aef60f000, 0x0000027aef60e800, 0x0000027af0567800,
0x0000027af0568000, 0x0000027af0569000, 0x0000027af0566800, 0x0000027af0569800,
0x0000027af0564000, 0x0000027af056a800, 0x0000027af056b800, 0x0000027af0565800,
0x0000027af056d000, 0x0000027af0572800
}

Java Threads: ( => current thread )
  0x0000027ad2f5a000 JavaThread "main" [_thread_blocked, id=2264, stack(0x0000009161a00000,0x0000009161b00000)]
  0x0000027aedad9000 JavaThread "Reference Handler" daemon [_thread_blocked, id=12476, stack(0x0000009162100000,0x0000009162200000)]
  0x0000027aedae4800 JavaThread "Finalizer" daemon [_thread_blocked, id=6868, stack(0x0000009162200000,0x0000009162300000)]
  0x0000027aee472800 JavaThread "Signal Dispatcher" daemon [_thread_blocked, id=18116, stack(0x0000009162300000,0x0000009162400000)]
  0x0000027aedaf2800 JavaThread "Attach Listener" daemon [_thread_blocked, id=2444, stack(0x0000009162400000,0x0000009162500000)]
  0x0000027aedaf5800 JavaThread "Service Thread" daemon [_thread_blocked, id=10496, stack(0x0000009162500000,0x0000009162600000)]
  0x0000027aedaf8800 JavaThread "C2 CompilerThread0" daemon [_thread_blocked, id=3856, stack(0x0000009162600000,0x0000009162700000)]
  0x0000027aedb03800 JavaThread "C1 CompilerThread0" daemon [_thread_blocked, id=1152, stack(0x0000009162700000,0x0000009162800000)]
  0x0000027aedb0c000 JavaThread "Sweeper thread" daemon [_thread_blocked, id=19068, stack(0x0000009162800000,0x0000009162900000)]
  0x0000027aee5a9000 JavaThread "Common-Cleaner" daemon [_thread_blocked, id=9204, stack(0x0000009162900000,0x0000009162a00000)]
  0x0000027aef863800 JavaThread "Daemon health stats" [_thread_blocked, id=21052, stack(0x0000009162c00000,0x0000009162d00000)]
  0x0000027af093a000 JavaThread "Incoming local TCP Connector on port 57299" [_thread_in_native, id=3492, stack(0x0000009163100000,0x0000009163200000)]
  0x0000027aef8c4800 JavaThread "Daemon periodic checks" [_thread_blocked, id=22372, stack(0x0000009163200000,0x0000009163300000)]
  0x0000027aef95a000 JavaThread "Daemon" [_thread_blocked, id=12404, stack(0x0000009163300000,0x0000009163400000)]
  0x0000027aef95c800 JavaThread "Handler for socket connection from /127.0.0.1:57299 to /127.0.0.1:57300" [_thread_in_native, id=4440, stack(0x0000009163400000,0x0000009163500000)]
  0x0000027af02f4000 JavaThread "Cancel handler" [_thread_blocked, id=22044, stack(0x0000009163500000,0x0000009163600000)]
  0x0000027af031f800 JavaThread "Daemon worker" [_thread_blocked, id=6856, stack(0x0000009163600000,0x0000009163700000)]
  0x0000027aef95d800 JavaThread "Asynchronous log dispatcher for DefaultDaemonConnection: socket connection from /127.0.0.1:57299 to /127.0.0.1:57300" [_thread_blocked, id=17780, stack(0x0000009163700000,0x0000009163800000)]
  0x0000027af02c0800 JavaThread "Stdin handler" [_thread_blocked, id=18700, stack(0x0000009163800000,0x0000009163900000)]
  0x0000027aef60d800 JavaThread "Daemon client event forwarder" [_thread_blocked, id=19156, stack(0x0000009163900000,0x0000009163a00000)]
  0x0000027aef610000 JavaThread "Cache worker for file hash cache (C:\Users\JOY\.gradle\caches\7.0.2\fileHashes)" [_thread_blocked, id=13620, stack(0x0000009163e00000,0x0000009163f00000)]
  0x0000027aef60f000 JavaThread "File lock request listener" [_thread_in_native, id=19172, stack(0x0000009163f00000,0x0000009164000000)]
  0x0000027aef60e800 JavaThread "Cache worker for journal cache (C:\Users\JOY\.gradle\caches\journal-1)" [_thread_blocked, id=15476, stack(0x0000009164100000,0x0000009164200000)]
  0x0000027af0567800 JavaThread "Cache worker for file hash cache (C:\Users\JOY\AndroidStudioProjects\BasicBankingSystem\.gradle\7.0.2\fileHashes)" [_thread_blocked, id=17688, stack(0x0000009164200000,0x0000009164300000)]
  0x0000027af0568000 JavaThread "File watcher server" daemon [_thread_in_native, id=21084, stack(0x0000009164300000,0x0000009164400000)]
  0x0000027af0569000 JavaThread "File watcher consumer" daemon [_thread_blocked, id=10276, stack(0x0000009164400000,0x0000009164500000)]
  0x0000027af0566800 JavaThread "Cache worker for checksums cache (C:\Users\JOY\AndroidStudioProjects\BasicBankingSystem\.gradle\checksums)" [_thread_blocked, id=22444, stack(0x0000009164500000,0x0000009164600000)]
  0x0000027af0569800 JavaThread "Cache worker for cache directory md-supplier (C:\Users\JOY\.gradle\caches\7.0.2\md-supplier)" [_thread_blocked, id=15840, stack(0x0000009164600000,0x0000009164700000)]
  0x0000027af0564000 JavaThread "Cache worker for cache directory md-rule (C:\Users\JOY\.gradle\caches\7.0.2\md-rule)" [_thread_blocked, id=20020, stack(0x0000009164700000,0x0000009164800000)]
  0x0000027af056a800 JavaThread "Cache worker for execution history cache (C:\Users\JOY\.gradle\caches\7.0.2\executionHistory)" [_thread_blocked, id=3612, stack(0x0000009164800000,0x0000009164900000)]
  0x0000027af056b800 JavaThread "jar transforms" [_thread_blocked, id=13520, stack(0x0000009164900000,0x0000009164a00000)]
  0x0000027af0565800 JavaThread "jar transforms Thread 2" [_thread_blocked, id=17484, stack(0x0000009164a00000,0x0000009164b00000)]
  0x0000027af056d000 JavaThread "Cache worker for file content cache (C:\Users\JOY\.gradle\caches\7.0.2\fileContent)" [_thread_blocked, id=16272, stack(0x0000009164b00000,0x0000009164c00000)]
  0x0000027af0572800 JavaThread "Cache worker for dependencies-accessors (C:\Users\JOY\AndroidStudioProjects\BasicBankingSystem\.gradle\7.0.2\dependencies-accessors)" [_thread_blocked, id=3656, stack(0x0000009164c00000,0x0000009164d00000)]

Other Threads:
=>0x0000027aedad5800 VMThread "VM Thread" [stack: 0x0000009162000000,0x0000009162100000] [id=6780]
  0x0000027aee5d8000 WatcherThread [stack: 0x0000009162a00000,0x0000009162b00000] [id=8512]
  0x0000027ad2f75000 GCTaskThread "GC Thread#0" [stack: 0x0000009161b00000,0x0000009161c00000] [id=18748]
  0x0000027aef135000 GCTaskThread "GC Thread#1" [stack: 0x0000009162b00000,0x0000009162c00000] [id=13284]
  0x0000027aefe4c000 GCTaskThread "GC Thread#2" [stack: 0x0000009162d00000,0x0000009162e00000] [id=13320]
  0x0000027aef5c6800 GCTaskThread "GC Thread#3" [stack: 0x0000009162e00000,0x0000009162f00000] [id=19260]
  0x0000027aef56a800 GCTaskThread "GC Thread#4" [stack: 0x0000009163a00000,0x0000009163b00000] [id=2856]
  0x0000027af0277800 GCTaskThread "GC Thread#5" [stack: 0x0000009163b00000,0x0000009163c00000] [id=19208]
  0x0000027af03d9000 GCTaskThread "GC Thread#6" [stack: 0x0000009163c00000,0x0000009163d00000] [id=12300]
  0x0000027af0307000 GCTaskThread "GC Thread#7" [stack: 0x0000009163d00000,0x0000009163e00000] [id=8948]
  0x0000027ad2fab800 ConcurrentGCThread "G1 Main Marker" [stack: 0x0000009161c00000,0x0000009161d00000] [id=19036]
  0x0000027ad2fad000 ConcurrentGCThread "G1 Conc#0" [stack: 0x0000009161d00000,0x0000009161e00000] [id=21276]
  0x0000027af0640000 ConcurrentGCThread "G1 Conc#1" [stack: 0x0000009164000000,0x0000009164100000] [id=21116]
  0x0000027ad3033800 ConcurrentGCThread "G1 Refine#0" [stack: 0x0000009161e00000,0x0000009161f00000] [id=1444]
  0x0000027aef17f000 ConcurrentGCThread "G1 Refine#1" [stack: 0x0000009162f00000,0x0000009163000000] [id=10392]
  0x0000027aefff8800 ConcurrentGCThread "G1 Refine#2" [stack: 0x0000009163000000,0x0000009163100000] [id=22000]
  0x0000027ad3034800 ConcurrentGCThread "G1 Young RemSet Sampling" [stack: 0x0000009161f00000,0x0000009162000000] [id=19712]

Threads with active compile tasks:
C2 CompilerThread0   7261 3568   !   4       jdk.internal.loader.URLClassPath$JarLoader::getResource (353 bytes)
C1 CompilerThread0   7261 3592   !   3       java.lang.invoke.BootstrapMethodInvoker::invoke (688 bytes)

VM state:at safepoint (normal execution)

VM Mutex/Monitor currently owned by a thread:  ([mutex/lock_event])
[0x0000027ad2f59870] Threads_lock - owner thread: 0x0000027aedad5800
[0x0000027ad2f57e90] Heap_lock - owner thread: 0x0000027af031f800

Heap address: 0x0000000080000000, size: 2048 MB, Compressed Oops mode: 32-bit
Narrow klass base: 0x0000000000000000, Narrow klass shift: 3
Compressed class space size: 1073741824 Address: 0x0000000100000000

Heap:
 garbage-first heap   total 115712K, used 28265K [0x0000000080000000, 0x0000000100000000)
  region size 1024K, 6 young (6144K), 6 survivors (6144K)
 Metaspace       used 41191K, capacity 42129K, committed 42316K, reserved 1085440K
  class space    used 5330K, capacity 5673K, committed 5708K, reserved 1048576K
Heap Regions: E=young(eden), S=young(survivor), O=old, HS=humongous(starts), HC=humongous(continues), CS=collection set, F=free, A=archive, TAMS=top-at-mark-start (previous, next)
|   0|0x0000000080000000, 0x0000000080100000, 0x0000000080100000|100%| O|  |TAMS 0x0000000080100000, 0x0000000080000000| Untracked 
|   1|0x0000000080100000, 0x0000000080200000, 0x0000000080200000|100%| O|  |TAMS 0x0000000080200000, 0x0000000080100000| Untracked 
|   2|0x0000000080200000, 0x0000000080300000, 0x0000000080300000|100%| O|  |TAMS 0x0000000080300000, 0x0000000080200000| Untracked 
|   3|0x0000000080300000, 0x0000000080400000, 0x0000000080400000|100%|HS|  |TAMS 0x0000000080400000, 0x0000000080300000| Complete 
|   4|0x0000000080400000, 0x0000000080500000, 0x0000000080500000|100%|HC|  |TAMS 0x0000000080500000, 0x0000000080400000| Complete 
|   5|0x0000000080500000, 0x0000000080600000, 0x0000000080600000|100%|HC|  |TAMS 0x0000000080600000, 0x0000000080500000| Complete 
|   6|0x0000000080600000, 0x0000000080700000, 0x0000000080700000|100%| O|  |TAMS 0x0000000080700000, 0x0000000080600000| Untracked 
|   7|0x0000000080700000, 0x0000000080800000, 0x0000000080800000|100%| O|  |TAMS 0x0000000080800000, 0x0000000080700000| Untracked 
|   8|0x0000000080800000, 0x0000000080900000, 0x0000000080900000|100%| O|  |TAMS 0x0000000080900000, 0x0000000080800000| Untracked 
|   9|0x0000000080900000, 0x0000000080a00000, 0x0000000080a00000|100%| O|  |TAMS 0x0000000080a00000, 0x0000000080900000| Untracked 
|  10|0x0000000080a00000, 0x0000000080b00000, 0x0000000080b00000|100%| O|  |TAMS 0x0000000080b00000, 0x0000000080a00000| Untracked 
|  11|0x0000000080b00000, 0x0000000080c00000, 0x0000000080c00000|100%| O|  |TAMS 0x0000000080c00000, 0x0000000080b00000| Untracked 
|  12|0x0000000080c00000, 0x0000000080d00000, 0x0000000080d00000|100%| O|  |TAMS 0x0000000080d00000, 0x0000000080c00000| Untracked 
|  13|0x0000000080d00000, 0x0000000080e00000, 0x0000000080e00000|100%| O|  |TAMS 0x0000000080e00000, 0x0000000080d00000| Untracked 
|  14|0x0000000080e00000, 0x0000000080f00000, 0x0000000080f00000|100%| O|  |TAMS 0x0000000080f00000, 0x0000000080e00000| Untracked 
|  15|0x0000000080f00000, 0x0000000081000000, 0x0000000081000000|100%| O|  |TAMS 0x0000000080ff2c00, 0x0000000080f00000| Untracked 
|  16|0x0000000081000000, 0x0000000081100000, 0x0000000081100000|100%| O|  |TAMS 0x0000000081000000, 0x0000000081000000| Untracked 
|  17|0x0000000081100000, 0x0000000081200000, 0x0000000081200000|100%| O|  |TAMS 0x0000000081100000, 0x0000000081100000| Untracked 
|  18|0x0000000081200000, 0x0000000081254e00, 0x0000000081300000| 33%| O|  |TAMS 0x0000000081200000, 0x0000000081200000| Untracked 
|  19|0x0000000081300000, 0x0000000081400000, 0x0000000081400000|100%| O|  |TAMS 0x0000000081300000, 0x0000000081300000| Untracked 
|  20|0x0000000081400000, 0x0000000081500000, 0x0000000081500000|100%| O|  |TAMS 0x0000000081400000, 0x0000000081400000| Untracked 
|  21|0x0000000081500000, 0x0000000081600000, 0x0000000081600000|100%| O|  |TAMS 0x0000000081500000, 0x0000000081500000| Untracked 
|  22|0x0000000081600000, 0x0000000081700000, 0x0000000081700000|100%| O|  |TAMS 0x0000000081600000, 0x0000000081600000| Untracked 
|  23|0x0000000081700000, 0x0000000081700000, 0x0000000081800000|  0%| F|  |TAMS 0x0000000081700000, 0x0000000081700000| Untracked 
|  24|0x0000000081800000, 0x0000000081800000, 0x0000000081900000|  0%| F|  |TAMS 0x0000000081800000, 0x0000000081800000| Untracked 
|  25|0x0000000081900000, 0x0000000081900000, 0x0000000081a00000|  0%| F|  |TAMS 0x0000000081900000, 0x0000000081900000| Untracked 
|  26|0x0000000081a00000, 0x0000000081a00000, 0x0000000081b00000|  0%| F|  |TAMS 0x0000000081a00000, 0x0000000081a00000| Untracked 
|  27|0x0000000081b00000, 0x0000000081b00000, 0x0000000081c00000|  0%| F|  |TAMS 0x0000000081b00000, 0x0000000081b00000| Untracked 
|  28|0x0000000081c00000, 0x0000000081c00000, 0x0000000081d00000|  0%| F|  |TAMS 0x0000000081c00000, 0x0000000081c00000| Untracked 
|  29|0x0000000081d00000, 0x0000000081d00000, 0x0000000081e00000|  0%| F|  |TAMS 0x0000000081d00000, 0x0000000081d00000| Untracked 
|  30|0x0000000081e00000, 0x0000000081e00000, 0x0000000081f00000|  0%| F|  |TAMS 0x0000000081e00000, 0x0000000081e00000| Untracked 
|  31|0x0000000081f00000, 0x0000000081f00000, 0x0000000082000000|  0%| F|  |TAMS 0x0000000081f00000, 0x0000000081f00000| Untracked 
|  32|0x0000000082000000, 0x0000000082000000, 0x0000000082100000|  0%| F|  |TAMS 0x0000000082000000, 0x0000000082000000| Untracked 
|  33|0x0000000082100000, 0x0000000082100000, 0x0000000082200000|  0%| F|  |TAMS 0x0000000082100000, 0x0000000082100000| Untracked 
|  34|0x0000000082200000, 0x0000000082200000, 0x0000000082300000|  0%| F|  |TAMS 0x0000000082200000, 0x0000000082200000| Untracked 
|  35|0x0000000082300000, 0x0000000082300000, 0x0000000082400000|  0%| F|  |TAMS 0x0000000082300000, 0x0000000082300000| Untracked 
|  36|0x0000000082400000, 0x0000000082400000, 0x0000000082500000|  0%| F|  |TAMS 0x0000000082400000, 0x0000000082400000| Untracked 
|  37|0x0000000082500000, 0x0000000082500000, 0x0000000082600000|  0%| F|  |TAMS 0x0000000082500000, 0x0000000082500000| Untracked 
|  38|0x0000000082600000, 0x0000000082600000, 0x0000000082700000|  0%| F|  |TAMS 0x0000000082600000, 0x0000000082600000| Untracked 
|  39|0x0000000082700000, 0x0000000082700000, 0x0000000082800000|  0%| F|  |TAMS 0x0000000082700000, 0x0000000082700000| Untracked 
|  40|0x0000000082800000, 0x0000000082800000, 0x0000000082900000|  0%| F|  |TAMS 0x0000000082800000, 0x0000000082800000| Untracked 
|  41|0x0000000082900000, 0x0000000082900000, 0x0000000082a00000|  0%| F|  |TAMS 0x0000000082900000, 0x0000000082900000| Untracked 
|  42|0x0000000082a00000, 0x0000000082a00000, 0x0000000082b00000|  0%| F|  |TAMS 0x0000000082a00000, 0x0000000082a00000| Untracked 
|  43|0x0000000082b00000, 0x0000000082b00000, 0x0000000082c00000|  0%| F|  |TAMS 0x0000000082b00000, 0x0000000082b00000| Untracked 
|  44|0x0000000082c00000, 0x0000000082c00000, 0x0000000082d00000|  0%| F|  |TAMS 0x0000000082c00000, 0x0000000082c00000| Untracked 
|  45|0x0000000082d00000, 0x0000000082d00000, 0x0000000082e00000|  0%| F|  |TAMS 0x0000000082d00000, 0x0000000082d00000| Untracked 
|  46|0x0000000082e00000, 0x0000000082e00000, 0x0000000082f00000|  0%| F|  |TAMS 0x0000000082e00000, 0x0000000082e00000| Untracked 
|  47|0x0000000082f00000, 0x0000000082f00000, 0x0000000083000000|  0%| F|  |TAMS 0x0000000082f00000, 0x0000000082f00000| Untracked 
|  48|0x0000000083000000, 0x0000000083000000, 0x0000000083100000|  0%| F|  |TAMS 0x0000000083000000, 0x0000000083000000| Untracked 
|  49|0x0000000083100000, 0x00000000831456e0, 0x0000000083200000| 27%| S|CS|TAMS 0x0000000083100000, 0x0000000083100000| Complete 
|  50|0x0000000083200000, 0x0000000083300000, 0x0000000083300000|100%| S|CS|TAMS 0x0000000083200000, 0x0000000083200000| Complete 
|  51|0x0000000083300000, 0x0000000083400000, 0x0000000083400000|100%| S|CS|TAMS 0x0000000083300000, 0x0000000083300000| Complete 
|  52|0x0000000083400000, 0x0000000083500000, 0x0000000083500000|100%| S|CS|TAMS 0x0000000083400000, 0x0000000083400000| Complete 
|  53|0x0000000083500000, 0x0000000083600000, 0x0000000083600000|100%| S|CS|TAMS 0x0000000083500000, 0x0000000083500000| Complete 
|  54|0x0000000083600000, 0x0000000083700000, 0x0000000083700000|100%| S|CS|TAMS 0x0000000083600000, 0x0000000083600000| Complete 
|  55|0x0000000083700000, 0x0000000083700000, 0x0000000083800000|  0%| F|  |TAMS 0x0000000083700000, 0x0000000083700000| Untracked 
|  56|0x0000000083800000, 0x0000000083800000, 0x0000000083900000|  0%| F|  |TAMS 0x0000000083800000, 0x0000000083800000| Untracked 
|  57|0x0000000083900000, 0x0000000083900000, 0x0000000083a00000|  0%| F|  |TAMS 0x0000000083900000, 0x0000000083900000| Untracked 
|  58|0x0000000083a00000, 0x0000000083a00000, 0x0000000083b00000|  0%| F|  |TAMS 0x0000000083a00000, 0x0000000083a00000| Untracked 
|  59|0x0000000083b00000, 0x0000000083b00000, 0x0000000083c00000|  0%| F|  |TAMS 0x0000000083b00000, 0x0000000083b00000| Untracked 
|  60|0x0000000083c00000, 0x0000000083c00000, 0x0000000083d00000|  0%| F|  |TAMS 0x0000000083c00000, 0x0000000083c00000| Untracked 
|  61|0x0000000083d00000, 0x0000000083d00000, 0x0000000083e00000|  0%| F|  |TAMS 0x0000000083d00000, 0x0000000083d00000| Untracked 
|  62|0x0000000083e00000, 0x0000000083e00000, 0x0000000083f00000|  0%| F|  |TAMS 0x0000000083e00000, 0x0000000083e00000| Untracked 
|  63|0x0000000083f00000, 0x0000000083f00000, 0x0000000084000000|  0%| F|  |TAMS 0x0000000083f00000, 0x0000000083f00000| Untracked 
|  64|0x0000000084000000, 0x0000000084000000, 0x0000000084100000|  0%| F|  |TAMS 0x0000000084000000, 0x0000000084000000| Untracked 
|  65|0x0000000084100000, 0x0000000084100000, 0x0000000084200000|  0%| F|  |TAMS 0x0000000084100000, 0x0000000084100000| Untracked 
|  66|0x0000000084200000, 0x0000000084200000, 0x0000000084300000|  0%| F|  |TAMS 0x0000000084200000, 0x0000000084200000| Untracked 
|  67|0x0000000084300000, 0x0000000084300000, 0x0000000084400000|  0%| F|  |TAMS 0x0000000084300000, 0x0000000084300000| Untracked 
|  68|0x0000000084400000, 0x0000000084400000, 0x0000000084500000|  0%| F|  |TAMS 0x0000000084400000, 0x0000000084400000| Untracked 
|  69|0x0000000084500000, 0x0000000084500000, 0x0000000084600000|  0%| F|  |TAMS 0x0000000084500000, 0x0000000084500000| Untracked 
|  70|0x0000000084600000, 0x0000000084600000, 0x0000000084700000|  0%| F|  |TAMS 0x0000000084600000, 0x0000000084600000| Untracked 
|  71|0x0000000084700000, 0x0000000084700000, 0x0000000084800000|  0%| F|  |TAMS 0x0000000084700000, 0x0000000084700000| Untracked 
|  72|0x0000000084800000, 0x0000000084800000, 0x0000000084900000|  0%| F|  |TAMS 0x0000000084800000, 0x0000000084800000| Untracked 
|  73|0x0000000084900000, 0x0000000084900000, 0x0000000084a00000|  0%| F|  |TAMS 0x0000000084900000, 0x0000000084900000| Untracked 
|  74|0x0000000084a00000, 0x0000000084a00000, 0x0000000084b00000|  0%| F|  |TAMS 0x0000000084a00000, 0x0000000084a00000| Untracked 
|  75|0x0000000084b00000, 0x0000000084b00000, 0x0000000084c00000|  0%| F|  |TAMS 0x0000000084b00000, 0x0000000084b00000| Untracked 
|  76|0x0000000084c00000, 0x0000000084c00000, 0x0000000084d00000|  0%| F|  |TAMS 0x0000000084c00000, 0x0000000084c00000| Untracked 
|  77|0x0000000084d00000, 0x0000000084d00000, 0x0000000084e00000|  0%| F|  |TAMS 0x0000000084d00000, 0x0000000084d00000| Untracked 
|  78|0x0000000084e00000, 0x0000000084e00000, 0x0000000084f00000|  0%| F|  |TAMS 0x0000000084e00000, 0x0000000084e00000| Untracked 
|  79|0x0000000084f00000, 0x0000000084f00000, 0x0000000085000000|  0%| F|  |TAMS 0x0000000084f00000, 0x0000000084f00000| Untracked 
|  80|0x0000000085000000, 0x0000000085000000, 0x0000000085100000|  0%| F|  |TAMS 0x0000000085000000, 0x0000000085000000| Untracked 
|  81|0x0000000085100000, 0x0000000085100000, 0x0000000085200000|  0%| F|  |TAMS 0x0000000085100000, 0x0000000085100000| Untracked 
|  82|0x0000000085200000, 0x0000000085200000, 0x0000000085300000|  0%| F|  |TAMS 0x0000000085200000, 0x0000000085200000| Untracked 
|  83|0x0000000085300000, 0x0000000085300000, 0x0000000085400000|  0%| F|  |TAMS 0x0000000085300000, 0x0000000085300000| Untracked 
|  84|0x0000000085400000, 0x0000000085400000, 0x0000000085500000|  0%| F|  |TAMS 0x0000000085400000, 0x0000000085400000| Untracked 
|  85|0x0000000085500000, 0x0000000085500000, 0x0000000085600000|  0%| F|  |TAMS 0x0000000085500000, 0x0000000085500000| Untracked 
|  86|0x0000000085600000, 0x0000000085600000, 0x0000000085700000|  0%| F|  |TAMS 0x0000000085600000, 0x0000000085600000| Untracked 
|  87|0x0000000085700000, 0x0000000085700000, 0x0000000085800000|  0%| F|  |TAMS 0x0000000085700000, 0x0000000085700000| Untracked 
|  88|0x0000000085800000, 0x0000000085800000, 0x0000000085900000|  0%| F|  |TAMS 0x0000000085800000, 0x0000000085800000| Untracked 
|  89|0x0000000085900000, 0x0000000085900000, 0x0000000085a00000|  0%| F|  |TAMS 0x0000000085900000, 0x0000000085900000| Untracked 
|  90|0x0000000085a00000, 0x0000000085a00000, 0x0000000085b00000|  0%| F|  |TAMS 0x0000000085a00000, 0x0000000085a00000| Untracked 
|  91|0x0000000085b00000, 0x0000000085b00000, 0x0000000085c00000|  0%| F|  |TAMS 0x0000000085b00000, 0x0000000085b00000| Untracked 
|  92|0x0000000085c00000, 0x0000000085c00000, 0x0000000085d00000|  0%| F|  |TAMS 0x0000000085c00000, 0x0000000085c00000| Untracked 
|  93|0x0000000085d00000, 0x0000000085d00000, 0x0000000085e00000|  0%| F|  |TAMS 0x0000000085d00000, 0x0000000085d00000| Untracked 

Card table byte_map: [0x0000027ae68b0000,0x0000027ae6cb0000] _byte_map_base: 0x0000027ae64b0000

Marking Bits (Prev, Next): (CMBitMap*) 0x0000027ad2fa2ce8, (CMBitMap*) 0x0000027ad2fa2d20
 Prev Bits: [0x0000027ae70b0000, 0x0000027ae90b0000)
 Next Bits: [0x0000027ae90b0000, 0x0000027aeb0b0000)

Polling page: 0x0000027ad16a0000

Metaspace:

Usage:
  Non-class:     35.60 MB capacity,    35.02 MB ( 98%) used,   499.00 KB (  1%) free+waste,    95.81 KB ( <1%) overhead. 
      Class:      5.54 MB capacity,     5.21 MB ( 94%) used,   296.34 KB (  5%) free+waste,    46.00 KB ( <1%) overhead. 
       Both:     41.14 MB capacity,    40.23 MB ( 98%) used,   795.34 KB (  2%) free+waste,   141.81 KB ( <1%) overhead. 

Virtual space:
  Non-class space:       36.00 MB reserved,      35.75 MB (>99%) committed 
      Class space:        1.00 GB reserved,       5.57 MB ( <1%) committed 
             Both:        1.04 GB reserved,      41.32 MB (  4%) committed 

Chunk freelists:
   Non-Class:  24.00 KB
       Class:  23.00 KB
        Both:  47.00 KB

MaxMetaspaceSize: 17179869184.00 GB
CompressedClassSpaceSize: 1.00 GB

CodeHeap 'non-profiled nmethods': size=120000Kb used=1522Kb max_used=1522Kb free=118477Kb
 bounds [0x0000027ade520000, 0x0000027ade790000, 0x0000027ae5a50000]
CodeHeap 'profiled nmethods': size=120000Kb used=7502Kb max_used=7502Kb free=112497Kb
 bounds [0x0000027ad6ff0000, 0x0000027ad7750000, 0x0000027ade520000]
CodeHeap 'non-nmethods': size=5760Kb used=2201Kb max_used=2236Kb free=3558Kb
 bounds [0x0000027ad6a50000, 0x0000027ad6cc0000, 0x0000027ad6ff0000]
 total_blobs=4308 nmethods=3545 adapters=674
 compilation: enabled
              stopped_count=0, restarted_count=0
 full_count=0

Compilation events (20 events):
Event: 6.995 Thread 0x0000027aedb03800 nmethod 3581 0x0000027ad7735310 code [0x0000027ad77354c0, 0x0000027ad7735678]
Event: 7.009 Thread 0x0000027aedb03800 3583       1       org.gradle.internal.operations.BuildOperationDescriptor::getParentId (5 bytes)
Event: 7.009 Thread 0x0000027aedb03800 nmethod 3583 0x0000027ade69c890 code [0x0000027ade69ca40, 0x0000027ade69caf8]
Event: 7.027 Thread 0x0000027aedb03800 3584       3       org.objectweb.asm.ClassReader::readUnsignedShort (26 bytes)
Event: 7.027 Thread 0x0000027aedb03800 nmethod 3584 0x0000027ad7735790 code [0x0000027ad7735940, 0x0000027ad7735a98]
Event: 7.030 Thread 0x0000027aedb03800 3585       3       org.objectweb.asm.ClassReader::readUTF8 (23 bytes)
Event: 7.031 Thread 0x0000027aedb03800 nmethod 3585 0x0000027ad7735b90 code [0x0000027ad7735d60, 0x0000027ad7735fe8]
Event: 7.031 Thread 0x0000027aedb03800 3587       3       org.objectweb.asm.ClassReader::readUtf (161 bytes)
Event: 7.032 Thread 0x0000027aedb03800 nmethod 3587 0x0000027ad7736110 code [0x0000027ad7736320, 0x0000027ad77368b8]
Event: 7.032 Thread 0x0000027aedb03800 3586       3       org.objectweb.asm.ClassReader::readUtf (44 bytes)
Event: 7.033 Thread 0x0000027aedb03800 nmethod 3586 0x0000027ad7736c10 code [0x0000027ad7736e00, 0x0000027ad7737248]
Event: 7.033 Thread 0x0000027aedb03800 3588       3       org.objectweb.asm.ByteVector::putShort (52 bytes)
Event: 7.033 Thread 0x0000027aedb03800 nmethod 3588 0x0000027ad7737490 code [0x0000027ad7737660, 0x0000027ad7737868]
Event: 7.052 Thread 0x0000027aedb03800 3589       3       java.lang.ThreadLocal::set (30 bytes)
Event: 7.052 Thread 0x0000027aedb03800 nmethod 3589 0x0000027ad7737990 code [0x0000027ad7737b80, 0x0000027ad7737ec8]
Event: 7.060 Thread 0x0000027aedb03800 3590       3       org.gradle.internal.time.MonotonicClock::getCurrentTime (70 bytes)
Event: 7.061 Thread 0x0000027aedb03800 nmethod 3590 0x0000027ad7738010 code [0x0000027ad7738260, 0x0000027ad7738ad8]
Event: 7.061 Thread 0x0000027aedb03800 3591       3       org.gradle.internal.time.MonotonicClock::syncIsDue (28 bytes)
Event: 7.062 Thread 0x0000027aedb03800 nmethod 3591 0x0000027ad7738f10 code [0x0000027ad77390c0, 0x0000027ad77392f8]
Event: 7.062 Thread 0x0000027aedb03800 3592   !   3       java.lang.invoke.BootstrapMethodInvoker::invoke (688 bytes)

GC Heap History (17 events):
Event: 0.642 GC heap before
{Heap before GC invocations=0 (full 0):
 garbage-first heap   total 96256K, used 29696K [0x0000000080000000, 0x0000000100000000)
  region size 1024K, 24 young (24576K), 0 survivors (0K)
 Metaspace       used 10183K, capacity 10363K, committed 10624K, reserved 1058816K
  class space    used 1065K, capacity 1141K, committed 1152K, reserved 1048576K
}
Event: 0.649 GC heap after
{Heap after GC invocations=1 (full 0):
 garbage-first heap   total 96256K, used 9990K [0x0000000080000000, 0x0000000100000000)
  region size 1024K, 3 young (3072K), 3 survivors (3072K)
 Metaspace       used 10183K, capacity 10363K, committed 10624K, reserved 1058816K
  class space    used 1065K, capacity 1141K, committed 1152K, reserved 1048576K
}
Event: 1.322 GC heap before
{Heap before GC invocations=1 (full 0):
 garbage-first heap   total 96256K, used 64262K [0x0000000080000000, 0x0000000100000000)
  region size 1024K, 56 young (57344K), 3 survivors (3072K)
 Metaspace       used 13701K, capacity 14007K, committed 14208K, reserved 1062912K
  class space    used 1527K, capacity 1654K, committed 1664K, reserved 1048576K
}
Event: 1.328 GC heap after
{Heap after GC invocations=2 (full 0):
 garbage-first heap   total 96256K, used 15527K [0x0000000080000000, 0x0000000100000000)
  region size 1024K, 7 young (7168K), 7 survivors (7168K)
 Metaspace       used 13701K, capacity 14007K, committed 14208K, reserved 1062912K
  class space    used 1527K, capacity 1654K, committed 1664K, reserved 1048576K
}
Event: 2.778 GC heap before
{Heap before GC invocations=2 (full 0):
 garbage-first heap   total 96256K, used 50343K [0x0000000080000000, 0x0000000100000000)
  region size 1024K, 41 young (41984K), 7 survivors (7168K)
 Metaspace       used 19466K, capacity 19959K, committed 20224K, reserved 1067008K
  class space    used 2379K, capacity 2542K, committed 2560K, reserved 1048576K
}
Event: 2.782 GC heap after
{Heap after GC invocations=3 (full 0):
 garbage-first heap   total 96256K, used 16540K [0x0000000080000000, 0x0000000100000000)
  region size 1024K, 2 young (2048K), 2 survivors (2048K)
 Metaspace       used 19466K, capacity 19959K, committed 20224K, reserved 1067008K
  class space    used 2379K, capacity 2542K, committed 2560K, reserved 1048576K
}
Event: 2.947 GC heap before
{Heap before GC invocations=3 (full 0):
 garbage-first heap   total 96256K, used 21660K [0x0000000080000000, 0x0000000100000000)
  region size 1024K, 9 young (9216K), 2 survivors (2048K)
 Metaspace       used 20590K, capacity 21092K, committed 21248K, reserved 1067008K
  class space    used 2511K, capacity 2690K, committed 2816K, reserved 1048576K
}
Event: 2.950 GC heap after
{Heap after GC invocations=4 (full 0):
 garbage-first heap   total 96256K, used 16801K [0x0000000080000000, 0x0000000100000000)
  region size 1024K, 2 young (2048K), 2 survivors (2048K)
 Metaspace       used 20590K, capacity 21092K, committed 21248K, reserved 1067008K
  class space    used 2511K, capacity 2690K, committed 2816K, reserved 1048576K
}
Event: 3.471 GC heap before
{Heap before GC invocations=5 (full 0):
 garbage-first heap   total 96256K, used 53665K [0x0000000080000000, 0x0000000100000000)
  region size 1024K, 38 young (38912K), 2 survivors (2048K)
 Metaspace       used 24234K, capacity 24826K, committed 25088K, reserved 1071104K
  class space    used 3115K, capacity 3321K, committed 3328K, reserved 1048576K
}
Event: 3.473 GC heap after
{Heap after GC invocations=6 (full 0):
 garbage-first heap   total 96256K, used 17777K [0x0000000080000000, 0x0000000100000000)
  region size 1024K, 3 young (3072K), 3 survivors (3072K)
 Metaspace       used 24234K, capacity 24826K, committed 25088K, reserved 1071104K
  class space    used 3115K, capacity 3321K, committed 3328K, reserved 1048576K
}
Event: 4.250 GC heap before
{Heap before GC invocations=6 (full 0):
 garbage-first heap   total 96256K, used 56689K [0x0000000080000000, 0x0000000100000000)
  region size 1024K, 41 young (41984K), 3 survivors (3072K)
 Metaspace       used 27932K, capacity 28568K, committed 28800K, reserved 1075200K
  class space    used 3701K, capacity 3932K, committed 3968K, reserved 1048576K
}
Event: 4.255 GC heap after
{Heap after GC invocations=7 (full 0):
 garbage-first heap   total 96256K, used 19343K [0x0000000080000000, 0x0000000100000000)
  region size 1024K, 5 young (5120K), 5 survivors (5120K)
 Metaspace       used 27932K, capacity 28568K, committed 28800K, reserved 1075200K
  class space    used 3701K, capacity 3932K, committed 3968K, reserved 1048576K
}
Event: 5.496 GC heap before
{Heap before GC invocations=7 (full 0):
 garbage-first heap   total 96256K, used 54159K [0x0000000080000000, 0x0000000100000000)
  region size 1024K, 40 young (40960K), 5 survivors (5120K)
 Metaspace       used 35057K, capacity 35830K, committed 35840K, reserved 1081344K
  class space    used 4543K, capacity 4864K, committed 4864K, reserved 1048576K
}
Event: 5.509 GC heap after
{Heap after GC invocations=8 (full 0):
 garbage-first heap   total 96256K, used 22235K [0x0000000080000000, 0x0000000100000000)
  region size 1024K, 6 young (6144K), 6 survivors (6144K)
 Metaspace       used 35057K, capacity 35830K, committed 35840K, reserved 1081344K
  class space    used 4543K, capacity 4864K, committed 4864K, reserved 1048576K
}
Event: 6.250 GC heap before
{Heap before GC invocations=9 (full 0):
 garbage-first heap   total 96256K, used 65243K [0x0000000080000000, 0x0000000100000000)
  region size 1024K, 46 young (47104K), 6 survivors (6144K)
 Metaspace       used 38289K, capacity 39255K, committed 39372K, reserved 1083392K
  class space    used 4893K, capacity 5211K, committed 5324K, reserved 1048576K
}
Event: 6.260 GC heap after
{Heap after GC invocations=10 (full 0):
 garbage-first heap   total 96256K, used 26067K [0x0000000080000000, 0x0000000100000000)
  region size 1024K, 6 young (6144K), 6 survivors (6144K)
 Metaspace       used 38289K, capacity 39255K, committed 39372K, reserved 1083392K
  class space    used 4893K, capacity 5211K, committed 5324K, reserved 1048576K
}
Event: 7.073 GC heap before
{Heap before GC invocations=10 (full 0):
 garbage-first heap   total 96256K, used 66003K [0x0000000080000000, 0x0000000100000000)
  region size 1024K, 45 young (46080K), 6 survivors (6144K)
 Metaspace       used 41191K, capacity 42129K, committed 42316K, reserved 1085440K
  class space    used 5330K, capacity 5673K, committed 5708K, reserved 1048576K
}

Deoptimization events (20 events):
Event: 6.766 Thread 0x0000027af031f800 DEOPT PACKING pc=0x0000027ad764acaf sp=0x00000091636f9920
Event: 6.766 Thread 0x0000027af031f800 DEOPT UNPACKING pc=0x0000027ad6a776ce sp=0x00000091636f8da8 mode 0
Event: 6.789 Thread 0x0000027aef60d800 DEOPT PACKING pc=0x0000027ad74b38c8 sp=0x00000091639fd140
Event: 6.789 Thread 0x0000027aef60d800 DEOPT UNPACKING pc=0x0000027ad6a776ce sp=0x00000091639fc6a8 mode 0
Event: 6.980 Thread 0x0000027af031f800 Uncommon trap: trap_request=0xffffff4d fr.pc=0x0000027ade608390 relative=0x0000000000000250
Event: 6.980 Thread 0x0000027af031f800 Uncommon trap: reason=unstable_if action=reinterpret pc=0x0000027ade608390 method=java.util.HashMap.hash(Ljava/lang/Object;)I @ 1 c2
Event: 6.980 Thread 0x0000027af031f800 DEOPT PACKING pc=0x0000027ade608390 sp=0x00000091636f9000
Event: 6.981 Thread 0x0000027af031f800 DEOPT UNPACKING pc=0x0000027ad6a778af sp=0x00000091636f8f38 mode 2
Event: 6.981 Thread 0x0000027af031f800 Uncommon trap: trap_request=0xffffff4d fr.pc=0x0000027ade608984 relative=0x00000000000001c4
Event: 6.981 Thread 0x0000027af031f800 Uncommon trap: reason=unstable_if action=reinterpret pc=0x0000027ade608984 method=java.util.HashMap.getNode(ILjava/lang/Object;)Ljava/util/HashMap$Node; @ 53 c2
Event: 6.981 Thread 0x0000027af031f800 DEOPT PACKING pc=0x0000027ade608984 sp=0x00000091636f8f80
Event: 6.981 Thread 0x0000027af031f800 DEOPT UNPACKING pc=0x0000027ad6a778af sp=0x00000091636f8f08 mode 2
Event: 6.981 Thread 0x0000027af031f800 Uncommon trap: trap_request=0xffffff4d fr.pc=0x0000027ade66e7a8 relative=0x0000000000000728
Event: 6.981 Thread 0x0000027af031f800 Uncommon trap: reason=unstable_if action=reinterpret pc=0x0000027ade66e7a8 method=java.util.HashMap.putVal(ILjava/lang/Object;Ljava/lang/Object;ZZ)Ljava/lang/Object; @ 85 c2
Event: 6.981 Thread 0x0000027af031f800 DEOPT PACKING pc=0x0000027ade66e7a8 sp=0x00000091636f8fb0
Event: 6.981 Thread 0x0000027af031f800 DEOPT UNPACKING pc=0x0000027ad6a778af sp=0x00000091636f8ee0 mode 2
Event: 7.032 Thread 0x0000027af031f800 Uncommon trap: trap_request=0xffffff4d fr.pc=0x0000027ade63b808 relative=0x00000000000000e8
Event: 7.032 Thread 0x0000027af031f800 Uncommon trap: reason=unstable_if action=reinterpret pc=0x0000027ade63b808 method=org.objectweb.asm.ByteVector.putShort(I)Lorg/objectweb/asm/ByteVector; @ 13 c2
Event: 7.032 Thread 0x0000027af031f800 DEOPT PACKING pc=0x0000027ade63b808 sp=0x00000091636f9470
Event: 7.032 Thread 0x0000027af031f800 DEOPT UNPACKING pc=0x0000027ad6a778af sp=0x00000091636f9408 mode 2

Classes redefined (0 events):
No events

Internal exceptions (20 events):
Event: 6.375 Thread 0x0000027af031f800 Exception <a 'java/lang/ClassNotFoundException'{0x00000000854a62b8}: org/gradle/api/internal/DefaultNamedDomainObjectListBeanInfo> (0x00000000854a62b8) thrown at [./src/hotspot/share/classfile/systemDictionary.cpp, line 231]
Event: 6.376 Thread 0x0000027af031f800 Exception <a 'java/lang/ClassNotFoundException'{0x00000000854d4e48}: org/gradle/api/internal/DefaultNamedDomainObjectCollectionBeanInfo> (0x00000000854d4e48) thrown at [./src/hotspot/share/classfile/systemDictionary.cpp, line 231]
Event: 6.377 Thread 0x0000027af031f800 Exception <a 'java/lang/ClassNotFoundException'{0x00000000853034f0}: org/gradle/api/internal/DefaultDomainObjectCollectionBeanInfo> (0x00000000853034f0) thrown at [./src/hotspot/share/classfile/systemDictionary.cpp, line 231]
Event: 6.377 Thread 0x0000027af031f800 Exception <a 'java/lang/ClassNotFoundException'{0x0000000085309728}: java/util/AbstractCollectionBeanInfo> (0x0000000085309728) thrown at [./src/hotspot/share/classfile/systemDictionary.cpp, line 231]
Event: 6.377 Thread 0x0000027af031f800 Exception <a 'java/lang/ClassNotFoundException'{0x000000008530fea8}: java/util/AbstractCollectionCustomizer> (0x000000008530fea8) thrown at [./src/hotspot/share/classfile/systemDictionary.cpp, line 231]
Event: 6.379 Thread 0x0000027af031f800 Exception <a 'java/lang/ClassNotFoundException'{0x0000000085346cc8}: org/gradle/api/internal/DefaultDomainObjectCollectionCustomizer> (0x0000000085346cc8) thrown at [./src/hotspot/share/classfile/systemDictionary.cpp, line 231]
Event: 6.383 Thread 0x0000027af031f800 Exception <a 'java/lang/ClassNotFoundException'{0x0000000085392a08}: org/gradle/api/internal/DefaultNamedDomainObjectCollectionCustomizer> (0x0000000085392a08) thrown at [./src/hotspot/share/classfile/systemDictionary.cpp, line 231]
Event: 6.394 Thread 0x0000027af031f800 Exception <a 'java/lang/ClassNotFoundException'{0x000000008520df00}: org/gradle/api/internal/DefaultNamedDomainObjectListCustomizer> (0x000000008520df00) thrown at [./src/hotspot/share/classfile/systemDictionary.cpp, line 231]
Event: 6.398 Thread 0x0000027af031f800 Exception <a 'java/lang/ClassNotFoundException'{0x0000000085267dc8}: org/gradle/api/internal/artifacts/DefaultArtifactRepositoryContainerCustomizer> (0x0000000085267dc8) thrown at [./src/hotspot/share/classfile/systemDictionary.cpp, line 231]
Event: 6.401 Thread 0x0000027af031f800 Exception <a 'java/lang/ClassNotFoundException'{0x00000000852b7348}: org/gradle/api/internal/artifacts/dsl/DefaultRepositoryHandlerCustomizer> (0x00000000852b7348) thrown at [./src/hotspot/share/classfile/systemDictionary.cpp, line 231]
Event: 6.405 Thread 0x0000027af031f800 Exception <a 'java/lang/ClassNotFoundException'{0x0000000085119d60}: org/gradle/api/internal/artifacts/dsl/DefaultRepositoryHandler_DecoratedCustomizer> (0x0000000085119d60) thrown at [./src/hotspot/share/classfile/systemDictionary.cpp, line 231]
Event: 6.481 Thread 0x0000027af031f800 Exception <a 'java/lang/ClassNotFoundException'{0x0000000084c231c8}: org/gradle/initialization/DefaultProjectDescriptorBeanInfo> (0x0000000084c231c8) thrown at [./src/hotspot/share/classfile/systemDictionary.cpp, line 231]
Event: 6.481 Thread 0x0000027af031f800 Exception <a 'java/lang/ClassNotFoundException'{0x0000000084c4b318}: org/gradle/initialization/DefaultProjectDescriptorCustomizer> (0x0000000084c4b318) thrown at [./src/hotspot/share/classfile/systemDictionary.cpp, line 231]
Event: 6.485 Thread 0x0000027af031f800 Implicit null exception at 0x0000027ade656aec to 0x0000027ade656b94
Event: 6.788 Thread 0x0000027aef60d800 Exception <a 'java/lang/NoSuchMethodError'{0x0000000084104c58}: <clinit>> (0x0000000084104c58) thrown at [./src/hotspot/share/prims/jni.cpp, line 1362]
Event: 6.789 Thread 0x0000027aef60d800 Exception <a 'java/lang/NoSuchMethodError'{0x0000000084106248}: <clinit>> (0x0000000084106248) thrown at [./src/hotspot/share/prims/jni.cpp, line 1362]
Event: 6.791 Thread 0x0000027aef60d800 Exception <a 'java/lang/NoSuchMethodError'{0x0000000084115210}: <clinit>> (0x0000000084115210) thrown at [./src/hotspot/share/prims/jni.cpp, line 1362]
Event: 6.792 Thread 0x0000027aef60d800 Exception <a 'java/lang/NoSuchMethodError'{0x0000000084117060}: <clinit>> (0x0000000084117060) thrown at [./src/hotspot/share/prims/jni.cpp, line 1362]
Event: 6.795 Thread 0x0000027aef60d800 Exception <a 'java/lang/NoSuchMethodError'{0x0000000084126698}: <clinit>> (0x0000000084126698) thrown at [./src/hotspot/share/prims/jni.cpp, line 1362]
Event: 6.980 Thread 0x0000027af031f800 Implicit null exception at 0x0000027ade608174 to 0x0000027ade608384

Events (20 events):
Event: 7.065 loading class org/gradle/tooling/internal/protocol/events/InternalPluginIdentifier done
Event: 7.065 loading class org/gradle/tooling/internal/protocol/events/InternalPluginIdentifier
Event: 7.065 loading class org/gradle/tooling/internal/protocol/events/InternalPluginIdentifier done
Event: 7.065 loading class org/gradle/tooling/internal/protocol/events/InternalProjectConfigurationResult$InternalPluginApplicationResult
Event: 7.066 loading class org/gradle/tooling/internal/protocol/events/InternalProjectConfigurationResult$InternalPluginApplicationResult done
Event: 7.067 loading class org/gradle/jvm/toolchain/internal/task/ShowToolchainsTask
Event: 7.067 loading class org/gradle/jvm/toolchain/internal/task/ShowToolchainsTask done
Event: 7.068 loading class org/gradle/jvm/toolchain/internal/task/ShowToolchainsTask
Event: 7.068 loading class org/gradle/jvm/toolchain/internal/task/ShowToolchainsTask done
Event: 7.068 loading class org/gradle/jvm/toolchain/internal/task/ShowToolchainsTask
Event: 7.068 loading class org/gradle/jvm/toolchain/internal/task/ShowToolchainsTask done
Event: 7.068 loading class org/gradle/api/Action
Event: 7.068 loading class org/gradle/api/Action done
Event: 7.069 loading class org/gradle/api/internal/project/DefaultProjectTaskLister
Event: 7.069 loading class org/gradle/api/internal/project/DefaultProjectTaskLister done
Event: 7.070 loading class org/gradle/api/internal/artifacts/ivyservice/projectmodule/DefaultProjectPublicationRegistry
Event: 7.070 loading class org/gradle/api/internal/artifacts/ivyservice/projectmodule/DefaultProjectPublicationRegistry done
Event: 7.072 loading class org/gradle/plugins/ide/internal/tooling/ToolingModelServices$BuildScopeToolingServices$1
Event: 7.072 loading class org/gradle/plugins/ide/internal/tooling/ToolingModelServices$BuildScopeToolingServices$1 done
Event: 7.073 Executing VM operation: G1CollectForAllocation


Dynamic libraries:
0x00007ff604990000 - 0x00007ff60499a000 	D:\Android Studio\jre\bin\java.exe
0x00007fff35630000 - 0x00007fff35825000 	C:\WINDOWS\SYSTEM32\ntdll.dll
0x00007fff33680000 - 0x00007fff3373e000 	C:\WINDOWS\System32\KERNEL32.DLL
0x00007fff33030000 - 0x00007fff332f9000 	C:\WINDOWS\System32\KERNELBASE.dll
0x00007fff33470000 - 0x00007fff33570000 	C:\WINDOWS\System32\ucrtbase.dll
0x00007fff29510000 - 0x00007fff29529000 	D:\Android Studio\jre\bin\jli.dll
0x00007fff294f0000 - 0x00007fff29507000 	D:\Android Studio\jre\bin\VCRUNTIME140.dll
0x00007fff34060000 - 0x00007fff34201000 	C:\WINDOWS\System32\USER32.dll
0x00007fff33000000 - 0x00007fff33022000 	C:\WINDOWS\System32\win32u.dll
0x00007fff1b5c0000 - 0x00007fff1b85a000 	C:\WINDOWS\WinSxS\amd64_microsoft.windows.common-controls_6595b64144ccf1df_6.0.19041.1110_none_60b5254171f9507e\COMCTL32.dll
0x00007fff34490000 - 0x00007fff344bb000 	C:\WINDOWS\System32\GDI32.dll
0x00007fff34780000 - 0x00007fff3481e000 	C:\WINDOWS\System32\msvcrt.dll
0x00007fff33570000 - 0x00007fff3367b000 	C:\WINDOWS\System32\gdi32full.dll
0x00007fff32eb0000 - 0x00007fff32f4d000 	C:\WINDOWS\System32\msvcp_win.dll
0x00007fff34e20000 - 0x00007fff34e50000 	C:\WINDOWS\System32\IMM32.DLL
0x00007fff1c500000 - 0x00007fff1c59d000 	D:\Android Studio\jre\bin\msvcp140.dll
0x00007ffec26d0000 - 0x00007ffec319f000 	D:\Android Studio\jre\bin\server\jvm.dll
0x00007fff33fb0000 - 0x00007fff3405c000 	C:\WINDOWS\System32\ADVAPI32.dll
0x00007fff344c0000 - 0x00007fff3455b000 	C:\WINDOWS\System32\sechost.dll
0x00007fff34560000 - 0x00007fff3468a000 	C:\WINDOWS\System32\RPCRT4.dll
0x00007fff34770000 - 0x00007fff34778000 	C:\WINDOWS\System32\PSAPI.DLL
0x00007fff1ba10000 - 0x00007fff1ba37000 	C:\WINDOWS\SYSTEM32\WINMM.dll
0x00007fff29560000 - 0x00007fff29569000 	C:\WINDOWS\SYSTEM32\WSOCK32.dll
0x00007fff338f0000 - 0x00007fff3395b000 	C:\WINDOWS\System32\WS2_32.dll
0x00007fff28270000 - 0x00007fff2827a000 	C:\WINDOWS\SYSTEM32\VERSION.dll
0x00007fff315d0000 - 0x00007fff315e2000 	C:\WINDOWS\SYSTEM32\kernel.appcore.dll
0x00007fff29540000 - 0x00007fff29551000 	D:\Android Studio\jre\bin\verify.dll
0x00007fff30b50000 - 0x00007fff30d34000 	C:\WINDOWS\SYSTEM32\DBGHELP.DLL
0x00007fff17c30000 - 0x00007fff17c5c000 	C:\WINDOWS\SYSTEM32\dbgcore.DLL
0x00007fff333e0000 - 0x00007fff33463000 	C:\WINDOWS\System32\bcryptPrimitives.dll
0x00007fff1fe90000 - 0x00007fff1feb9000 	D:\Android Studio\jre\bin\java.dll
0x00007fff29530000 - 0x00007fff2953b000 	D:\Android Studio\jre\bin\jimage.dll
0x00007fff28e20000 - 0x00007fff28e38000 	D:\Android Studio\jre\bin\zip.dll
0x00007fff34eb0000 - 0x00007fff355ef000 	C:\WINDOWS\System32\SHELL32.dll
0x00007fff30e30000 - 0x00007fff315c0000 	C:\WINDOWS\SYSTEM32\windows.storage.dll
0x00007fff33a90000 - 0x00007fff33de5000 	C:\WINDOWS\System32\combase.dll
0x00007fff32730000 - 0x00007fff3275c000 	C:\WINDOWS\SYSTEM32\Wldp.dll
0x00007fff34ca0000 - 0x00007fff34d4e000 	C:\WINDOWS\System32\SHCORE.dll
0x00007fff34210000 - 0x00007fff34265000 	C:\WINDOWS\System32\shlwapi.dll
0x00007fff32c90000 - 0x00007fff32caf000 	C:\WINDOWS\SYSTEM32\profapi.dll
0x00007fff28b80000 - 0x00007fff28b9a000 	D:\Android Studio\jre\bin\net.dll
0x00007fff271b0000 - 0x00007fff272b8000 	C:\WINDOWS\SYSTEM32\WINHTTP.dll
0x00007fff32430000 - 0x00007fff3249a000 	C:\WINDOWS\system32\mswsock.dll
0x00007fff1f700000 - 0x00007fff1f714000 	D:\Android Studio\jre\bin\nio.dll
0x00007fff29570000 - 0x00007fff29597000 	C:\Users\JOY\.gradle\native\8bec1ad78214c89d9ad589b4d07fe93259594b29d510b10fafb7a158f7737e5d\windows-amd64\native-platform.dll
0x00007fff1f960000 - 0x00007fff1fa9d000 	C:\Users\JOY\.gradle\native\53dbd7edfb1c66fb8903c78663c9afc45aea4f116125fa6feffd364cf09443e8\windows-amd64\native-platform-file-events.dll
0x00007fff28f20000 - 0x00007fff28f2a000 	D:\Android Studio\jre\bin\management.dll
0x00007fff279a0000 - 0x00007fff279ac000 	D:\Android Studio\jre\bin\management_ext.dll
0x00007fff32680000 - 0x00007fff32698000 	C:\WINDOWS\SYSTEM32\CRYPTSP.dll
0x00007fff31db0000 - 0x00007fff31de4000 	C:\WINDOWS\system32\rsaenh.dll
0x00007fff333b0000 - 0x00007fff333d7000 	C:\WINDOWS\System32\bcrypt.dll
0x00007fff32c10000 - 0x00007fff32c3e000 	C:\WINDOWS\SYSTEM32\USERENV.dll
0x00007fff326a0000 - 0x00007fff326ac000 	C:\WINDOWS\SYSTEM32\CRYPTBASE.dll
0x00007fff32120000 - 0x00007fff3215b000 	C:\WINDOWS\SYSTEM32\IPHLPAPI.DLL
0x00007fff33fa0000 - 0x00007fff33fa8000 	C:\WINDOWS\System32\NSI.dll
0x00007fff26940000 - 0x00007fff26957000 	C:\WINDOWS\SYSTEM32\dhcpcsvc6.DLL
0x00007fff26900000 - 0x00007fff2691d000 	C:\WINDOWS\SYSTEM32\dhcpcsvc.DLL
0x00007fff32160000 - 0x00007fff3222c000 	C:\WINDOWS\SYSTEM32\DNSAPI.dll

dbghelp: loaded successfully - version: 4.0.5 - missing functions: none
symbol engine: initialized successfully - sym options: 0x614 - pdb path: .;D:\Android Studio\jre\bin;C:\WINDOWS\SYSTEM32;C:\WINDOWS\WinSxS\amd64_microsoft.windows.common-controls_6595b64144ccf1df_6.0.19041.1110_none_60b5254171f9507e;D:\Android Studio\jre\bin\server;C:\Users\JOY\.gradle\native\8bec1ad78214c89d9ad589b4d07fe93259594b29d510b10fafb7a158f7737e5d\windows-amd64;C:\Users\JOY\.gradle\native\53dbd7edfb1c66fb8903c78663c9afc45aea4f116125fa6feffd364cf09443e8\windows-amd64

VM Arguments:
jvm_args: --add-opens=java.base/java.util=ALL-UNNAMED --add-opens=java.base/java.lang=ALL-UNNAMED --add-opens=java.base/java.lang.invoke=ALL-UNNAMED --add-opens=java.base/java.util=ALL-UNNAMED --add-opens=java.prefs/java.util.prefs=ALL-UNNAMED --add-opens=java.prefs/java.util.prefs=ALL-UNNAMED --add-opens=java.base/java.nio.charset=ALL-UNNAMED --add-opens=java.base/java.net=ALL-UNNAMED --add-opens=java.base/java.util.concurrent.atomic=ALL-UNNAMED -Xmx2048m -Dfile.encoding=UTF-8 -Duser.country=IN -Duser.language=en -Duser.variant 
java_command: org.gradle.launcher.daemon.bootstrap.GradleDaemon 7.0.2
java_class_path (initial): C:\Users\JOY\.gradle\wrapper\dists\gradle-7.0.2-bin\857tjihv64xamwrf0h14cai3r\gradle-7.0.2\lib\gradle-launcher-7.0.2.jar
Launcher Type: SUN_STANDARD

[Global flags]
     intx CICompilerCount                          = 4                                         {product} {ergonomic}
     uint ConcGCThreads                            = 2                                         {product} {ergonomic}
     uint G1ConcRefinementThreads                  = 8                                         {product} {ergonomic}
   size_t G1HeapRegionSize                         = 1048576                                   {product} {ergonomic}
    uintx GCDrainStackTargetSize                   = 64                                        {product} {ergonomic}
   size_t InitialHeapSize                          = 98566144                                  {product} {ergonomic}
   size_t MarkStackSize                            = 4194304                                   {product} {ergonomic}
   size_t MaxHeapSize                              = 2147483648                                {product} {command line}
   size_t MaxNewSize                               = 1287651328                                {product} {ergonomic}
   size_t MinHeapDeltaBytes                        = 1048576                                   {product} {ergonomic}
    uintx NonNMethodCodeHeapSize                   = 5836300                                {pd product} {ergonomic}
    uintx NonProfiledCodeHeapSize                  = 122910970                              {pd product} {ergonomic}
    uintx ProfiledCodeHeapSize                     = 122910970                              {pd product} {ergonomic}
    uintx ReservedCodeCacheSize                    = 251658240                              {pd product} {ergonomic}
     bool SegmentedCodeCache                       = true                                      {product} {ergonomic}
     bool UseCompressedClassPointers               = true                                 {lp64_product} {ergonomic}
     bool UseCompressedOops                        = true                                 {lp64_product} {ergonomic}
     bool UseG1GC                                  = true                                      {product} {ergonomic}
     bool UseLargePagesIndividualAllocation        = false                                  {pd product} {ergonomic}

Logging:
Log output configuration:
 #0: stdout all=warning uptime,level,tags
 #1: stderr all=off uptime,level,tags

Environment Variables:
PATH=C:\Program Files (x86)\VMware\VMware Player\bin\;C:\Program Files (x86)\Common Files\Oracle\Java\javapath;C:\Windows\system32;C:\Windows;C:\Windows\System32\Wbem;C:\Windows\System32\WindowsPowerShell\v1.0\;C:\Windows\System32\OpenSSH\;C:\Program Files (x86)\NVIDIA Corporation\PhysX\Common;C:\Program Files\NVIDIA Corporation\NVIDIA NvDLISR;C:\WINDOWS\system32;C:\WINDOWS;C:\WINDOWS\System32\Wbem;C:\WINDOWS\System32\WindowsPowerShell\v1.0\;C:\WINDOWS\System32\OpenSSH\;C:\Program Files (x86)\Calibre2\;C:\Program Files (x86)\GtkSharp\2.12\bin;C:\Program Files\Java\jdk1.8.0_261\bin;C:\Program Files\Microsoft SQL Server\Client SDK\ODBC\170\Tools\Binn\;C:\Program Files (x86)\Microsoft SQL Server\150\Tools\Binn\;C:\Program Files\Microsoft SQL Server\150\Tools\Binn\;C:\Program Files\Microsoft SQL Server\150\DTS\Binn\;C:\Program Files (x86)\Microsoft SQL Server\150\DTS\Binn\;C:\Program Files\Azure Data Studio\bin;C:\Program Files\Git\cmd;D:\Python3\Scripts\;D:\Python3\;D:\Python 3.8.5\Scripts\;D:\Python 3.8.5\;D:\Python 3.8.1\Scripts\;D:\Python 3.8.1\;D:\Scripts\;D:\;C:\Users\JOY\AppData\Local\Microsoft\WindowsApps;D:\IntelliJ IDEA Community Edition 2020.2\bin;;D:\PyCharm Community Edition 2020.2.1\bin;;C:\Program Files\Azure Data Studio\bin
USERNAME=JOY
OS=Windows_NT
PROCESSOR_IDENTIFIER=Intel64 Family 6 Model 142 Stepping 11, GenuineIntel



---------------  S Y S T E M  ---------------

OS: Windows 10 , 64 bit Build 19041 (10.0.19041.1202)
OS uptime: 1 days 2:55 hours

CPU:total 8 (initial active 8) (4 cores per cpu, 2 threads per core) family 6 model 142 stepping 11 microcode 0xea, cmov, cx8, fxsr, mmx, sse, sse2, sse3, ssse3, sse4.1, sse4.2, popcnt, avx, avx2, aes, clmul, erms, 3dnowpref, lzcnt, ht, tsc, tscinvbit, bmi1, bmi2, adx, fma

Memory: 4k page, system-wide physical 5949M (213M free)
TotalPageFile size 24381M (AvailPageFile size 39M)
current process WorkingSet (physical memory assigned to process): 212M, peak: 218M
current process commit charge ("private bytes"): 266M, peak: 285M

vm_info: OpenJDK 64-Bit Server VM (11.0.10+0-b96-7249189) for windows-amd64 JRE (11.0.10+0-b96-7249189), built on Mar 31 2021 21:44:00 by "builder" with MS VC++ 14.0 (VS2015)

END.
